[I 05:45:13.169 NotebookApp] Writing notebook server cookie secret to /home/jovyan/.local/share/jupyter/runtime/notebook_cookie_secret
[W 2021-06-24 05:45:14.029 LabApp] 'ip' has moved from NotebookApp to ServerApp. This config will be passed to ServerApp. Be sure to update your config before our next release.
[W 2021-06-24 05:45:14.029 LabApp] 'port' has moved from NotebookApp to ServerApp. This config will be passed to ServerApp. Be sure to update your config before our next release.
[W 2021-06-24 05:45:14.029 LabApp] 'base_url' has moved from NotebookApp to ServerApp. This config will be passed to ServerApp. Be sure to update your config before our next release.
[W 2021-06-24 05:45:14.029 LabApp] 'token' has moved from NotebookApp to ServerApp. This config will be passed to ServerApp. Be sure to update your config before our next release.
[W 2021-06-24 05:45:14.030 LabApp] 'trust_xheaders' has moved from NotebookApp to ServerApp. This config will be passed to ServerApp. Be sure to update your config before our next release.
[W 2021-06-24 05:45:14.030 LabApp] 'allow_origin' has moved from NotebookApp to ServerApp. This config will be passed to ServerApp. Be sure to update your config before our next release.
[W 2021-06-24 05:45:14.030 LabApp] 'allow_origin_pat' has moved from NotebookApp to ServerApp. This config will be passed to ServerApp. Be sure to update your config before our next release.
[W 2021-06-24 05:45:14.030 LabApp] 'extra_template_paths' was found in both NotebookApp and ServerApp. This is likely a recent change. This config will only be set in NotebookApp. Please check if you should also config these traits in ServerApp for your purpose.
[W 2021-06-24 05:45:14.030 LabApp] 'jinja_template_vars' was found in both NotebookApp and ServerApp. This is likely a recent change. This config will only be set in NotebookApp. Please check if you should also config these traits in ServerApp for your purpose.
[W 2021-06-24 05:45:14.031 LabApp] 'shutdown_no_activity_timeout' has moved from NotebookApp to ServerApp. This config will be passed to ServerApp. Be sure to update your config before our next release.
[W 2021-06-24 05:45:14.031 LabApp] 'tornado_settings' has moved from NotebookApp to ServerApp. This config will be passed to ServerApp. Be sure to update your config before our next release.
[W 2021-06-24 05:45:14.031 LabApp] 'tornado_settings' has moved from NotebookApp to ServerApp. This config will be passed to ServerApp. Be sure to update your config before our next release.
[I 2021-06-24 05:45:14.041 LabApp] JupyterLab extension loaded from /srv/conda/envs/notebook/lib/python3.7/site-packages/jupyterlab
[I 2021-06-24 05:45:14.041 LabApp] JupyterLab application directory is /srv/conda/envs/notebook/share/jupyter/lab
[I 05:45:14.049 NotebookApp] nteract extension loaded from /srv/conda/envs/notebook/lib/python3.7/site-packages/nteract_on_jupyter
[I 05:45:14.051 NotebookApp] Will shut down after 600 seconds with no kernels or terminals.
[I 05:45:14.052 NotebookApp] Serving notebooks from local directory: /home/jovyan
[I 05:45:14.052 NotebookApp] Jupyter Notebook 6.2.0 is running at:
[I 05:45:14.052 NotebookApp] http://jupyter-shubhamsatyam54-2dds-2dc-2d-2d1a6fvl6r:8888/user/shubhamsatyam54-ds-c--1a6fvl6r/?token=...
[I 05:45:14.052 NotebookApp]  or http://127.0.0.1:8888/user/shubhamsatyam54-ds-c--1a6fvl6r/?token=...
[I 05:45:14.052 NotebookApp] Use Control-C to stop this server and shut down all kernels (twice to skip confirmation).
[W 05:45:14.056 NotebookApp] No web browser found: could not locate runnable browser.
[I 05:45:14.728 NotebookApp] 302 GET /user/shubhamsatyam54-ds-c--1a6fvl6r/ (10.2.1.116) 1.570000ms
[I 05:45:18.184 NotebookApp] 302 GET /user/shubhamsatyam54-ds-c--1a6fvl6r/?token=UyhbqAxiRC6wWoDM5q3nog (106.67.122.91) 1.130000ms
[I 05:47:57.470 NotebookApp] Writing notebook-signing key to /home/jovyan/.local/share/jupyter/notebook_secret
[W 05:47:57.471 NotebookApp] Notebook array .ipynb is not trusted
[I 05:47:58.407 NotebookApp] Kernel started: 5c8b554b-e6aa-42ee-8878-7cfacce7fa1f, name: xcpp17
[I 05:47:58.407 NotebookApp] Culling kernels with idle durations > 600 seconds at 60 second intervals ...
[I 05:47:58.408 NotebookApp] Culling kernels even with connected clients
[W 05:48:33.574 NotebookApp] 404 GET /user/shubhamsatyam54-ds-c--1a6fvl6r/nbextensions/widgets/notebook/js/extension.js?v=20210624054513 (106.67.122.91) 14.720000ms referer=https://hub-binder.mybinder.ovh/user/shubhamsatyam54-ds-c--1a6fvl6r/notebooks/array%20.ipynb
[W 05:49:11.813 NotebookApp] Replacing stale connection: 5c8b554b-e6aa-42ee-8878-7cfacce7fa1f:c32e7c2374bb4253b002e90901cc1717
[I 05:49:16.815 NotebookApp] Starting buffering for 5c8b554b-e6aa-42ee-8878-7cfacce7fa1f:c32e7c2374bb4253b002e90901cc1717
[I 05:49:16.817 NotebookApp] Restoring connection for 5c8b554b-e6aa-42ee-8878-7cfacce7fa1f:c32e7c2374bb4253b002e90901cc1717
[I 05:55:58.619 NotebookApp] Saving file at /array .ipynb
[W 05:56:13.015 NotebookApp] Notebook array .ipynb is not trusted
[I 05:58:13.819 NotebookApp] Saving file at /array .ipynb
[W 05:58:13.820 NotebookApp] Notebook array .ipynb is not trusted
[I 06:04:14.034 NotebookApp] Saving file at /array .ipynb
[W 06:04:14.034 NotebookApp] Notebook array .ipynb is not trusted
[I 06:06:13.715 NotebookApp] Saving file at /array .ipynb
[W 06:06:13.716 NotebookApp] Notebook array .ipynb is not trusted
[W 06:06:58.408 NotebookApp] Culling 'idle' kernel 'xcpp17' (5c8b554b-e6aa-42ee-8878-7cfacce7fa1f) with 2 connections due to 643 seconds of inactivity.
[I 06:06:58.409 NotebookApp] Kernel shutdown: 5c8b554b-e6aa-42ee-8878-7cfacce7fa1f
[I 06:08:13.724 NotebookApp] Saving file at /array .ipynb
[W 06:08:13.724 NotebookApp] Notebook array .ipynb is not trusted
[E 06:09:44.510 NotebookApp] Exception restarting kernel
    Traceback (most recent call last):
      File "/srv/conda/envs/notebook/lib/python3.7/site-packages/notebook/services/kernels/handlers.py", line 83, in post
        yield maybe_future(km.restart_kernel(kernel_id))
      File "/srv/conda/envs/notebook/lib/python3.7/site-packages/tornado/gen.py", line 762, in run
        value = future.result()
      File "/srv/conda/envs/notebook/lib/python3.7/site-packages/notebook/services/kernels/kernelmanager.py", line 313, in restart_kernel
        self._check_kernel_id(kernel_id)
      File "/srv/conda/envs/notebook/lib/python3.7/site-packages/notebook/services/kernels/kernelmanager.py", line 394, in _check_kernel_id
        raise web.HTTPError(404, u'Kernel does not exist: %s' % kernel_id)
    tornado.web.HTTPError: HTTP 404: Not Found (Kernel does not exist: 5c8b554b-e6aa-42ee-8878-7cfacce7fa1f)
[E 06:09:44.515 NotebookApp] {
      "Cookie": "username-hub-binder-mybinder-ovh=\"2|1:0|10:1624513518|32:username-hub-binder-mybinder-ovh|44:ZTFlMjE2YjExMzFjNDUxODgyMzliYmYyMTVkZDgzNDU=|d48f556a0f9814165d4720c022b861105f803dc01ebb67e2a8216f3b5882723f\"; _xsrf=2|425c2add|0f42f9ab12b9671363484b370e127ee8|1624508557",
      "Accept-Language": "en-US,en;q=0.9",
      "Accept-Encoding": "gzip, deflate, br",
      "Referer": "https://hub-binder.mybinder.ovh/user/shubhamsatyam54-ds-c--1a6fvl6r/notebooks/array%20.ipynb",
      "Sec-Fetch-Dest": "empty",
      "Sec-Fetch-Mode": "cors",
      "Sec-Fetch-Site": "same-origin",
      "Origin": "https://hub-binder.mybinder.ovh",
      "User-Agent": "Mozilla/5.0 (Windows NT 10.0; Win64; x64) AppleWebKit/537.36 (KHTML, like Gecko) Chrome/91.0.4472.114 Safari/537.36 Edg/91.0.864.54",
      "Sec-Ch-Ua-Mobile": "?0",
      "X-Requested-With": "XMLHttpRequest",
      "X-Xsrftoken": "2|425c2add|0f42f9ab12b9671363484b370e127ee8|1624508557",
      "Accept": "application/json, text/javascript, */*; q=0.01",
      "Sec-Ch-Ua": "\" Not;A Brand\";v=\"99\", \"Microsoft Edge\";v=\"91\", \"Chromium\";v=\"91\"",
      "Content-Length": "0",
      "X-Scheme": "https",
      "X-Forwarded-Port": "443,80",
      "X-Forwarded-Host": "hub-binder.mybinder.ovh",
      "X-Forwarded-Proto": "https,http",
      "X-Forwarded-For": "157.42.118.218,::ffff:10.2.0.0",
      "X-Real-Ip": "157.42.118.218",
      "X-Request-Id": "fc79d68060629f9d29904bd1abd57573",
      "Host": "hub-binder.mybinder.ovh",
      "Connection": "close"
    }
[E 06:09:44.515 NotebookApp] 500 POST /user/shubhamsatyam54-ds-c--1a6fvl6r/api/kernels/5c8b554b-e6aa-42ee-8878-7cfacce7fa1f/restart (157.42.118.218) 5.900000ms referer=https://hub-binder.mybinder.ovh/user/shubhamsatyam54-ds-c--1a6fvl6r/notebooks/array%20.ipynb
[W 06:09:44.751 NotebookApp] 410 DELETE /user/shubhamsatyam54-ds-c--1a6fvl6r/api/sessions/4fad023d-3ca0-4c30-945d-39d64ff4b980 (157.42.118.218): Kernel deleted before session
[W 06:09:44.751 NotebookApp] Kernel deleted before session
[W 06:09:44.753 NotebookApp] 410 DELETE /user/shubhamsatyam54-ds-c--1a6fvl6r/api/sessions/4fad023d-3ca0-4c30-945d-39d64ff4b980 (157.42.118.218) 3.420000ms referer=https://hub-binder.mybinder.ovh/user/shubhamsatyam54-ds-c--1a6fvl6r/notebooks/array%20.ipynb
[I 06:09:44.983 NotebookApp] Kernel started: 70917128-014b-4b82-a09f-e96db18050c5, name: xcpp17
[I 06:10:13.698 NotebookApp] Saving file at /array .ipynb
[W 06:10:13.699 NotebookApp] Notebook array .ipynb is not trusted
[I 06:12:13.686 NotebookApp] Saving file at /array .ipynb
[W 06:12:13.687 NotebookApp] Notebook array .ipynb is not trusted
[I 06:14:13.696 NotebookApp] Saving file at /array .ipynb
[W 06:14:13.697 NotebookApp] Notebook array .ipynb is not trusted
[I 06:16:13.921 NotebookApp] Saving file at /array .ipynb
[W 06:16:13.922 NotebookApp] Notebook array .ipynb is not trusted
[I 06:18:13.716 NotebookApp] Saving file at /array .ipynb
[W 06:18:13.717 NotebookApp] Notebook array .ipynb is not trusted
[I 06:20:13.710 NotebookApp] Saving file at /array .ipynb
[W 06:20:13.711 NotebookApp] Notebook array .ipynb is not trusted
[I 06:22:13.699 NotebookApp] Saving file at /array .ipynb
[W 06:22:13.700 NotebookApp] Notebook array .ipynb is not trusted
[I 06:24:13.805 NotebookApp] Saving file at /array .ipynb
[W 06:24:13.806 NotebookApp] Notebook array .ipynb is not trusted
[I 06:32:13.855 NotebookApp] Saving file at /array .ipynb
[W 06:32:13.856 NotebookApp] Notebook array .ipynb is not trusted
[I 06:34:13.776 NotebookApp] Saving file at /array .ipynb
[W 06:34:13.776 NotebookApp] Notebook array .ipynb is not trusted
[I 06:36:13.695 NotebookApp] Saving file at /array .ipynb
[W 06:36:13.695 NotebookApp] Notebook array .ipynb is not trusted
[I 06:38:13.676 NotebookApp] Saving file at /array .ipynb
[W 06:38:13.676 NotebookApp] Notebook array .ipynb is not trusted
[I 06:40:13.681 NotebookApp] Saving file at /array .ipynb
[I 06:42:13.702 NotebookApp] Saving file at /array .ipynb
[I 06:43:23.982 NotebookApp] Saving file at /array .ipynb
[W 06:43:24.289 NotebookApp] Notebook array .ipynb is not trusted
[I 06:45:11.097 NotebookApp] Starting buffering for 70917128-014b-4b82-a09f-e96db18050c5:db828704c98d43fea1bb873a673e32cf
[I 06:47:04.689 NotebookApp] Kernel shutdown: 70917128-014b-4b82-a09f-e96db18050c5
[W 06:47:11.029 NotebookApp] Notebook inheritance types.ipynb is not trusted
[I 06:47:11.552 NotebookApp] Kernel started: 119c5b0f-fdf6-4ed3-aacd-ce7c044de223, name: xcpp17
[I 06:49:11.801 NotebookApp] Saving file at /inheritance types.ipynb
[I 06:49:18.632 NotebookApp] New terminal with automatic name: 1
TermSocket.open: 1
TermSocket.open: Opened 1
[W 06:53:44.582 NotebookApp] Notebook array  (2).ipynb is not trusted
[I 06:53:45.188 NotebookApp] Kernel started: 586146a8-a190-4dfa-9055-b7214d184760, name: xcpp17
[W 06:55:38.656 NotebookApp] 400 GET /user/shubhamsatyam54-ds-c--1a6fvl6r/api/contents/file.ipynb?type=notebook&_=1624517737549 (157.35.243.252): Unreadable Notebook: /home/jovyan/file.ipynb NotJSONError("Notebook does not appear to be JSON: '\\n'...")
[W 06:55:38.656 NotebookApp] Unreadable Notebook: /home/jovyan/file.ipynb NotJSONError("Notebook does not appear to be JSON: '\\n'...")
[W 06:55:38.657 NotebookApp] 400 GET /user/shubhamsatyam54-ds-c--1a6fvl6r/api/contents/file.ipynb?type=notebook&_=1624517737549 (157.35.243.252) 2.980000ms referer=https://hub-binder.mybinder.ovh/user/shubhamsatyam54-ds-c--1a6fvl6r/notebooks/file.ipynb
[W 06:55:51.036 NotebookApp] 400 GET /user/shubhamsatyam54-ds-c--1a6fvl6r/api/contents/file.ipynb?type=notebook&_=1624517749896 (157.35.243.252): Unreadable Notebook: /home/jovyan/file.ipynb NotJSONError("Notebook does not appear to be JSON: '\\n'...")
[W 06:55:51.037 NotebookApp] Unreadable Notebook: /home/jovyan/file.ipynb NotJSONError("Notebook does not appear to be JSON: '\\n'...")
[W 06:55:51.038 NotebookApp] 400 GET /user/shubhamsatyam54-ds-c--1a6fvl6r/api/contents/file.ipynb?type=notebook&_=1624517749896 (157.35.243.252) 3.340000ms referer=https://hub-binder.mybinder.ovh/user/shubhamsatyam54-ds-c--1a6fvl6r/notebooks/file.ipynb
[W 06:56:05.065 NotebookApp] Notebook inheritance types (1).ipynb is not trusted
[I 06:56:05.591 NotebookApp] Kernel started: e302cecc-4cc3-409a-9eaf-a3f16d5d19be, name: xcpp17
[I 06:56:16.296 NotebookApp] Creating new notebook in 
[I 06:56:18.167 NotebookApp] Kernel started: 86b02e80-9ae3-4f58-bac0-e3835f854ad8, name: xcpp17
[W 06:57:51.251 NotebookApp] Notebook inheritance types (1).ipynb is not trusted
[W 06:58:10.898 NotebookApp] Notebook array .ipynb is not trusted
[I 06:58:11.356 NotebookApp] Kernel started: 1b17b6f6-3279-4021-97e8-6ac94261657c, name: xcpp17
[I 06:58:18.821 NotebookApp] Saving file at /sorting.ipynb
[W 06:58:45.597 NotebookApp] delete /array  (2).ipynb
[W 06:58:45.603 NotebookApp] delete /file.ipynb
[W 06:58:45.632 NotebookApp] delete /inheritance types (1).ipynb
[I 06:58:45.638 NotebookApp] Kernel shutdown: 586146a8-a190-4dfa-9055-b7214d184760
[I 06:58:45.744 NotebookApp] Kernel shutdown: e302cecc-4cc3-409a-9eaf-a3f16d5d19be
[W 2021-06-24 18:57:47.408 LabApp] 'ip' has moved from NotebookApp to ServerApp. This config will be passed to ServerApp. Be sure to update your config before our next release.
[W 2021-06-24 18:57:47.408 LabApp] 'port' has moved from NotebookApp to ServerApp. This config will be passed to ServerApp. Be sure to update your config before our next release.
[W 2021-06-24 18:57:47.409 LabApp] 'base_url' has moved from NotebookApp to ServerApp. This config will be passed to ServerApp. Be sure to update your config before our next release.
[W 2021-06-24 18:57:47.409 LabApp] 'token' has moved from NotebookApp to ServerApp. This config will be passed to ServerApp. Be sure to update your config before our next release.
[W 2021-06-24 18:57:47.409 LabApp] 'trust_xheaders' has moved from NotebookApp to ServerApp. This config will be passed to ServerApp. Be sure to update your config before our next release.
[W 2021-06-24 18:57:47.409 LabApp] 'allow_origin' has moved from NotebookApp to ServerApp. This config will be passed to ServerApp. Be sure to update your config before our next release.
[W 2021-06-24 18:57:47.409 LabApp] 'allow_origin_pat' has moved from NotebookApp to ServerApp. This config will be passed to ServerApp. Be sure to update your config before our next release.
[W 2021-06-24 18:57:47.409 LabApp] 'extra_template_paths' was found in both NotebookApp and ServerApp. This is likely a recent change. This config will only be set in NotebookApp. Please check if you should also config these traits in ServerApp for your purpose.
[W 2021-06-24 18:57:47.409 LabApp] 'jinja_template_vars' was found in both NotebookApp and ServerApp. This is likely a recent change. This config will only be set in NotebookApp. Please check if you should also config these traits in ServerApp for your purpose.
[W 2021-06-24 18:57:47.409 LabApp] 'shutdown_no_activity_timeout' has moved from NotebookApp to ServerApp. This config will be passed to ServerApp. Be sure to update your config before our next release.
[W 2021-06-24 18:57:47.409 LabApp] 'tornado_settings' has moved from NotebookApp to ServerApp. This config will be passed to ServerApp. Be sure to update your config before our next release.
[W 2021-06-24 18:57:47.409 LabApp] 'tornado_settings' has moved from NotebookApp to ServerApp. This config will be passed to ServerApp. Be sure to update your config before our next release.
[I 2021-06-24 18:57:47.427 LabApp] JupyterLab extension loaded from /srv/conda/envs/notebook/lib/python3.7/site-packages/jupyterlab
[I 2021-06-24 18:57:47.427 LabApp] JupyterLab application directory is /srv/conda/envs/notebook/share/jupyter/lab
[I 18:57:47.443 NotebookApp] nteract extension loaded from /srv/conda/envs/notebook/lib/python3.7/site-packages/nteract_on_jupyter
[I 18:57:47.447 NotebookApp] Will shut down after 600 seconds with no kernels or terminals.
[I 18:57:47.448 NotebookApp] Serving notebooks from local directory: /home/jovyan
[I 18:57:47.448 NotebookApp] Jupyter Notebook 6.2.0 is running at:
[I 18:57:47.449 NotebookApp] http://jupyter-shubhamsatyam54-2dds-2dc-2d-2dfh0cnhf5:8888/user/shubhamsatyam54-ds-c--fh0cnhf5/?token=...
[I 18:57:47.449 NotebookApp]  or http://127.0.0.1:8888/user/shubhamsatyam54-ds-c--fh0cnhf5/?token=...
[I 18:57:47.449 NotebookApp] Use Control-C to stop this server and shut down all kernels (twice to skip confirmation).
[W 18:57:47.456 NotebookApp] No web browser found: could not locate runnable browser.
[I 18:57:47.461 NotebookApp] 302 GET /user/shubhamsatyam54-ds-c--fh0cnhf5/ (10.0.5.20) 1.390000ms
[I 18:57:51.446 NotebookApp] 302 GET /user/shubhamsatyam54-ds-c--fh0cnhf5/?token=trpAh-EqQ8OYMHt_d1gPJQ (157.42.123.167) 1.230000ms
[W 19:00:48.530 NotebookApp] Notebook sorting.ipynb is not trusted
[I 19:00:49.011 NotebookApp] Kernel started: 0b8f407a-d798-4ee8-bb0c-ec539277c7ae, name: xcpp17
[I 19:00:49.011 NotebookApp] Culling kernels with idle durations > 600 seconds at 60 second intervals ...
[I 19:00:49.012 NotebookApp] Culling kernels even with connected clients
[I 19:01:04.575 NotebookApp] New terminal with automatic name: 1
TermSocket.open: 1
TermSocket.open: Opened 1
[I 19:01:23.840 NotebookApp] Starting buffering for 0b8f407a-d798-4ee8-bb0c-ec539277c7ae:660798539cb742148cfe101af51ea099
[W 19:01:24.649 NotebookApp] Notebook sorting.ipynb is not trusted
[I 19:05:25.666 NotebookApp] Saving file at /sorting.ipynb
[I 19:09:25.629 NotebookApp] Saving file at /sorting.ipynb
[I 19:11:25.679 NotebookApp] Saving file at /sorting.ipynb
[W 19:11:49.013 NotebookApp] Culling 'idle' kernel 'xcpp17' (0b8f407a-d798-4ee8-bb0c-ec539277c7ae) with 1 connections due to 622 seconds of inactivity.
[I 19:11:49.013 NotebookApp] Kernel shutdown: 0b8f407a-d798-4ee8-bb0c-ec539277c7ae
[I 19:13:25.649 NotebookApp] Saving file at /sorting.ipynb
[I 19:15:25.619 NotebookApp] Saving file at /sorting.ipynb
[I 19:17:25.583 NotebookApp] Saving file at /sorting.ipynb
[I 19:19:25.652 NotebookApp] Saving file at /sorting.ipynb
[I 19:21:25.618 NotebookApp] Saving file at /sorting.ipynb
[I 19:23:14.811 NotebookApp] Saving file at /sorting.ipynb
[W 19:23:15.861 NotebookApp] Notebook sorting.ipynb is not trusted
[I 19:23:16.760 NotebookApp] Kernel started: 7d9efa65-676d-4e9d-acc3-4f5a182600a1, name: xcpp17
[W 19:24:04.487 NotebookApp] IOPub message rate exceeded.
    The notebook server will temporarily stop sending output
    to the client in order to avoid crashing it.
    To change this limit, set the config variable
    `--NotebookApp.iopub_msg_rate_limit`.
    
    Current values:
    NotebookApp.iopub_msg_rate_limit=1000.0 (msgs/sec)
    NotebookApp.rate_limit_window=3.0 (secs)
    
[I 19:25:18.009 NotebookApp] Saving file at /sorting.ipynb
[I 19:26:34.302 NotebookApp] Starting buffering for 7d9efa65-676d-4e9d-acc3-4f5a182600a1:91eca1f81a3940ca82095376855f4f28
[I 19:27:07.597 NotebookApp] Starting buffering for 7d9efa65-676d-4e9d-acc3-4f5a182600a1:e330220ebe7e4e71a01dedac167fc497
[I 19:27:07.709 NotebookApp] Kernel restarted: 7d9efa65-676d-4e9d-acc3-4f5a182600a1
[I 19:27:08.773 NotebookApp] Restoring connection for 7d9efa65-676d-4e9d-acc3-4f5a182600a1:e330220ebe7e4e71a01dedac167fc497
[I 19:27:09.780 NotebookApp] Replaying 3 buffered messages
[I 19:28:01.709 NotebookApp] KernelRestarter: restarting kernel (1/5), keep random ports
kernel 7d9efa65-676d-4e9d-acc3-4f5a182600a1 restarted
[I 19:28:36.362 NotebookApp] Saving file at /sorting.ipynb
[I 19:28:46.718 NotebookApp] KernelRestarter: restarting kernel (1/5), keep random ports
kernel 7d9efa65-676d-4e9d-acc3-4f5a182600a1 restarted
[I 19:30:36.762 NotebookApp] Saving file at /sorting.ipynb
[I 19:32:36.385 NotebookApp] Saving file at /sorting.ipynb
[I 19:34:36.394 NotebookApp] Saving file at /sorting.ipynb
[I 19:36:36.371 NotebookApp] Saving file at /sorting.ipynb
[I 19:44:36.382 NotebookApp] Saving file at /sorting.ipynb
[I 19:46:36.360 NotebookApp] Saving file at /sorting.ipynb
[W 19:56:49.014 NotebookApp] Culling 'idle' kernel 'xcpp17' (7d9efa65-676d-4e9d-acc3-4f5a182600a1) with 1 connections due to 635 seconds of inactivity.
[I 19:56:49.017 NotebookApp] Kernel shutdown: 7d9efa65-676d-4e9d-acc3-4f5a182600a1
[W 19:57:56.685 NotebookApp] Kernel '7d9efa65-676d-4e9d-acc3-4f5a182600a1' appears to have been culled or died unexpectedly, invalidating session '70387e61-5119-43f4-a1ba-316edf6cdf38'. The session has been removed.  Continuing...
[I 19:57:56.703 NotebookApp] Kernel started: e96eaddf-1e53-4b56-9d9e-7e746ac52e6d, name: xcpp17
[I 19:59:57.066 NotebookApp] Saving file at /sorting.ipynb
[I 20:01:57.126 NotebookApp] Saving file at /sorting.ipynb
[I 20:03:12.027 NotebookApp] Saving file at /sorting.ipynb
[I 20:03:12.365 NotebookApp] Starting buffering for e96eaddf-1e53-4b56-9d9e-7e746ac52e6d:e36cb51b09f14ce988a89501619ef3b2
[I 20:03:57.441 NotebookApp] Starting buffering for e96eaddf-1e53-4b56-9d9e-7e746ac52e6d:467db51a10e449f88006e38da4970ea2
[I 20:03:57.561 NotebookApp] Kernel restarted: e96eaddf-1e53-4b56-9d9e-7e746ac52e6d
[I 20:03:58.628 NotebookApp] Restoring connection for e96eaddf-1e53-4b56-9d9e-7e746ac52e6d:467db51a10e449f88006e38da4970ea2
[I 20:04:00.135 NotebookApp] Replaying 3 buffered messages
[I 20:04:19.939 NotebookApp] Starting buffering for e96eaddf-1e53-4b56-9d9e-7e746ac52e6d:467db51a10e449f88006e38da4970ea2
[I 20:04:23.754 NotebookApp] Kernel shutdown: e96eaddf-1e53-4b56-9d9e-7e746ac52e6d
[I 20:04:28.619 NotebookApp] Kernel started: c2b07619-33bb-47ab-8412-dadc85fad682, name: xcpp17
Websocket closed
[I 20:06:17.927 NotebookApp] Starting buffering for c2b07619-33bb-47ab-8412-dadc85fad682:c213397516f24f01951b53aa5f4a9f2e
[I 20:06:18.049 NotebookApp] Kernel restarted: c2b07619-33bb-47ab-8412-dadc85fad682
[I 20:06:19.113 NotebookApp] Restoring connection for c2b07619-33bb-47ab-8412-dadc85fad682:c213397516f24f01951b53aa5f4a9f2e
[I 20:06:20.622 NotebookApp] Replaying 3 buffered messages
[I 20:06:29.015 NotebookApp] Saving file at /sorting.ipynb
[I 20:07:36.238 NotebookApp] Starting buffering for c2b07619-33bb-47ab-8412-dadc85fad682:c213397516f24f01951b53aa5f4a9f2e
[I 20:07:36.358 NotebookApp] Kernel restarted: c2b07619-33bb-47ab-8412-dadc85fad682
[I 20:07:37.414 NotebookApp] Restoring connection for c2b07619-33bb-47ab-8412-dadc85fad682:c213397516f24f01951b53aa5f4a9f2e
[I 20:07:38.923 NotebookApp] Replaying 3 buffered messages
[I 20:08:29.635 NotebookApp] Saving file at /sorting.ipynb
[I 20:14:28.996 NotebookApp] Saving file at /sorting.ipynb
[I 20:16:29.686 NotebookApp] Saving file at /sorting.ipynb
[I 20:21:04.452 NotebookApp] New terminal with automatic name: 2
TermSocket.open: 2
TermSocket.open: Opened 2
[I 20:22:28.307 NotebookApp] Starting buffering for c2b07619-33bb-47ab-8412-dadc85fad682:c213397516f24f01951b53aa5f4a9f2e
[I 20:22:37.412 NotebookApp] Kernel shutdown: c2b07619-33bb-47ab-8412-dadc85fad682
[I 20:22:41.670 NotebookApp] Kernel started: a4f3ca98-5395-4415-87eb-b83af67815cd, name: xcpp17
[I 20:24:42.076 NotebookApp] Saving file at /inheritance types.ipynb
[I 20:26:42.172 NotebookApp] Saving file at /inheritance types.ipynb
[I 20:28:42.042 NotebookApp] Saving file at /inheritance types.ipynb
[I 20:30:42.007 NotebookApp] Saving file at /inheritance types.ipynb
[I 20:32:42.062 NotebookApp] Saving file at /inheritance types.ipynb
[I 20:34:42.071 NotebookApp] Saving file at /inheritance types.ipynb
[I 20:36:42.146 NotebookApp] Saving file at /inheritance types.ipynb
[W 20:37:03.096 NotebookApp] IOPub message rate exceeded.
    The notebook server will temporarily stop sending output
    to the client in order to avoid crashing it.
    To change this limit, set the config variable
    `--NotebookApp.iopub_msg_rate_limit`.
    
    Current values:
    NotebookApp.iopub_msg_rate_limit=1000.0 (msgs/sec)
    NotebookApp.rate_limit_window=3.0 (secs)
    
[W 20:37:03.799 NotebookApp] iopub messages resumed
[W 20:37:06.853 NotebookApp] IOPub message rate exceeded.
    The notebook server will temporarily stop sending output
    to the client in order to avoid crashing it.
    To change this limit, set the config variable
    `--NotebookApp.iopub_msg_rate_limit`.
    
    Current values:
    NotebookApp.iopub_msg_rate_limit=1000.0 (msgs/sec)
    NotebookApp.rate_limit_window=3.0 (secs)
    
[I 20:38:43.455 NotebookApp] Saving file at /inheritance types.ipynb
[I 20:39:02.547 NotebookApp] Starting buffering for a4f3ca98-5395-4415-87eb-b83af67815cd:96106e4eef814b06a435068585e34488
[I 20:39:02.662 NotebookApp] Kernel restarted: a4f3ca98-5395-4415-87eb-b83af67815cd
[I 20:39:03.817 NotebookApp] Restoring connection for a4f3ca98-5395-4415-87eb-b83af67815cd:96106e4eef814b06a435068585e34488
[I 20:39:04.823 NotebookApp] Replaying 3 buffered messages
[I 20:40:42.029 NotebookApp] Saving file at /inheritance types.ipynb
[I 20:42:42.745 NotebookApp] Saving file at /inheritance types.ipynb
[I 20:44:42.100 NotebookApp] Saving file at /inheritance types.ipynb
[I 20:46:42.078 NotebookApp] Saving file at /inheritance types.ipynb
[I 20:48:42.031 NotebookApp] Saving file at /inheritance types.ipynb
[I 20:50:42.659 NotebookApp] Saving file at /inheritance types.ipynb
[I 20:54:42.025 NotebookApp] Saving file at /inheritance types.ipynb
[I 20:56:42.214 NotebookApp] Saving file at /inheritance types.ipynb
[I 20:58:42.285 NotebookApp] Saving file at /inheritance types.ipynb
[I 21:00:42.261 NotebookApp] Saving file at /inheritance types.ipynb
[I 21:02:42.040 NotebookApp] Saving file at /inheritance types.ipynb
[I 21:04:42.116 NotebookApp] Saving file at /inheritance types.ipynb
[I 21:05:35.696 NotebookApp] Saving file at /inheritance types.ipynb
[W 21:05:36.127 NotebookApp] Notebook inheritance types.ipynb is not trusted
[I 21:08:42.030 NotebookApp] Saving file at /inheritance types.ipynb
[I 21:10:42.042 NotebookApp] Saving file at /inheritance types.ipynb
[I 21:14:42.037 NotebookApp] Saving file at /inheritance types.ipynb
[W 21:14:51.057 NotebookApp] Notebook array .ipynb is not trusted
[I 21:14:51.684 NotebookApp] Kernel started: d784f0dd-13ce-45e3-b807-1727d57863c1, name: xcpp17
[W 21:15:49.013 NotebookApp] Culling 'idle' kernel 'xcpp17' (a4f3ca98-5395-4415-87eb-b83af67815cd) with 1 connections due to 656 seconds of inactivity.
[I 21:15:49.021 NotebookApp] Kernel shutdown: a4f3ca98-5395-4415-87eb-b83af67815cd
[I 21:20:52.161 NotebookApp] Saving file at /array .ipynb
[I 21:22:52.125 NotebookApp] Saving file at /array .ipynb
[W 2021-06-25 05:40:18.104 LabApp] 'ip' has moved from NotebookApp to ServerApp. This config will be passed to ServerApp. Be sure to update your config before our next release.
[W 2021-06-25 05:40:18.105 LabApp] 'port' has moved from NotebookApp to ServerApp. This config will be passed to ServerApp. Be sure to update your config before our next release.
[W 2021-06-25 05:40:18.105 LabApp] 'base_url' has moved from NotebookApp to ServerApp. This config will be passed to ServerApp. Be sure to update your config before our next release.
[W 2021-06-25 05:40:18.106 LabApp] 'token' has moved from NotebookApp to ServerApp. This config will be passed to ServerApp. Be sure to update your config before our next release.
[W 2021-06-25 05:40:18.106 LabApp] 'trust_xheaders' has moved from NotebookApp to ServerApp. This config will be passed to ServerApp. Be sure to update your config before our next release.
[W 2021-06-25 05:40:18.106 LabApp] 'allow_origin' has moved from NotebookApp to ServerApp. This config will be passed to ServerApp. Be sure to update your config before our next release.
[W 2021-06-25 05:40:18.106 LabApp] 'allow_origin_pat' has moved from NotebookApp to ServerApp. This config will be passed to ServerApp. Be sure to update your config before our next release.
[W 2021-06-25 05:40:18.109 LabApp] 'extra_template_paths' was found in both NotebookApp and ServerApp. This is likely a recent change. This config will only be set in NotebookApp. Please check if you should also config these traits in ServerApp for your purpose.
[W 2021-06-25 05:40:18.109 LabApp] 'jinja_template_vars' was found in both NotebookApp and ServerApp. This is likely a recent change. This config will only be set in NotebookApp. Please check if you should also config these traits in ServerApp for your purpose.
[W 2021-06-25 05:40:18.109 LabApp] 'shutdown_no_activity_timeout' has moved from NotebookApp to ServerApp. This config will be passed to ServerApp. Be sure to update your config before our next release.
[W 2021-06-25 05:40:18.110 LabApp] 'tornado_settings' has moved from NotebookApp to ServerApp. This config will be passed to ServerApp. Be sure to update your config before our next release.
[W 2021-06-25 05:40:18.110 LabApp] 'tornado_settings' has moved from NotebookApp to ServerApp. This config will be passed to ServerApp. Be sure to update your config before our next release.
[I 2021-06-25 05:40:18.125 LabApp] JupyterLab extension loaded from /srv/conda/envs/notebook/lib/python3.7/site-packages/jupyterlab
[I 2021-06-25 05:40:18.126 LabApp] JupyterLab application directory is /srv/conda/envs/notebook/share/jupyter/lab
[I 05:40:18.139 NotebookApp] nteract extension loaded from /srv/conda/envs/notebook/lib/python3.7/site-packages/nteract_on_jupyter
[I 05:40:18.142 NotebookApp] Will shut down after 600 seconds with no kernels or terminals.
[I 05:40:18.143 NotebookApp] Serving notebooks from local directory: /home/jovyan
[I 05:40:18.143 NotebookApp] Jupyter Notebook 6.2.0 is running at:
[I 05:40:18.143 NotebookApp] http://jupyter-shubhamsatyam54-2dds-2dc-2d-2dbf3yfdbr:8888/user/shubhamsatyam54-ds-c--bf3yfdbr/?token=...
[I 05:40:18.143 NotebookApp]  or http://127.0.0.1:8888/user/shubhamsatyam54-ds-c--bf3yfdbr/?token=...
[I 05:40:18.143 NotebookApp] Use Control-C to stop this server and shut down all kernels (twice to skip confirmation).
[W 05:40:18.148 NotebookApp] No web browser found: could not locate runnable browser.
[I 05:40:18.351 NotebookApp] 302 GET /user/shubhamsatyam54-ds-c--bf3yfdbr/ (10.0.5.20) 1.250000ms
[I 05:40:19.005 NotebookApp] 302 GET /user/shubhamsatyam54-ds-c--bf3yfdbr/?token=zhohhh2eT9WdHpMGfD4m3g (106.67.85.215) 0.870000ms
[W 05:40:45.936 NotebookApp] Notebook Untitled.ipynb is not trusted
[I 05:40:46.456 NotebookApp] Kernel started: 37a12a7d-d78c-4b44-b4cd-768c8806c000, name: xcpp17
[I 05:40:46.458 NotebookApp] Culling kernels with idle durations > 600 seconds at 60 second intervals ...
[I 05:40:46.458 NotebookApp] Culling kernels even with connected clients
[I 05:40:53.112 NotebookApp] Creating new notebook in 
[I 05:40:56.476 NotebookApp] Kernel started: 7752ab50-4a6f-4ecb-8653-780c6bca3577, name: xcpp17
[I 05:41:00.186 NotebookApp] New terminal with automatic name: 1
TermSocket.open: 1
TermSocket.open: Opened 1
[I 05:42:57.336 NotebookApp] Saving file at /Untitled1.ipynb
[I 05:44:57.284 NotebookApp] Saving file at /searching.ipynb
[W 05:51:46.463 NotebookApp] Culling 'idle' kernel 'xcpp17' (37a12a7d-d78c-4b44-b4cd-768c8806c000) with 1 connections due to 657 seconds of inactivity.
[I 05:51:46.464 NotebookApp] Kernel shutdown: 37a12a7d-d78c-4b44-b4cd-768c8806c000
[W 05:51:46.567 NotebookApp] Culling 'idle' kernel 'xcpp17' (7752ab50-4a6f-4ecb-8653-780c6bca3577) with 1 connections due to 645 seconds of inactivity.
[I 05:51:46.568 NotebookApp] Kernel shutdown: 7752ab50-4a6f-4ecb-8653-780c6bca3577
[I 05:52:56.816 NotebookApp] Saving file at /searching.ipynb
[I 05:54:56.826 NotebookApp] Saving file at /searching.ipynb
[I 05:56:57.300 NotebookApp] Saving file at /searching.ipynb
[I 06:26:56.805 NotebookApp] Saving file at /searching.ipynb
Websocket closed
[I 06:28:56.814 NotebookApp] Saving file at /searching.ipynb
[W 06:29:46.820 NotebookApp] 404 GET /user/shubhamsatyam54-ds-c--bf3yfdbr/api/kernels/7752ab50-4a6f-4ecb-8653-780c6bca3577/channels?session_id=9ad3219c02954c7c9ff176bef428ecb2 (106.67.85.215): Kernel does not exist: 7752ab50-4a6f-4ecb-8653-780c6bca3577
[W 06:29:46.829 NotebookApp] 404 GET /user/shubhamsatyam54-ds-c--bf3yfdbr/api/kernels/7752ab50-4a6f-4ecb-8653-780c6bca3577/channels?session_id=9ad3219c02954c7c9ff176bef428ecb2 (106.67.85.215) 10.960000ms referer=None
[W 06:29:49.901 NotebookApp] Replacing stale connection: 7752ab50-4a6f-4ecb-8653-780c6bca3577:9ad3219c02954c7c9ff176bef428ecb2
[W 06:30:49.901 NotebookApp] Replacing stale connection: 7752ab50-4a6f-4ecb-8653-780c6bca3577:9ad3219c02954c7c9ff176bef428ecb2
[I 06:30:56.817 NotebookApp] Saving file at /searching.ipynb
[E 06:31:15.975 NotebookApp] Exception restarting kernel
    Traceback (most recent call last):
      File "/srv/conda/envs/notebook/lib/python3.7/site-packages/notebook/services/kernels/handlers.py", line 83, in post
        yield maybe_future(km.restart_kernel(kernel_id))
      File "/srv/conda/envs/notebook/lib/python3.7/site-packages/tornado/gen.py", line 762, in run
        value = future.result()
      File "/srv/conda/envs/notebook/lib/python3.7/site-packages/notebook/services/kernels/kernelmanager.py", line 313, in restart_kernel
        self._check_kernel_id(kernel_id)
      File "/srv/conda/envs/notebook/lib/python3.7/site-packages/notebook/services/kernels/kernelmanager.py", line 394, in _check_kernel_id
        raise web.HTTPError(404, u'Kernel does not exist: %s' % kernel_id)
    tornado.web.HTTPError: HTTP 404: Not Found (Kernel does not exist: 7752ab50-4a6f-4ecb-8653-780c6bca3577)
[E 06:31:15.980 NotebookApp] {
      "Cookie": "username-hub-gke2-mybinder-org=\"2|1:0|10:1624599619|30:username-hub-gke2-mybinder-org|44:ODRkN2UyODYwMjE0NDBlMjk0YzBkM2FmZGJkMjNiOTE=|cbcbdcb7b3568720318a80beed6c5e2d104d5ba6009ff44889836713e269d9c0\"; _xsrf=2|f1355816|e25cda1ef429e1afb3713b9f343ee17c|1624465543",
      "Accept-Language": "en-US,en;q=0.9",
      "Accept-Encoding": "gzip, deflate, br",
      "Referer": "https://hub.gke2.mybinder.org/user/shubhamsatyam54-ds-c--bf3yfdbr/notebooks/searching.ipynb",
      "Sec-Fetch-Dest": "empty",
      "Sec-Fetch-Mode": "cors",
      "Sec-Fetch-Site": "same-origin",
      "Origin": "https://hub.gke2.mybinder.org",
      "User-Agent": "Mozilla/5.0 (Windows NT 10.0; Win64; x64) AppleWebKit/537.36 (KHTML, like Gecko) Chrome/91.0.4472.114 Safari/537.36 Edg/91.0.864.54",
      "Sec-Ch-Ua-Mobile": "?0",
      "X-Requested-With": "XMLHttpRequest",
      "X-Xsrftoken": "2|f1355816|e25cda1ef429e1afb3713b9f343ee17c|1624465543",
      "Accept": "application/json, text/javascript, */*; q=0.01",
      "Sec-Ch-Ua": "\" Not;A Brand\";v=\"99\", \"Microsoft Edge\";v=\"91\", \"Chromium\";v=\"91\"",
      "Content-Length": "0",
      "X-Scheme": "https",
      "X-Forwarded-Port": "443,80",
      "X-Forwarded-Host": "hub.gke2.mybinder.org",
      "X-Forwarded-Proto": "https,http",
      "X-Forwarded-For": "106.67.85.215,::ffff:10.0.17.70",
      "X-Real-Ip": "106.67.85.215",
      "X-Request-Id": "dd78fbba1eb89d1092f0d8fbeca984cf",
      "Host": "hub.gke2.mybinder.org",
      "Connection": "close"
    }
[E 06:31:15.980 NotebookApp] 500 POST /user/shubhamsatyam54-ds-c--bf3yfdbr/api/kernels/7752ab50-4a6f-4ecb-8653-780c6bca3577/restart (106.67.85.215) 5.950000ms referer=https://hub.gke2.mybinder.org/user/shubhamsatyam54-ds-c--bf3yfdbr/notebooks/searching.ipynb
[W 06:31:16.321 NotebookApp] 404 DELETE /user/shubhamsatyam54-ds-c--bf3yfdbr/api/sessions/fb0c25a6-8cfe-40b2-b141-820c447dd1c7 (106.67.85.215): Session not found: session_id='fb0c25a6-8cfe-40b2-b141-820c447dd1c7'
[W 06:31:16.321 NotebookApp] Session not found: session_id='fb0c25a6-8cfe-40b2-b141-820c447dd1c7'
[W 06:31:16.322 NotebookApp] 404 DELETE /user/shubhamsatyam54-ds-c--bf3yfdbr/api/sessions/fb0c25a6-8cfe-40b2-b141-820c447dd1c7 (106.67.85.215) 1.800000ms referer=https://hub.gke2.mybinder.org/user/shubhamsatyam54-ds-c--bf3yfdbr/notebooks/searching.ipynb
[I 06:31:16.682 NotebookApp] Kernel started: 5c4496f7-119e-46f7-ab98-24fdb834c9ce, name: xcpp17
[I 06:31:36.087 NotebookApp] Saving file at /searching.ipynb
[W 06:31:37.177 NotebookApp] Notebook searching.ipynb is not trusted
TermSocket.open: 1
TermSocket.open: Opened 1
[I 06:33:25.388 NotebookApp] Starting buffering for 5c4496f7-119e-46f7-ab98-24fdb834c9ce:273e4db581654df48a63bc22820cfe9b
[I 06:33:25.510 NotebookApp] Kernel restarted: 5c4496f7-119e-46f7-ab98-24fdb834c9ce
[I 06:33:26.699 NotebookApp] Restoring connection for 5c4496f7-119e-46f7-ab98-24fdb834c9ce:273e4db581654df48a63bc22820cfe9b
[I 06:33:27.705 NotebookApp] Replaying 3 buffered messages
[I 06:33:38.044 NotebookApp] Saving file at /searching.ipynb
[I 06:34:54.172 NotebookApp] Starting buffering for 5c4496f7-119e-46f7-ab98-24fdb834c9ce:273e4db581654df48a63bc22820cfe9b
[I 06:34:54.294 NotebookApp] Kernel restarted: 5c4496f7-119e-46f7-ab98-24fdb834c9ce
[I 06:34:55.405 NotebookApp] Restoring connection for 5c4496f7-119e-46f7-ab98-24fdb834c9ce:273e4db581654df48a63bc22820cfe9b
[I 06:34:56.411 NotebookApp] Replaying 3 buffered messages
[W 06:35:36.598 NotebookApp] 404 GET /user/shubhamsatyam54-ds-c--bf3yfdbr/api/kernels/37a12a7d-d78c-4b44-b4cd-768c8806c000/channels?session_id=2e87ad6e072d4c468a0a41ebcfd8ff06 (106.67.85.215): Kernel does not exist: 37a12a7d-d78c-4b44-b4cd-768c8806c000
[W 06:35:36.600 NotebookApp] 404 GET /user/shubhamsatyam54-ds-c--bf3yfdbr/api/kernels/37a12a7d-d78c-4b44-b4cd-768c8806c000/channels?session_id=2e87ad6e072d4c468a0a41ebcfd8ff06 (106.67.85.215) 4.450000ms referer=None
[I 06:35:38.031 NotebookApp] Saving file at /searching.ipynb
[W 06:35:40.659 NotebookApp] Replacing stale connection: 37a12a7d-d78c-4b44-b4cd-768c8806c000:2e87ad6e072d4c468a0a41ebcfd8ff06
[W 06:36:40.652 NotebookApp] Replacing stale connection: 37a12a7d-d78c-4b44-b4cd-768c8806c000:2e87ad6e072d4c468a0a41ebcfd8ff06
[I 06:37:38.018 NotebookApp] Saving file at /searching.ipynb
[W 06:37:40.651 NotebookApp] Replacing stale connection: 37a12a7d-d78c-4b44-b4cd-768c8806c000:2e87ad6e072d4c468a0a41ebcfd8ff06
[W 06:38:46.710 NotebookApp] Replacing stale connection: 37a12a7d-d78c-4b44-b4cd-768c8806c000:2e87ad6e072d4c468a0a41ebcfd8ff06
[W 06:39:46.711 NotebookApp] Replacing stale connection: 37a12a7d-d78c-4b44-b4cd-768c8806c000:2e87ad6e072d4c468a0a41ebcfd8ff06
[W 06:40:46.713 NotebookApp] Replacing stale connection: 37a12a7d-d78c-4b44-b4cd-768c8806c000:2e87ad6e072d4c468a0a41ebcfd8ff06
[W 06:41:56.660 NotebookApp] Replacing stale connection: 37a12a7d-d78c-4b44-b4cd-768c8806c000:2e87ad6e072d4c468a0a41ebcfd8ff06
[W 06:42:56.744 NotebookApp] Replacing stale connection: 37a12a7d-d78c-4b44-b4cd-768c8806c000:2e87ad6e072d4c468a0a41ebcfd8ff06
Websocket closed
[W 06:43:56.744 NotebookApp] Replacing stale connection: 37a12a7d-d78c-4b44-b4cd-768c8806c000:2e87ad6e072d4c468a0a41ebcfd8ff06
[I 06:44:52.090 NotebookApp] New terminal with automatic name: 2
TermSocket.open: 2
TermSocket.open: Opened 2
[W 2021-06-26 12:29:28.800 LabApp] 'ip' has moved from NotebookApp to ServerApp. This config will be passed to ServerApp. Be sure to update your config before our next release.
[W 2021-06-26 12:29:28.800 LabApp] 'port' has moved from NotebookApp to ServerApp. This config will be passed to ServerApp. Be sure to update your config before our next release.
[W 2021-06-26 12:29:28.800 LabApp] 'base_url' has moved from NotebookApp to ServerApp. This config will be passed to ServerApp. Be sure to update your config before our next release.
[W 2021-06-26 12:29:28.801 LabApp] 'token' has moved from NotebookApp to ServerApp. This config will be passed to ServerApp. Be sure to update your config before our next release.
[W 2021-06-26 12:29:28.801 LabApp] 'trust_xheaders' has moved from NotebookApp to ServerApp. This config will be passed to ServerApp. Be sure to update your config before our next release.
[W 2021-06-26 12:29:28.801 LabApp] 'allow_origin' has moved from NotebookApp to ServerApp. This config will be passed to ServerApp. Be sure to update your config before our next release.
[W 2021-06-26 12:29:28.802 LabApp] 'allow_origin_pat' has moved from NotebookApp to ServerApp. This config will be passed to ServerApp. Be sure to update your config before our next release.
[W 2021-06-26 12:29:28.802 LabApp] 'extra_template_paths' was found in both NotebookApp and ServerApp. This is likely a recent change. This config will only be set in NotebookApp. Please check if you should also config these traits in ServerApp for your purpose.
[W 2021-06-26 12:29:28.802 LabApp] 'jinja_template_vars' was found in both NotebookApp and ServerApp. This is likely a recent change. This config will only be set in NotebookApp. Please check if you should also config these traits in ServerApp for your purpose.
[W 2021-06-26 12:29:28.802 LabApp] 'shutdown_no_activity_timeout' has moved from NotebookApp to ServerApp. This config will be passed to ServerApp. Be sure to update your config before our next release.
[W 2021-06-26 12:29:28.802 LabApp] 'tornado_settings' has moved from NotebookApp to ServerApp. This config will be passed to ServerApp. Be sure to update your config before our next release.
[W 2021-06-26 12:29:28.802 LabApp] 'tornado_settings' has moved from NotebookApp to ServerApp. This config will be passed to ServerApp. Be sure to update your config before our next release.
[I 2021-06-26 12:29:28.818 LabApp] JupyterLab extension loaded from /srv/conda/envs/notebook/lib/python3.7/site-packages/jupyterlab
[I 2021-06-26 12:29:28.818 LabApp] JupyterLab application directory is /srv/conda/envs/notebook/share/jupyter/lab
[I 12:29:28.839 NotebookApp] nteract extension loaded from /srv/conda/envs/notebook/lib/python3.7/site-packages/nteract_on_jupyter
[I 12:29:28.843 NotebookApp] Will shut down after 600 seconds with no kernels or terminals.
[I 12:29:28.844 NotebookApp] Serving notebooks from local directory: /home/jovyan
[I 12:29:28.844 NotebookApp] Jupyter Notebook 6.2.0 is running at:
[I 12:29:28.844 NotebookApp] http://jupyter-shubhamsatyam54-2dds-2dc-2d-2doez71mu5:8888/user/shubhamsatyam54-ds-c--oez71mu5/?token=...
[I 12:29:28.844 NotebookApp]  or http://127.0.0.1:8888/user/shubhamsatyam54-ds-c--oez71mu5/?token=...
[I 12:29:28.844 NotebookApp] Use Control-C to stop this server and shut down all kernels (twice to skip confirmation).
[W 12:29:28.852 NotebookApp] No web browser found: could not locate runnable browser.
[I 12:29:28.858 NotebookApp] 302 GET /user/shubhamsatyam54-ds-c--oez71mu5/ (10.0.5.20) 2.220000ms
[I 12:29:31.622 NotebookApp] 302 GET /user/shubhamsatyam54-ds-c--oez71mu5/?token=BySBBq__SEyzF2wpbuGU6w (106.67.0.236) 1.000000ms
[I 12:30:06.680 NotebookApp] New terminal with automatic name: 1
TermSocket.open: 1
TermSocket.open: Opened 1
[W 2021-06-26 12:36:13.008 LabApp] 'ip' has moved from NotebookApp to ServerApp. This config will be passed to ServerApp. Be sure to update your config before our next release.
[W 2021-06-26 12:36:13.008 LabApp] 'port' has moved from NotebookApp to ServerApp. This config will be passed to ServerApp. Be sure to update your config before our next release.
[W 2021-06-26 12:36:13.008 LabApp] 'base_url' has moved from NotebookApp to ServerApp. This config will be passed to ServerApp. Be sure to update your config before our next release.
[W 2021-06-26 12:36:13.008 LabApp] 'token' has moved from NotebookApp to ServerApp. This config will be passed to ServerApp. Be sure to update your config before our next release.
[W 2021-06-26 12:36:13.008 LabApp] 'trust_xheaders' has moved from NotebookApp to ServerApp. This config will be passed to ServerApp. Be sure to update your config before our next release.
[W 2021-06-26 12:36:13.008 LabApp] 'allow_origin' has moved from NotebookApp to ServerApp. This config will be passed to ServerApp. Be sure to update your config before our next release.
[W 2021-06-26 12:36:13.008 LabApp] 'allow_origin_pat' has moved from NotebookApp to ServerApp. This config will be passed to ServerApp. Be sure to update your config before our next release.
[W 2021-06-26 12:36:13.008 LabApp] 'extra_template_paths' was found in both NotebookApp and ServerApp. This is likely a recent change. This config will only be set in NotebookApp. Please check if you should also config these traits in ServerApp for your purpose.
[W 2021-06-26 12:36:13.008 LabApp] 'jinja_template_vars' was found in both NotebookApp and ServerApp. This is likely a recent change. This config will only be set in NotebookApp. Please check if you should also config these traits in ServerApp for your purpose.
[W 2021-06-26 12:36:13.008 LabApp] 'shutdown_no_activity_timeout' has moved from NotebookApp to ServerApp. This config will be passed to ServerApp. Be sure to update your config before our next release.
[W 2021-06-26 12:36:13.008 LabApp] 'tornado_settings' has moved from NotebookApp to ServerApp. This config will be passed to ServerApp. Be sure to update your config before our next release.
[W 2021-06-26 12:36:13.008 LabApp] 'tornado_settings' has moved from NotebookApp to ServerApp. This config will be passed to ServerApp. Be sure to update your config before our next release.
[I 2021-06-26 12:36:13.022 LabApp] JupyterLab extension loaded from /srv/conda/envs/notebook/lib/python3.7/site-packages/jupyterlab
[I 2021-06-26 12:36:13.022 LabApp] JupyterLab application directory is /srv/conda/envs/notebook/share/jupyter/lab
[I 12:36:13.032 NotebookApp] nteract extension loaded from /srv/conda/envs/notebook/lib/python3.7/site-packages/nteract_on_jupyter
[I 12:36:13.034 NotebookApp] Will shut down after 600 seconds with no kernels or terminals.
[I 12:36:13.035 NotebookApp] Serving notebooks from local directory: /home/jovyan
[I 12:36:13.035 NotebookApp] Jupyter Notebook 6.2.0 is running at:
[I 12:36:13.035 NotebookApp] http://jupyter-shubhamsatyam54-2dds-2dc-2d-2dheup6u84:8888/user/shubhamsatyam54-ds-c--heup6u84/?token=...
[I 12:36:13.035 NotebookApp]  or http://127.0.0.1:8888/user/shubhamsatyam54-ds-c--heup6u84/?token=...
[I 12:36:13.035 NotebookApp] Use Control-C to stop this server and shut down all kernels (twice to skip confirmation).
[W 12:36:13.039 NotebookApp] No web browser found: could not locate runnable browser.
[I 12:36:14.375 NotebookApp] 302 GET /user/shubhamsatyam54-ds-c--heup6u84/ (10.0.5.20) 1.920000ms
[I 12:36:16.419 NotebookApp] 302 GET /user/shubhamsatyam54-ds-c--heup6u84/?token=HPJrsUIyQTWmSujh69bnTQ (106.67.0.236) 0.730000ms
[I 12:36:26.301 NotebookApp] New terminal with automatic name: 1
TermSocket.open: 1
TermSocket.open: Opened 1
[W 2021-06-26 17:46:35.639 LabApp] 'ip' has moved from NotebookApp to ServerApp. This config will be passed to ServerApp. Be sure to update your config before our next release.
[W 2021-06-26 17:46:35.639 LabApp] 'port' has moved from NotebookApp to ServerApp. This config will be passed to ServerApp. Be sure to update your config before our next release.
[W 2021-06-26 17:46:35.639 LabApp] 'base_url' has moved from NotebookApp to ServerApp. This config will be passed to ServerApp. Be sure to update your config before our next release.
[W 2021-06-26 17:46:35.639 LabApp] 'token' has moved from NotebookApp to ServerApp. This config will be passed to ServerApp. Be sure to update your config before our next release.
[W 2021-06-26 17:46:35.639 LabApp] 'trust_xheaders' has moved from NotebookApp to ServerApp. This config will be passed to ServerApp. Be sure to update your config before our next release.
[W 2021-06-26 17:46:35.639 LabApp] 'allow_origin' has moved from NotebookApp to ServerApp. This config will be passed to ServerApp. Be sure to update your config before our next release.
[W 2021-06-26 17:46:35.639 LabApp] 'allow_origin_pat' has moved from NotebookApp to ServerApp. This config will be passed to ServerApp. Be sure to update your config before our next release.
[W 2021-06-26 17:46:35.639 LabApp] 'extra_template_paths' was found in both NotebookApp and ServerApp. This is likely a recent change. This config will only be set in NotebookApp. Please check if you should also config these traits in ServerApp for your purpose.
[W 2021-06-26 17:46:35.639 LabApp] 'jinja_template_vars' was found in both NotebookApp and ServerApp. This is likely a recent change. This config will only be set in NotebookApp. Please check if you should also config these traits in ServerApp for your purpose.
[W 2021-06-26 17:46:35.639 LabApp] 'shutdown_no_activity_timeout' has moved from NotebookApp to ServerApp. This config will be passed to ServerApp. Be sure to update your config before our next release.
[W 2021-06-26 17:46:35.639 LabApp] 'tornado_settings' has moved from NotebookApp to ServerApp. This config will be passed to ServerApp. Be sure to update your config before our next release.
[W 2021-06-26 17:46:35.639 LabApp] 'tornado_settings' has moved from NotebookApp to ServerApp. This config will be passed to ServerApp. Be sure to update your config before our next release.
[I 2021-06-26 17:46:35.648 LabApp] JupyterLab extension loaded from /srv/conda/envs/notebook/lib/python3.7/site-packages/jupyterlab
[I 2021-06-26 17:46:35.648 LabApp] JupyterLab application directory is /srv/conda/envs/notebook/share/jupyter/lab
[I 17:46:35.658 NotebookApp] nteract extension loaded from /srv/conda/envs/notebook/lib/python3.7/site-packages/nteract_on_jupyter
[I 17:46:35.660 NotebookApp] Will shut down after 600 seconds with no kernels or terminals.
[I 17:46:35.661 NotebookApp] Serving notebooks from local directory: /home/jovyan
[I 17:46:35.661 NotebookApp] Jupyter Notebook 6.2.0 is running at:
[I 17:46:35.661 NotebookApp] http://jupyter-shubhamsatyam54-2dds-2dc-2d-2dic6coebm:8888/user/shubhamsatyam54-ds-c--ic6coebm/?token=...
[I 17:46:35.661 NotebookApp]  or http://127.0.0.1:8888/user/shubhamsatyam54-ds-c--ic6coebm/?token=...
[I 17:46:35.661 NotebookApp] Use Control-C to stop this server and shut down all kernels (twice to skip confirmation).
[W 17:46:35.666 NotebookApp] No web browser found: could not locate runnable browser.
[I 17:46:36.210 NotebookApp] 302 GET /user/shubhamsatyam54-ds-c--ic6coebm/ (10.0.5.20) 0.920000ms
[I 17:46:40.762 NotebookApp] 302 GET /user/shubhamsatyam54-ds-c--ic6coebm/?token=7U3DZ7DMQ56Pfo5fxLad1w (106.67.0.236) 0.690000ms
[W 17:47:11.448 NotebookApp] Notebook searching.ipynb is not trusted
[I 17:47:11.964 NotebookApp] Kernel started: fc10a4f1-d537-46f4-9cbf-29fe3c4e1380, name: xcpp17
[I 17:47:11.964 NotebookApp] Culling kernels with idle durations > 600 seconds at 60 second intervals ...
[I 17:47:11.964 NotebookApp] Culling kernels even with connected clients
[I 17:49:12.277 NotebookApp] Saving file at /searching.ipynb
[W 17:51:08.507 NotebookApp] Notebook sorting.ipynb is not trusted
[I 17:51:09.362 NotebookApp] Kernel started: 26e27fd7-fd03-405a-a413-aa0607ab58d9, name: xcpp17
[I 17:51:12.870 NotebookApp] Saving file at /searching.ipynb
[I 17:53:12.379 NotebookApp] Saving file at /searching.ipynb
[I 17:55:12.269 NotebookApp] Saving file at /searching.ipynb
[I 17:57:12.299 NotebookApp] Saving file at /searching.ipynb
[I 17:59:13.138 NotebookApp] Saving file at /searching.ipynb
[W 18:01:11.966 NotebookApp] Culling 'idle' kernel 'xcpp17' (26e27fd7-fd03-405a-a413-aa0607ab58d9) with 1 connections due to 600 seconds of inactivity.
[I 18:01:11.966 NotebookApp] Kernel shutdown: 26e27fd7-fd03-405a-a413-aa0607ab58d9
[I 18:01:12.324 NotebookApp] Saving file at /searching.ipynb
[I 18:03:12.344 NotebookApp] Saving file at /searching.ipynb
[I 18:05:12.278 NotebookApp] Saving file at /searching.ipynb
[W 18:07:11.965 NotebookApp] Culling 'idle' kernel 'xcpp17' (fc10a4f1-d537-46f4-9cbf-29fe3c4e1380) with 1 connections due to 645 seconds of inactivity.
[I 18:07:11.965 NotebookApp] Kernel shutdown: fc10a4f1-d537-46f4-9cbf-29fe3c4e1380
[I 18:07:12.271 NotebookApp] Saving file at /searching.ipynb
[I 18:07:38.132 NotebookApp] Saving file at /searching.ipynb
[W 18:07:39.183 NotebookApp] Notebook searching.ipynb is not trusted
[W 18:07:39.842 NotebookApp] Kernel 'fc10a4f1-d537-46f4-9cbf-29fe3c4e1380' appears to have been culled or died unexpectedly, invalidating session '7f2590ce-a553-43e9-8b7b-842966512b68'. The session has been removed.  Continuing...
[I 18:07:39.853 NotebookApp] Kernel started: dca64de3-457f-4e91-a682-526901a1cb29, name: xcpp17
[I 18:08:31.702 NotebookApp] Kernel restarted: dca64de3-457f-4e91-a682-526901a1cb29
[I 18:08:31.708 NotebookApp] Starting buffering for dca64de3-457f-4e91-a682-526901a1cb29:6fa9b3a4f87149de8e853ccc9a86aef6
[I 18:08:32.857 NotebookApp] Restoring connection for dca64de3-457f-4e91-a682-526901a1cb29:6fa9b3a4f87149de8e853ccc9a86aef6
[I 18:08:33.864 NotebookApp] Replaying 1 buffered messages
[I 18:09:05.588 NotebookApp] Kernel interrupted: dca64de3-457f-4e91-a682-526901a1cb29
[W 18:09:07.315 NotebookApp] IOPub message rate exceeded.
    The notebook server will temporarily stop sending output
    to the client in order to avoid crashing it.
    To change this limit, set the config variable
    `--NotebookApp.iopub_msg_rate_limit`.
    
    Current values:
    NotebookApp.iopub_msg_rate_limit=1000.0 (msgs/sec)
    NotebookApp.rate_limit_window=3.0 (secs)
    
[I 18:09:07.702 NotebookApp] KernelRestarter: restarting kernel (1/5), keep random ports
kernel dca64de3-457f-4e91-a682-526901a1cb29 restarted
[W 18:09:08.722 NotebookApp] iopub messages resumed
[W 18:09:09.279 NotebookApp] IOPub message rate exceeded.
    The notebook server will temporarily stop sending output
    to the client in order to avoid crashing it.
    To change this limit, set the config variable
    `--NotebookApp.iopub_msg_rate_limit`.
    
    Current values:
    NotebookApp.iopub_msg_rate_limit=1000.0 (msgs/sec)
    NotebookApp.rate_limit_window=3.0 (secs)
    
[W 18:09:09.678 NotebookApp] iopub messages resumed
[W 18:09:10.152 NotebookApp] IOPub message rate exceeded.
    The notebook server will temporarily stop sending output
    to the client in order to avoid crashing it.
    To change this limit, set the config variable
    `--NotebookApp.iopub_msg_rate_limit`.
    
    Current values:
    NotebookApp.iopub_msg_rate_limit=1000.0 (msgs/sec)
    NotebookApp.rate_limit_window=3.0 (secs)
    
[I 18:09:25.788 NotebookApp] Kernel restarted: dca64de3-457f-4e91-a682-526901a1cb29
[I 18:09:25.793 NotebookApp] Starting buffering for dca64de3-457f-4e91-a682-526901a1cb29:6fa9b3a4f87149de8e853ccc9a86aef6
[I 18:09:26.809 NotebookApp] Restoring connection for dca64de3-457f-4e91-a682-526901a1cb29:6fa9b3a4f87149de8e853ccc9a86aef6
[I 18:09:27.817 NotebookApp] Replaying 1 buffered messages
[I 18:09:40.273 NotebookApp] Saving file at /searching.ipynb
[I 18:11:40.208 NotebookApp] Saving file at /searching.ipynb
[I 18:13:40.430 NotebookApp] Saving file at /searching.ipynb
[I 18:15:40.212 NotebookApp] Saving file at /searching.ipynb
[I 18:17:37.757 NotebookApp] Starting buffering for dca64de3-457f-4e91-a682-526901a1cb29:6fa9b3a4f87149de8e853ccc9a86aef6
[I 18:17:37.877 NotebookApp] Kernel restarted: dca64de3-457f-4e91-a682-526901a1cb29
[I 18:17:39.257 NotebookApp] Restoring connection for dca64de3-457f-4e91-a682-526901a1cb29:6fa9b3a4f87149de8e853ccc9a86aef6
[I 18:17:39.762 NotebookApp] Replaying 3 buffered messages
[I 18:17:40.257 NotebookApp] Saving file at /searching.ipynb
[I 18:19:40.226 NotebookApp] Saving file at /searching.ipynb
[I 18:21:40.213 NotebookApp] Saving file at /searching.ipynb
[I 18:21:59.780 NotebookApp] Starting buffering for dca64de3-457f-4e91-a682-526901a1cb29:6fa9b3a4f87149de8e853ccc9a86aef6
[I 18:21:59.897 NotebookApp] Kernel restarted: dca64de3-457f-4e91-a682-526901a1cb29
[I 18:22:01.960 NotebookApp] Restoring connection for dca64de3-457f-4e91-a682-526901a1cb29:6fa9b3a4f87149de8e853ccc9a86aef6
[I 18:22:02.466 NotebookApp] Replaying 3 buffered messages
[I 18:23:40.214 NotebookApp] Saving file at /searching.ipynb
[I 18:25:40.587 NotebookApp] Saving file at /searching.ipynb
[I 18:27:40.208 NotebookApp] Saving file at /searching.ipynb
[I 18:29:40.796 NotebookApp] Saving file at /searching.ipynb
[I 18:31:40.279 NotebookApp] Saving file at /searching.ipynb
[I 18:32:17.660 NotebookApp] Kernel interrupted: dca64de3-457f-4e91-a682-526901a1cb29
[I 18:32:17.897 NotebookApp] KernelRestarter: restarting kernel (1/5), keep random ports
kernel dca64de3-457f-4e91-a682-526901a1cb29 restarted
[I 18:32:24.512 NotebookApp] Starting buffering for dca64de3-457f-4e91-a682-526901a1cb29:6fa9b3a4f87149de8e853ccc9a86aef6
[I 18:32:24.633 NotebookApp] Kernel restarted: dca64de3-457f-4e91-a682-526901a1cb29
[I 18:32:26.053 NotebookApp] Restoring connection for dca64de3-457f-4e91-a682-526901a1cb29:6fa9b3a4f87149de8e853ccc9a86aef6
[I 18:32:26.558 NotebookApp] Replaying 3 buffered messages
[I 18:32:54.066 NotebookApp] Starting buffering for dca64de3-457f-4e91-a682-526901a1cb29:6fa9b3a4f87149de8e853ccc9a86aef6
[I 18:32:54.181 NotebookApp] Kernel restarted: dca64de3-457f-4e91-a682-526901a1cb29
[I 18:32:55.334 NotebookApp] Restoring connection for dca64de3-457f-4e91-a682-526901a1cb29:6fa9b3a4f87149de8e853ccc9a86aef6
[I 18:32:56.340 NotebookApp] Replaying 3 buffered messages
[I 18:33:17.165 NotebookApp] Starting buffering for dca64de3-457f-4e91-a682-526901a1cb29:6fa9b3a4f87149de8e853ccc9a86aef6
[W 18:33:17.835 NotebookApp] Notebook searching.ipynb is not trusted
[I 18:37:20.369 NotebookApp] Saving file at /searching.ipynb
[W 18:37:20.370 NotebookApp] Notebook searching.ipynb is not trusted
[I 18:37:20.825 NotebookApp] Kernel interrupted: dca64de3-457f-4e91-a682-526901a1cb29
[I 18:37:21.182 NotebookApp] KernelRestarter: restarting kernel (1/5), keep random ports
kernel dca64de3-457f-4e91-a682-526901a1cb29 restarted
[I 18:37:26.385 NotebookApp] New terminal with automatic name: 1
TermSocket.open: 1
TermSocket.open: Opened 1
[I 18:39:13.624 NotebookApp] Starting buffering for dca64de3-457f-4e91-a682-526901a1cb29:a8b28b6f59b344fe8cbfaa29287143f8
[W 18:39:14.272 NotebookApp] Notebook searching.ipynb is not trusted
[I 18:39:49.850 NotebookApp] Starting buffering for dca64de3-457f-4e91-a682-526901a1cb29:489b9f7502234893ad043c54c39b0bf7
[I 18:39:54.899 NotebookApp] Kernel restarted: dca64de3-457f-4e91-a682-526901a1cb29
[I 18:39:56.292 NotebookApp] Restoring connection for dca64de3-457f-4e91-a682-526901a1cb29:489b9f7502234893ad043c54c39b0bf7
[I 18:41:17.316 NotebookApp] Saving file at /searching.ipynb
[I 18:43:15.618 NotebookApp] Saving file at /searching.ipynb
[I 18:45:15.690 NotebookApp] Saving file at /searching.ipynb
[I 18:47:16.011 NotebookApp] Saving file at /searching.ipynb
[I 18:49:15.640 NotebookApp] Saving file at /searching.ipynb
[I 18:49:33.899 NotebookApp] KernelRestarter: restarting kernel (1/5), keep random ports
kernel dca64de3-457f-4e91-a682-526901a1cb29 restarted
[I 18:50:20.365 NotebookApp] Starting buffering for dca64de3-457f-4e91-a682-526901a1cb29:489b9f7502234893ad043c54c39b0bf7
[I 18:50:20.490 NotebookApp] Kernel restarted: dca64de3-457f-4e91-a682-526901a1cb29
[I 18:50:21.684 NotebookApp] Restoring connection for dca64de3-457f-4e91-a682-526901a1cb29:489b9f7502234893ad043c54c39b0bf7
[I 18:50:22.691 NotebookApp] Replaying 3 buffered messages
[I 18:51:15.631 NotebookApp] Saving file at /searching.ipynb
[W 2021-06-28 03:48:23.924 LabApp] 'ip' has moved from NotebookApp to ServerApp. This config will be passed to ServerApp. Be sure to update your config before our next release.
[W 2021-06-28 03:48:23.925 LabApp] 'port' has moved from NotebookApp to ServerApp. This config will be passed to ServerApp. Be sure to update your config before our next release.
[W 2021-06-28 03:48:23.925 LabApp] 'base_url' has moved from NotebookApp to ServerApp. This config will be passed to ServerApp. Be sure to update your config before our next release.
[W 2021-06-28 03:48:23.925 LabApp] 'token' has moved from NotebookApp to ServerApp. This config will be passed to ServerApp. Be sure to update your config before our next release.
[W 2021-06-28 03:48:23.925 LabApp] 'trust_xheaders' has moved from NotebookApp to ServerApp. This config will be passed to ServerApp. Be sure to update your config before our next release.
[W 2021-06-28 03:48:23.925 LabApp] 'allow_origin' has moved from NotebookApp to ServerApp. This config will be passed to ServerApp. Be sure to update your config before our next release.
[W 2021-06-28 03:48:23.925 LabApp] 'allow_origin_pat' has moved from NotebookApp to ServerApp. This config will be passed to ServerApp. Be sure to update your config before our next release.
[W 2021-06-28 03:48:23.925 LabApp] 'extra_template_paths' was found in both NotebookApp and ServerApp. This is likely a recent change. This config will only be set in NotebookApp. Please check if you should also config these traits in ServerApp for your purpose.
[W 2021-06-28 03:48:23.925 LabApp] 'jinja_template_vars' was found in both NotebookApp and ServerApp. This is likely a recent change. This config will only be set in NotebookApp. Please check if you should also config these traits in ServerApp for your purpose.
[W 2021-06-28 03:48:23.925 LabApp] 'shutdown_no_activity_timeout' has moved from NotebookApp to ServerApp. This config will be passed to ServerApp. Be sure to update your config before our next release.
[W 2021-06-28 03:48:23.925 LabApp] 'tornado_settings' has moved from NotebookApp to ServerApp. This config will be passed to ServerApp. Be sure to update your config before our next release.
[W 2021-06-28 03:48:23.925 LabApp] 'tornado_settings' has moved from NotebookApp to ServerApp. This config will be passed to ServerApp. Be sure to update your config before our next release.
[I 2021-06-28 03:48:23.934 LabApp] JupyterLab extension loaded from /srv/conda/envs/notebook/lib/python3.7/site-packages/jupyterlab
[I 2021-06-28 03:48:23.934 LabApp] JupyterLab application directory is /srv/conda/envs/notebook/share/jupyter/lab
[I 03:48:23.945 NotebookApp] nteract extension loaded from /srv/conda/envs/notebook/lib/python3.7/site-packages/nteract_on_jupyter
[I 03:48:23.947 NotebookApp] Will shut down after 600 seconds with no kernels or terminals.
[I 03:48:23.948 NotebookApp] Serving notebooks from local directory: /home/jovyan
[I 03:48:23.948 NotebookApp] Jupyter Notebook 6.2.0 is running at:
[I 03:48:23.948 NotebookApp] http://jupyter-shubhamsatyam54-2dds-2dc-2d-2d1mxspgjv:8888/user/shubhamsatyam54-ds-c--1mxspgjv/?token=...
[I 03:48:23.948 NotebookApp]  or http://127.0.0.1:8888/user/shubhamsatyam54-ds-c--1mxspgjv/?token=...
[I 03:48:23.948 NotebookApp] Use Control-C to stop this server and shut down all kernels (twice to skip confirmation).
[W 03:48:23.953 NotebookApp] No web browser found: could not locate runnable browser.
[I 03:48:25.184 NotebookApp] 302 GET /user/shubhamsatyam54-ds-c--1mxspgjv/ (10.0.5.20) 0.890000ms
[I 03:48:36.580 NotebookApp] 302 GET /user/shubhamsatyam54-ds-c--1mxspgjv/?token=fZ0I8s5vRZaVBg_Puic1UA (106.79.48.142) 0.730000ms
[I 03:49:21.274 NotebookApp] Kernel started: 05c7fa7e-dfde-4597-adac-0d4730d215bb, name: xcpp17
[I 03:49:21.275 NotebookApp] Culling kernels with idle durations > 600 seconds at 60 second intervals ...
[I 03:49:21.275 NotebookApp] Culling kernels even with connected clients
[I 03:49:22.791 NotebookApp] Kernel started: 582cdb72-d06c-46c7-b2b7-7d126eb93961, name: xcpp17
[W 03:49:47.109 NotebookApp] Notebook Untitled.ipynb is not trusted
[I 03:49:47.674 NotebookApp] Kernel started: a998ac17-c149-4b1a-989e-5fd13bee4385, name: xcpp17
[I 03:57:48.348 NotebookApp] Saving file at /Untitled.ipynb
[W 03:57:48.348 NotebookApp] Notebook Untitled.ipynb is not trusted
[W 04:00:21.276 NotebookApp] Culling 'idle' kernel 'xcpp17' (582cdb72-d06c-46c7-b2b7-7d126eb93961) with 1 connections due to 637 seconds of inactivity.
[I 04:00:21.277 NotebookApp] Kernel shutdown: 582cdb72-d06c-46c7-b2b7-7d126eb93961
[W 04:01:21.276 NotebookApp] Culling 'idle' kernel 'xcpp17' (05c7fa7e-dfde-4597-adac-0d4730d215bb) with 1 connections due to 653 seconds of inactivity.
[I 04:01:21.276 NotebookApp] Kernel shutdown: 05c7fa7e-dfde-4597-adac-0d4730d215bb
[W 04:01:21.378 NotebookApp] Culling 'idle' kernel 'xcpp17' (a998ac17-c149-4b1a-989e-5fd13bee4385) with 1 connections due to 652 seconds of inactivity.
[I 04:01:21.380 NotebookApp] Kernel shutdown: a998ac17-c149-4b1a-989e-5fd13bee4385
[I 04:01:48.340 NotebookApp] Saving file at /Untitled.ipynb
[W 04:01:48.340 NotebookApp] Notebook Untitled.ipynb is not trusted
[I 04:04:35.525 NotebookApp] Creating new notebook in 
[I 04:04:38.537 NotebookApp] Kernel started: c7f246a3-008e-4ae9-9fad-00c0ed6b64c4, name: xcpp17
[I 04:06:39.596 NotebookApp] Saving file at /stack.ipynb
[W 04:08:36.768 NotebookApp] Notebook inheritance types.ipynb is not trusted
[I 04:08:37.646 NotebookApp] Kernel started: fa61d5c1-29ac-4067-bea7-a2b3fb5d93b6, name: xcpp17
[I 04:08:39.341 NotebookApp] Saving file at /stack.ipynb
[I 04:10:39.529 NotebookApp] Saving file at /stack.ipynb
[I 04:12:38.933 NotebookApp] Saving file at /stack.ipynb
[I 04:14:38.940 NotebookApp] Saving file at /stack.ipynb
[I 04:16:38.991 NotebookApp] Saving file at /stack.ipynb
[I 04:18:38.936 NotebookApp] Saving file at /stack.ipynb
[W 04:19:21.276 NotebookApp] Culling 'idle' kernel 'xcpp17' (fa61d5c1-29ac-4067-bea7-a2b3fb5d93b6) with 1 connections due to 640 seconds of inactivity.
[I 04:19:21.277 NotebookApp] Kernel shutdown: fa61d5c1-29ac-4067-bea7-a2b3fb5d93b6
[I 04:20:38.958 NotebookApp] Saving file at /stack.ipynb
[I 04:22:38.922 NotebookApp] Saving file at /stack.ipynb
[W 04:24:21.276 NotebookApp] Culling 'idle' kernel 'xcpp17' (c7f246a3-008e-4ae9-9fad-00c0ed6b64c4) with 1 connections due to 643 seconds of inactivity.
[I 04:24:21.276 NotebookApp] Kernel shutdown: c7f246a3-008e-4ae9-9fad-00c0ed6b64c4
[I 04:24:38.931 NotebookApp] Saving file at /stack.ipynb
[I 04:26:39.033 NotebookApp] Saving file at /stack.ipynb
[E 04:26:55.113 NotebookApp] Exception restarting kernel
    Traceback (most recent call last):
      File "/srv/conda/envs/notebook/lib/python3.7/site-packages/notebook/services/kernels/handlers.py", line 83, in post
        yield maybe_future(km.restart_kernel(kernel_id))
      File "/srv/conda/envs/notebook/lib/python3.7/site-packages/tornado/gen.py", line 762, in run
        value = future.result()
      File "/srv/conda/envs/notebook/lib/python3.7/site-packages/notebook/services/kernels/kernelmanager.py", line 313, in restart_kernel
        self._check_kernel_id(kernel_id)
      File "/srv/conda/envs/notebook/lib/python3.7/site-packages/notebook/services/kernels/kernelmanager.py", line 394, in _check_kernel_id
        raise web.HTTPError(404, u'Kernel does not exist: %s' % kernel_id)
    tornado.web.HTTPError: HTTP 404: Not Found (Kernel does not exist: c7f246a3-008e-4ae9-9fad-00c0ed6b64c4)
[E 04:26:55.119 NotebookApp] {
      "Cookie": "username-hub-gke2-mybinder-org=\"2|1:0|10:1624852117|30:username-hub-gke2-mybinder-org|44:ZjBmYTI4ZWYyZjI5NGM4NTgxMzgyOTgxNTM2ZTgyZDE=|3adce785666ddc05f9c01d0eb936d9a2c26970ad63a83f734915b10310a2fc75\"; _xsrf=2|f1355816|e25cda1ef429e1afb3713b9f343ee17c|1624465543",
      "Accept-Language": "en-US,en;q=0.9",
      "Accept-Encoding": "gzip, deflate, br",
      "Referer": "https://hub.gke2.mybinder.org/user/shubhamsatyam54-ds-c--1mxspgjv/notebooks/stack.ipynb",
      "Sec-Fetch-Dest": "empty",
      "Sec-Fetch-Mode": "cors",
      "Sec-Fetch-Site": "same-origin",
      "Origin": "https://hub.gke2.mybinder.org",
      "User-Agent": "Mozilla/5.0 (Windows NT 10.0; Win64; x64) AppleWebKit/537.36 (KHTML, like Gecko) Chrome/91.0.4472.114 Safari/537.36 Edg/91.0.864.59",
      "Sec-Ch-Ua-Mobile": "?0",
      "X-Requested-With": "XMLHttpRequest",
      "X-Xsrftoken": "2|f1355816|e25cda1ef429e1afb3713b9f343ee17c|1624465543",
      "Accept": "application/json, text/javascript, */*; q=0.01",
      "Sec-Ch-Ua": "\" Not;A Brand\";v=\"99\", \"Microsoft Edge\";v=\"91\", \"Chromium\";v=\"91\"",
      "Content-Length": "0",
      "X-Scheme": "https",
      "X-Forwarded-Port": "443,80",
      "X-Forwarded-Host": "hub.gke2.mybinder.org",
      "X-Forwarded-Proto": "https,http",
      "X-Forwarded-For": "106.79.48.142,::ffff:10.0.15.52",
      "X-Real-Ip": "106.79.48.142",
      "X-Request-Id": "94f34f6c71768d9c86c3d5c72a4ac44b",
      "Host": "hub.gke2.mybinder.org",
      "Connection": "close"
    }
[E 04:26:55.119 NotebookApp] 500 POST /user/shubhamsatyam54-ds-c--1mxspgjv/api/kernels/c7f246a3-008e-4ae9-9fad-00c0ed6b64c4/restart (106.79.48.142) 6.960000ms referer=https://hub.gke2.mybinder.org/user/shubhamsatyam54-ds-c--1mxspgjv/notebooks/stack.ipynb
[W 04:26:55.608 NotebookApp] 410 DELETE /user/shubhamsatyam54-ds-c--1mxspgjv/api/sessions/9f1e549f-081c-4ce7-bef1-4b802c84a4c7 (106.79.48.142): Kernel deleted before session
[W 04:26:55.608 NotebookApp] Kernel deleted before session
[W 04:26:55.608 NotebookApp] 410 DELETE /user/shubhamsatyam54-ds-c--1mxspgjv/api/sessions/9f1e549f-081c-4ce7-bef1-4b802c84a4c7 (106.79.48.142) 1.940000ms referer=https://hub.gke2.mybinder.org/user/shubhamsatyam54-ds-c--1mxspgjv/notebooks/stack.ipynb
[I 04:26:56.072 NotebookApp] Kernel started: f0178919-5880-447e-964e-08916aef84b7, name: xcpp17
[I 04:28:38.959 NotebookApp] Saving file at /stack.ipynb
[W 04:29:07.233 NotebookApp] Replacing stale connection: f0178919-5880-447e-964e-08916aef84b7:7ad58e63a9464d758b227ece78346612
[I 04:29:10.650 NotebookApp] Starting buffering for f0178919-5880-447e-964e-08916aef84b7:7ad58e63a9464d758b227ece78346612
[I 04:29:10.652 NotebookApp] Restoring connection for f0178919-5880-447e-964e-08916aef84b7:7ad58e63a9464d758b227ece78346612
[I 04:29:17.393 NotebookApp] Starting buffering for f0178919-5880-447e-964e-08916aef84b7:7ad58e63a9464d758b227ece78346612
[I 04:29:17.510 NotebookApp] Kernel restarted: f0178919-5880-447e-964e-08916aef84b7
[I 04:29:18.736 NotebookApp] Restoring connection for f0178919-5880-447e-964e-08916aef84b7:7ad58e63a9464d758b227ece78346612
[I 04:29:19.743 NotebookApp] Replaying 3 buffered messages
[I 04:30:38.915 NotebookApp] Saving file at /stack.ipynb
[I 04:32:38.923 NotebookApp] Saving file at /stack.ipynb
[I 04:34:14.594 NotebookApp] Starting buffering for f0178919-5880-447e-964e-08916aef84b7:7ad58e63a9464d758b227ece78346612
[I 04:34:14.710 NotebookApp] Kernel restarted: f0178919-5880-447e-964e-08916aef84b7
[I 04:34:36.879 NotebookApp] Kernel restarted: f0178919-5880-447e-964e-08916aef84b7
[I 04:34:38.134 NotebookApp] Restoring connection for f0178919-5880-447e-964e-08916aef84b7:7ad58e63a9464d758b227ece78346612
[I 04:34:38.925 NotebookApp] Saving file at /stack.ipynb
[I 04:34:39.140 NotebookApp] Replaying 6 buffered messages
[I 04:34:45.859 NotebookApp] Saving file at /stack.ipynb
[I 04:34:46.248 NotebookApp] Starting buffering for f0178919-5880-447e-964e-08916aef84b7:7ad58e63a9464d758b227ece78346612
[W 04:34:47.459 NotebookApp] Notebook stack.ipynb is not trusted
[W 04:35:57.937 NotebookApp] 404 GET /user/shubhamsatyam54-ds-c--1mxspgjv/api/kernels/fa61d5c1-29ac-4067-bea7-a2b3fb5d93b6/channels?session_id=362409711c1d41ec87e66223e2e5bca2 (1.187.125.195): Kernel does not exist: fa61d5c1-29ac-4067-bea7-a2b3fb5d93b6
[W 04:35:57.948 NotebookApp] 404 GET /user/shubhamsatyam54-ds-c--1mxspgjv/api/kernels/fa61d5c1-29ac-4067-bea7-a2b3fb5d93b6/channels?session_id=362409711c1d41ec87e66223e2e5bca2 (1.187.125.195) 13.350000ms referer=None
[W 04:36:01.790 NotebookApp] Replacing stale connection: fa61d5c1-29ac-4067-bea7-a2b3fb5d93b6:362409711c1d41ec87e66223e2e5bca2
[I 04:36:48.645 NotebookApp] Saving file at /stack.ipynb
[W 04:37:01.791 NotebookApp] Replacing stale connection: fa61d5c1-29ac-4067-bea7-a2b3fb5d93b6:362409711c1d41ec87e66223e2e5bca2
[W 04:38:01.790 NotebookApp] Replacing stale connection: fa61d5c1-29ac-4067-bea7-a2b3fb5d93b6:362409711c1d41ec87e66223e2e5bca2
[I 04:38:48.632 NotebookApp] Saving file at /stack.ipynb
[W 04:39:08.013 NotebookApp] Replacing stale connection: fa61d5c1-29ac-4067-bea7-a2b3fb5d93b6:362409711c1d41ec87e66223e2e5bca2
[W 04:40:08.013 NotebookApp] Replacing stale connection: fa61d5c1-29ac-4067-bea7-a2b3fb5d93b6:362409711c1d41ec87e66223e2e5bca2
[I 04:40:49.449 NotebookApp] Saving file at /stack.ipynb
[W 04:41:08.014 NotebookApp] Replacing stale connection: fa61d5c1-29ac-4067-bea7-a2b3fb5d93b6:362409711c1d41ec87e66223e2e5bca2
[I 04:42:49.412 NotebookApp] Saving file at /stack.ipynb
[I 04:44:48.633 NotebookApp] Saving file at /stack.ipynb
[I 04:46:49.789 NotebookApp] Saving file at /stack.ipynb
[I 04:48:48.653 NotebookApp] Saving file at /stack.ipynb
[I 04:49:47.051 NotebookApp] Kernel interrupted: f0178919-5880-447e-964e-08916aef84b7
[I 04:49:48.879 NotebookApp] KernelRestarter: restarting kernel (1/5), keep random ports
kernel f0178919-5880-447e-964e-08916aef84b7 restarted
[I 04:50:49.415 NotebookApp] Saving file at /stack.ipynb
[I 04:52:49.059 NotebookApp] Saving file at /stack.ipynb
[I 04:54:49.321 NotebookApp] Saving file at /stack.ipynb
[I 04:56:49.893 NotebookApp] Saving file at /stack.ipynb
[I 04:57:57.981 NotebookApp] New terminal with automatic name: 1
[I 05:02:41.339 NotebookApp] New terminal with automatic name: 2
TermSocket.open: 2
TermSocket.open: Opened 2
Websocket closed
[I 05:03:55.430 NotebookApp] Starting buffering for f0178919-5880-447e-964e-08916aef84b7:11097c1708e6429a9b59509dd388e37d
[I 05:04:00.234 NotebookApp] Creating new notebook in 
[I 05:04:03.016 NotebookApp] Kernel started: 2a97ca2f-a38d-468d-8586-8c55496d2ec3, name: xcpp17
[W 05:05:21.276 NotebookApp] Culling 'idle' kernel 'xcpp17' (f0178919-5880-447e-964e-08916aef84b7) with 0 connections due to 611 seconds of inactivity.
[I 05:05:21.277 NotebookApp] Kernel shutdown: f0178919-5880-447e-964e-08916aef84b7
[I 05:06:04.346 NotebookApp] Saving file at /Untitled1.ipynb
[I 05:08:04.303 NotebookApp] Saving file at /Untitled1.ipynb
[W 05:09:10.214 NotebookApp] Notebook stack.ipynb is not trusted
[I 05:09:10.963 NotebookApp] Kernel started: c59c530f-6f9b-4a88-95e8-24795e170e63, name: xcpp17
[W 05:09:18.603 NotebookApp] Notebook stack.ipynb is not trusted
[I 05:12:04.344 NotebookApp] Saving file at /tower of hanoi.ipynb
[W 05:17:21.277 NotebookApp] Culling 'idle' kernel 'xcpp17' (2a97ca2f-a38d-468d-8586-8c55496d2ec3) with 1 connections due to 653 seconds of inactivity.
[I 05:17:21.277 NotebookApp] Kernel shutdown: 2a97ca2f-a38d-468d-8586-8c55496d2ec3
[W 05:19:21.276 NotebookApp] Culling 'idle' kernel 'xcpp17' (c59c530f-6f9b-4a88-95e8-24795e170e63) with 1 connections due to 607 seconds of inactivity.
[I 05:19:21.277 NotebookApp] Kernel shutdown: c59c530f-6f9b-4a88-95e8-24795e170e63
[I 05:34:51.440 NotebookApp] Saving file at /tower of hanoi.ipynb
[I 05:36:03.376 NotebookApp] Saving file at /tower of hanoi.ipynb
[E 05:37:53.622 NotebookApp] Exception restarting kernel
    Traceback (most recent call last):
      File "/srv/conda/envs/notebook/lib/python3.7/site-packages/notebook/services/kernels/handlers.py", line 83, in post
        yield maybe_future(km.restart_kernel(kernel_id))
      File "/srv/conda/envs/notebook/lib/python3.7/site-packages/tornado/gen.py", line 762, in run
        value = future.result()
      File "/srv/conda/envs/notebook/lib/python3.7/site-packages/notebook/services/kernels/kernelmanager.py", line 313, in restart_kernel
        self._check_kernel_id(kernel_id)
      File "/srv/conda/envs/notebook/lib/python3.7/site-packages/notebook/services/kernels/kernelmanager.py", line 394, in _check_kernel_id
        raise web.HTTPError(404, u'Kernel does not exist: %s' % kernel_id)
    tornado.web.HTTPError: HTTP 404: Not Found (Kernel does not exist: 2a97ca2f-a38d-468d-8586-8c55496d2ec3)
[E 05:37:53.623 NotebookApp] {
      "Cookie": "username-hub-gke2-mybinder-org=\"2|1:0|10:1624852117|30:username-hub-gke2-mybinder-org|44:ZjBmYTI4ZWYyZjI5NGM4NTgxMzgyOTgxNTM2ZTgyZDE=|3adce785666ddc05f9c01d0eb936d9a2c26970ad63a83f734915b10310a2fc75\"; _xsrf=2|f1355816|e25cda1ef429e1afb3713b9f343ee17c|1624465543",
      "Accept-Language": "en-US,en;q=0.9",
      "Accept-Encoding": "gzip, deflate, br",
      "Referer": "https://hub.gke2.mybinder.org/user/shubhamsatyam54-ds-c--1mxspgjv/notebooks/tower%20of%20hanoi.ipynb",
      "Sec-Fetch-Dest": "empty",
      "Sec-Fetch-Mode": "cors",
      "Sec-Fetch-Site": "same-origin",
      "Origin": "https://hub.gke2.mybinder.org",
      "User-Agent": "Mozilla/5.0 (Windows NT 10.0; Win64; x64) AppleWebKit/537.36 (KHTML, like Gecko) Chrome/91.0.4472.114 Safari/537.36 Edg/91.0.864.59",
      "Sec-Ch-Ua-Mobile": "?0",
      "X-Requested-With": "XMLHttpRequest",
      "X-Xsrftoken": "2|f1355816|e25cda1ef429e1afb3713b9f343ee17c|1624465543",
      "Accept": "application/json, text/javascript, */*; q=0.01",
      "Sec-Ch-Ua": "\" Not;A Brand\";v=\"99\", \"Microsoft Edge\";v=\"91\", \"Chromium\";v=\"91\"",
      "Content-Length": "0",
      "X-Scheme": "https",
      "X-Forwarded-Port": "443,80",
      "X-Forwarded-Host": "hub.gke2.mybinder.org",
      "X-Forwarded-Proto": "https,http",
      "X-Forwarded-For": "1.187.125.195,::ffff:10.0.17.70",
      "X-Real-Ip": "1.187.125.195",
      "X-Request-Id": "0772d6879a79d67801d72f41a42153e0",
      "Host": "hub.gke2.mybinder.org",
      "Connection": "close"
    }
[E 05:37:53.623 NotebookApp] 500 POST /user/shubhamsatyam54-ds-c--1mxspgjv/api/kernels/2a97ca2f-a38d-468d-8586-8c55496d2ec3/restart (1.187.125.195) 2.000000ms referer=https://hub.gke2.mybinder.org/user/shubhamsatyam54-ds-c--1mxspgjv/notebooks/tower%20of%20hanoi.ipynb
[W 05:37:54.011 NotebookApp] 410 DELETE /user/shubhamsatyam54-ds-c--1mxspgjv/api/sessions/7ec4c6c2-ba4e-4c4b-ac0c-fa069933076e (1.187.125.195): Kernel deleted before session
[W 05:37:54.012 NotebookApp] Kernel deleted before session
[W 05:37:54.012 NotebookApp] 410 DELETE /user/shubhamsatyam54-ds-c--1mxspgjv/api/sessions/7ec4c6c2-ba4e-4c4b-ac0c-fa069933076e (1.187.125.195) 1.990000ms referer=https://hub.gke2.mybinder.org/user/shubhamsatyam54-ds-c--1mxspgjv/notebooks/tower%20of%20hanoi.ipynb
[I 05:37:54.423 NotebookApp] Kernel started: 8f15ee4f-2e4d-4ab8-8a70-50139ee3943f, name: xcpp17
[I 05:38:04.045 NotebookApp] Saving file at /tower of hanoi.ipynb
[I 05:38:09.422 NotebookApp] KernelRestarter: restarting kernel (1/5), keep random ports
kernel 8f15ee4f-2e4d-4ab8-8a70-50139ee3943f restarted
[I 05:38:15.434 NotebookApp] KernelRestarter: restarting kernel (1/5), keep random ports
kernel 8f15ee4f-2e4d-4ab8-8a70-50139ee3943f restarted
[I 05:38:24.444 NotebookApp] KernelRestarter: restarting kernel (1/5), keep random ports
kernel 8f15ee4f-2e4d-4ab8-8a70-50139ee3943f restarted
[I 05:38:42.454 NotebookApp] KernelRestarter: restarting kernel (1/5), keep random ports
kernel 8f15ee4f-2e4d-4ab8-8a70-50139ee3943f restarted
[I 05:38:57.464 NotebookApp] KernelRestarter: restarting kernel (1/5), keep random ports
kernel 8f15ee4f-2e4d-4ab8-8a70-50139ee3943f restarted
[I 05:39:24.473 NotebookApp] KernelRestarter: restarting kernel (1/5), keep random ports
kernel 8f15ee4f-2e4d-4ab8-8a70-50139ee3943f restarted
[I 05:39:27.862 NotebookApp] Starting buffering for 8f15ee4f-2e4d-4ab8-8a70-50139ee3943f:399a8fc262e141aa8ea3b6979fb1ba7b
[I 05:39:27.982 NotebookApp] Kernel restarted: 8f15ee4f-2e4d-4ab8-8a70-50139ee3943f
[I 05:39:29.258 NotebookApp] Restoring connection for 8f15ee4f-2e4d-4ab8-8a70-50139ee3943f:399a8fc262e141aa8ea3b6979fb1ba7b
[I 05:39:30.265 NotebookApp] Replaying 3 buffered messages
[I 05:39:48.982 NotebookApp] KernelRestarter: restarting kernel (1/5), keep random ports
kernel 8f15ee4f-2e4d-4ab8-8a70-50139ee3943f restarted
[I 05:40:04.301 NotebookApp] Saving file at /tower of hanoi.ipynb
[I 05:40:21.994 NotebookApp] KernelRestarter: restarting kernel (1/5), keep random ports
kernel 8f15ee4f-2e4d-4ab8-8a70-50139ee3943f restarted
[I 05:40:49.004 NotebookApp] KernelRestarter: restarting kernel (1/5), keep random ports
kernel 8f15ee4f-2e4d-4ab8-8a70-50139ee3943f restarted
[I 05:42:03.505 NotebookApp] Saving file at /tower of hanoi.ipynb
[I 05:44:04.330 NotebookApp] Saving file at /tower of hanoi.ipynb
[I 05:50:04.338 NotebookApp] Saving file at /tower of hanoi.ipynb
[I 05:52:04.349 NotebookApp] Saving file at /tower of hanoi.ipynb
[I 05:54:03.372 NotebookApp] Saving file at /tower of hanoi.ipynb
[I 05:55:58.974 NotebookApp] Copying stack.ipynb to 
[W 05:55:58.979 NotebookApp] Notebook stack.ipynb is not trusted
[I 05:56:04.310 NotebookApp] Saving file at /tower of hanoi.ipynb
[I 05:56:24.711 NotebookApp] Kernel started: a658ebcd-088e-4037-a0d1-5a00a6125784, name: xcpp17
[I 05:57:15.818 NotebookApp] Creating new notebook in 
[I 05:57:20.238 NotebookApp] Kernel started: 14748ac2-7843-49a2-b080-83e93e407915, name: xcpp17
[I 05:57:25.535 NotebookApp] Starting buffering for 14748ac2-7843-49a2-b080-83e93e407915:6862d1bbc6a1413f8b175360a9c5ac05
[I 05:57:31.844 NotebookApp] Kernel shutdown: 14748ac2-7843-49a2-b080-83e93e407915
[W 05:57:31.948 NotebookApp] delete /Untitled1.ipynb
[I 05:57:35.806 NotebookApp] New terminal with automatic name: 3
[E 05:57:36.730 NotebookApp] Uncaught exception GET /user/shubhamsatyam54-ds-c--1mxspgjv/api/metrics/v1 (1.187.125.195)
    HTTPServerRequest(protocol='https', host='hub.gke2.mybinder.org', method='GET', uri='/user/shubhamsatyam54-ds-c--1mxspgjv/api/metrics/v1', version='HTTP/1.1', remote_ip='1.187.125.195')
    Traceback (most recent call last):
      File "/srv/conda/envs/notebook/lib/python3.7/site-packages/psutil/_common.py", line 447, in wrapper
        ret = self._cache[fun]
    AttributeError: 'Process' object has no attribute '_cache'
    
    During handling of the above exception, another exception occurred:
    
    Traceback (most recent call last):
      File "/srv/conda/envs/notebook/lib/python3.7/site-packages/psutil/_pslinux.py", line 1576, in wrapper
        return fun(self, *args, **kwargs)
      File "/srv/conda/envs/notebook/lib/python3.7/site-packages/psutil/_pslinux.py", line 1810, in memory_info
        with open_binary("%s/%s/statm" % (self._procfs_path, self.pid)) as f:
      File "/srv/conda/envs/notebook/lib/python3.7/site-packages/psutil/_common.py", line 711, in open_binary
        return open(fname, "rb", **kwargs)
    FileNotFoundError: [Errno 2] No such file or directory: '/proc/2315/statm'
    
    During handling of the above exception, another exception occurred:
    
    Traceback (most recent call last):
      File "/srv/conda/envs/notebook/lib/python3.7/site-packages/tornado/web.py", line 1704, in _execute
        result = await result
      File "/srv/conda/envs/notebook/lib/python3.7/site-packages/jupyter_resource_usage/api.py", line 31, in get
        rss = sum([p.memory_info().rss for p in all_processes])
      File "/srv/conda/envs/notebook/lib/python3.7/site-packages/jupyter_resource_usage/api.py", line 31, in <listcomp>
        rss = sum([p.memory_info().rss for p in all_processes])
      File "/srv/conda/envs/notebook/lib/python3.7/site-packages/psutil/_common.py", line 450, in wrapper
        return fun(self)
      File "/srv/conda/envs/notebook/lib/python3.7/site-packages/psutil/__init__.py", line 1054, in memory_info
        return self._proc.memory_info()
      File "/srv/conda/envs/notebook/lib/python3.7/site-packages/psutil/_pslinux.py", line 1583, in wrapper
        raise NoSuchProcess(self.pid, self._name)
    psutil.NoSuchProcess: psutil.NoSuchProcess process no longer exists (pid=2315)
[E 05:57:36.744 NotebookApp] {
      "Cookie": "username-hub-gke2-mybinder-org=\"2|1:0|10:1624852117|30:username-hub-gke2-mybinder-org|44:ZjBmYTI4ZWYyZjI5NGM4NTgxMzgyOTgxNTM2ZTgyZDE=|3adce785666ddc05f9c01d0eb936d9a2c26970ad63a83f734915b10310a2fc75\"; _xsrf=2|f1355816|e25cda1ef429e1afb3713b9f343ee17c|1624465543",
      "If-None-Match": "\"224c5b9bf3b5ecd6f4492c5af27a6fe2ec95605b\"",
      "Accept-Language": "en-US,en;q=0.9",
      "Accept-Encoding": "gzip, deflate, br",
      "Referer": "https://hub.gke2.mybinder.org/user/shubhamsatyam54-ds-c--1mxspgjv/notebooks/stack.ipynb",
      "Sec-Fetch-Dest": "empty",
      "Sec-Fetch-Mode": "cors",
      "Sec-Fetch-Site": "same-origin",
      "User-Agent": "Mozilla/5.0 (Windows NT 10.0; Win64; x64) AppleWebKit/537.36 (KHTML, like Gecko) Chrome/91.0.4472.114 Safari/537.36 Edg/91.0.864.59",
      "Sec-Ch-Ua-Mobile": "?0",
      "X-Requested-With": "XMLHttpRequest",
      "Accept": "application/json, text/javascript, */*; q=0.01",
      "Sec-Ch-Ua": "\" Not;A Brand\";v=\"99\", \"Microsoft Edge\";v=\"91\", \"Chromium\";v=\"91\"",
      "X-Scheme": "https",
      "X-Forwarded-Port": "443,80",
      "X-Forwarded-Host": "hub.gke2.mybinder.org",
      "X-Forwarded-Proto": "https,http",
      "X-Forwarded-For": "1.187.125.195,::ffff:10.0.17.70",
      "X-Real-Ip": "1.187.125.195",
      "X-Request-Id": "e9047e1c7675d9ed380528921b67ded3",
      "Host": "hub.gke2.mybinder.org",
      "Connection": "close"
    }
[E 05:57:36.744 NotebookApp] 500 GET /user/shubhamsatyam54-ds-c--1mxspgjv/api/metrics/v1 (1.187.125.195) 16.290000ms referer=https://hub.gke2.mybinder.org/user/shubhamsatyam54-ds-c--1mxspgjv/notebooks/stack.ipynb
[E 05:57:37.342 NotebookApp] Uncaught exception GET /user/shubhamsatyam54-ds-c--1mxspgjv/api/metrics/v1 (1.187.125.195)
    HTTPServerRequest(protocol='https', host='hub.gke2.mybinder.org', method='GET', uri='/user/shubhamsatyam54-ds-c--1mxspgjv/api/metrics/v1', version='HTTP/1.1', remote_ip='1.187.125.195')
    Traceback (most recent call last):
      File "/srv/conda/envs/notebook/lib/python3.7/site-packages/psutil/_common.py", line 447, in wrapper
        ret = self._cache[fun]
    AttributeError: 'Process' object has no attribute '_cache'
    
    During handling of the above exception, another exception occurred:
    
    Traceback (most recent call last):
      File "/srv/conda/envs/notebook/lib/python3.7/site-packages/psutil/_pslinux.py", line 1576, in wrapper
        return fun(self, *args, **kwargs)
      File "/srv/conda/envs/notebook/lib/python3.7/site-packages/psutil/_pslinux.py", line 1810, in memory_info
        with open_binary("%s/%s/statm" % (self._procfs_path, self.pid)) as f:
      File "/srv/conda/envs/notebook/lib/python3.7/site-packages/psutil/_common.py", line 711, in open_binary
        return open(fname, "rb", **kwargs)
    FileNotFoundError: [Errno 2] No such file or directory: '/proc/2587/statm'
    
    During handling of the above exception, another exception occurred:
    
    Traceback (most recent call last):
      File "/srv/conda/envs/notebook/lib/python3.7/site-packages/tornado/web.py", line 1704, in _execute
        result = await result
      File "/srv/conda/envs/notebook/lib/python3.7/site-packages/jupyter_resource_usage/api.py", line 31, in get
        rss = sum([p.memory_info().rss for p in all_processes])
      File "/srv/conda/envs/notebook/lib/python3.7/site-packages/jupyter_resource_usage/api.py", line 31, in <listcomp>
        rss = sum([p.memory_info().rss for p in all_processes])
      File "/srv/conda/envs/notebook/lib/python3.7/site-packages/psutil/_common.py", line 450, in wrapper
        return fun(self)
      File "/srv/conda/envs/notebook/lib/python3.7/site-packages/psutil/__init__.py", line 1054, in memory_info
        return self._proc.memory_info()
      File "/srv/conda/envs/notebook/lib/python3.7/site-packages/psutil/_pslinux.py", line 1583, in wrapper
        raise NoSuchProcess(self.pid, self._name)
    psutil.NoSuchProcess: psutil.NoSuchProcess process no longer exists (pid=2587)
[E 05:57:37.344 NotebookApp] {
      "Cookie": "username-hub-gke2-mybinder-org=\"2|1:0|10:1624852117|30:username-hub-gke2-mybinder-org|44:ZjBmYTI4ZWYyZjI5NGM4NTgxMzgyOTgxNTM2ZTgyZDE=|3adce785666ddc05f9c01d0eb936d9a2c26970ad63a83f734915b10310a2fc75\"; _xsrf=2|f1355816|e25cda1ef429e1afb3713b9f343ee17c|1624465543",
      "Accept-Language": "en-US,en;q=0.9",
      "Accept-Encoding": "gzip, deflate, br",
      "Referer": "https://hub.gke2.mybinder.org/user/shubhamsatyam54-ds-c--1mxspgjv/notebooks/stack.ipynb",
      "Sec-Fetch-Dest": "empty",
      "Sec-Fetch-Mode": "cors",
      "Sec-Fetch-Site": "same-origin",
      "User-Agent": "Mozilla/5.0 (Windows NT 10.0; Win64; x64) AppleWebKit/537.36 (KHTML, like Gecko) Chrome/91.0.4472.114 Safari/537.36 Edg/91.0.864.59",
      "Sec-Ch-Ua-Mobile": "?0",
      "X-Requested-With": "XMLHttpRequest",
      "Accept": "application/json, text/javascript, */*; q=0.01",
      "Sec-Ch-Ua": "\" Not;A Brand\";v=\"99\", \"Microsoft Edge\";v=\"91\", \"Chromium\";v=\"91\"",
      "X-Scheme": "https",
      "X-Forwarded-Port": "443,80",
      "X-Forwarded-Host": "hub.gke2.mybinder.org",
      "X-Forwarded-Proto": "https,http",
      "X-Forwarded-For": "1.187.125.195,::ffff:10.0.17.70",
      "X-Real-Ip": "1.187.125.195",
      "X-Request-Id": "9728f8ff243005289431849857572781",
      "Host": "hub.gke2.mybinder.org",
      "Connection": "close"
    }
[E 05:57:37.345 NotebookApp] 500 GET /user/shubhamsatyam54-ds-c--1mxspgjv/api/metrics/v1 (1.187.125.195) 5.130000ms referer=https://hub.gke2.mybinder.org/user/shubhamsatyam54-ds-c--1mxspgjv/notebooks/stack.ipynb
TermSocket.open: 3
TermSocket.open: Opened 3
[I 05:58:16.179 NotebookApp] Creating new file in 
[I 05:58:27.479 NotebookApp] Saving file at /stack_import.ipynb
[I 05:59:34.025 NotebookApp] Saving file at /untitled.txt
[I 06:01:00.653 NotebookApp] Saving file at /tower of hanoi.ipynb
[I 06:01:01.066 NotebookApp] Starting buffering for 8f15ee4f-2e4d-4ab8-8a70-50139ee3943f:399a8fc262e141aa8ea3b6979fb1ba7b
[W 06:01:01.896 NotebookApp] Notebook tower of hanoi.ipynb is not trusted
[I 06:01:24.463 NotebookApp] Kernel restarted: 8f15ee4f-2e4d-4ab8-8a70-50139ee3943f
[I 06:01:25.912 NotebookApp] Discarding 3 buffered messages for 8f15ee4f-2e4d-4ab8-8a70-50139ee3943f:399a8fc262e141aa8ea3b6979fb1ba7b
[W 06:01:32.213 NotebookApp] Replacing stale connection: 8f15ee4f-2e4d-4ab8-8a70-50139ee3943f:4ec9ce6bee2e448ebdcd89970cf8ec02
[I 06:01:32.601 NotebookApp] Starting buffering for 8f15ee4f-2e4d-4ab8-8a70-50139ee3943f:4ec9ce6bee2e448ebdcd89970cf8ec02
[I 06:01:32.603 NotebookApp] Restoring connection for 8f15ee4f-2e4d-4ab8-8a70-50139ee3943f:4ec9ce6bee2e448ebdcd89970cf8ec02
[I 06:01:33.511 NotebookApp] Starting buffering for 8f15ee4f-2e4d-4ab8-8a70-50139ee3943f:4ec9ce6bee2e448ebdcd89970cf8ec02
[I 06:01:35.765 NotebookApp] Restoring connection for 8f15ee4f-2e4d-4ab8-8a70-50139ee3943f:4ec9ce6bee2e448ebdcd89970cf8ec02
[I 06:01:35.765 NotebookApp] Replaying 17 buffered messages
[I 06:01:36.464 NotebookApp] KernelRestarter: restarting kernel (1/5), keep random ports
kernel 8f15ee4f-2e4d-4ab8-8a70-50139ee3943f restarted
[I 06:03:02.757 NotebookApp] Saving file at /tower of hanoi.ipynb
[I 06:05:02.758 NotebookApp] Saving file at /tower of hanoi.ipynb
[I 06:07:05.164 NotebookApp] Saving file at /tower of hanoi.ipynb
[W 06:07:21.276 NotebookApp] Culling 'idle' kernel 'xcpp17' (a658ebcd-088e-4037-a0d1-5a00a6125784) with 1 connections due to 626 seconds of inactivity.
[I 06:07:21.276 NotebookApp] Kernel shutdown: a658ebcd-088e-4037-a0d1-5a00a6125784
[I 06:09:02.785 NotebookApp] Saving file at /tower of hanoi.ipynb
[I 06:11:03.329 NotebookApp] Saving file at /tower of hanoi.ipynb
[I 06:13:02.779 NotebookApp] Saving file at /tower of hanoi.ipynb
[I 06:13:39.677 NotebookApp] Creating new notebook in 
[I 06:13:42.655 NotebookApp] Kernel started: 84b2521f-7522-41f1-ae8c-2719c1b97ea8, name: xcpp17
[I 06:15:04.690 NotebookApp] Saving file at /tower of hanoi.ipynb
[I 06:15:43.349 NotebookApp] Saving file at /Queue.ipynb
[W 06:16:21.276 NotebookApp] Culling 'idle' kernel 'xcpp17' (8f15ee4f-2e4d-4ab8-8a70-50139ee3943f) with 1 connections due to 621 seconds of inactivity.
[I 06:16:21.277 NotebookApp] Kernel shutdown: 8f15ee4f-2e4d-4ab8-8a70-50139ee3943f
[I 06:17:43.026 NotebookApp] Saving file at /Queue.ipynb
[I 06:19:43.046 NotebookApp] Saving file at /Queue.ipynb
[I 06:21:43.075 NotebookApp] Saving file at /Queue.ipynb
[I 06:23:43.052 NotebookApp] Saving file at /Queue.ipynb
[I 06:25:43.169 NotebookApp] Saving file at /Queue.ipynb
[I 06:27:43.025 NotebookApp] Saving file at /Queue.ipynb
[I 06:29:43.069 NotebookApp] Saving file at /Queue.ipynb
[I 06:31:43.768 NotebookApp] Saving file at /Queue.ipynb
[I 06:33:44.147 NotebookApp] Saving file at /Queue.ipynb
[I 06:39:43.799 NotebookApp] Saving file at /Queue.ipynb
[W 06:42:21.276 NotebookApp] Culling 'idle' kernel 'xcpp17' (84b2521f-7522-41f1-ae8c-2719c1b97ea8) with 1 connections due to 604 seconds of inactivity.
[I 06:42:21.277 NotebookApp] Kernel shutdown: 84b2521f-7522-41f1-ae8c-2719c1b97ea8
[I 06:47:59.944 NotebookApp] Creating new notebook in 
[I 06:48:03.763 NotebookApp] Kernel started: 80728024-0732-4a56-b0f0-58b395488b68, name: xcpp17
[I 06:50:04.364 NotebookApp] Saving file at /Circular Queue.ipynb
[I 06:51:12.484 NotebookApp] Saving file at /stack.ipynb
[I 06:53:11.510 NotebookApp] Saving file at /stack.ipynb
[E 06:53:25.418 NotebookApp] Exception restarting kernel
    Traceback (most recent call last):
      File "/srv/conda/envs/notebook/lib/python3.7/site-packages/notebook/services/kernels/handlers.py", line 83, in post
        yield maybe_future(km.restart_kernel(kernel_id))
      File "/srv/conda/envs/notebook/lib/python3.7/site-packages/tornado/gen.py", line 762, in run
        value = future.result()
      File "/srv/conda/envs/notebook/lib/python3.7/site-packages/notebook/services/kernels/kernelmanager.py", line 313, in restart_kernel
        self._check_kernel_id(kernel_id)
      File "/srv/conda/envs/notebook/lib/python3.7/site-packages/notebook/services/kernels/kernelmanager.py", line 394, in _check_kernel_id
        raise web.HTTPError(404, u'Kernel does not exist: %s' % kernel_id)
    tornado.web.HTTPError: HTTP 404: Not Found (Kernel does not exist: c59c530f-6f9b-4a88-95e8-24795e170e63)
[E 06:53:25.419 NotebookApp] {
      "Cookie": "username-hub-gke2-mybinder-org=\"2|1:0|10:1624852117|30:username-hub-gke2-mybinder-org|44:ZjBmYTI4ZWYyZjI5NGM4NTgxMzgyOTgxNTM2ZTgyZDE=|3adce785666ddc05f9c01d0eb936d9a2c26970ad63a83f734915b10310a2fc75\"; _xsrf=2|f1355816|e25cda1ef429e1afb3713b9f343ee17c|1624465543",
      "Accept-Language": "en-US,en;q=0.9",
      "Accept-Encoding": "gzip, deflate, br",
      "Referer": "https://hub.gke2.mybinder.org/user/shubhamsatyam54-ds-c--1mxspgjv/notebooks/stack.ipynb",
      "Sec-Fetch-Dest": "empty",
      "Sec-Fetch-Mode": "cors",
      "Sec-Fetch-Site": "same-origin",
      "Origin": "https://hub.gke2.mybinder.org",
      "User-Agent": "Mozilla/5.0 (Windows NT 10.0; Win64; x64) AppleWebKit/537.36 (KHTML, like Gecko) Chrome/91.0.4472.114 Safari/537.36 Edg/91.0.864.59",
      "Sec-Ch-Ua-Mobile": "?0",
      "X-Requested-With": "XMLHttpRequest",
      "X-Xsrftoken": "2|f1355816|e25cda1ef429e1afb3713b9f343ee17c|1624465543",
      "Accept": "application/json, text/javascript, */*; q=0.01",
      "Sec-Ch-Ua": "\" Not;A Brand\";v=\"99\", \"Microsoft Edge\";v=\"91\", \"Chromium\";v=\"91\"",
      "Content-Length": "0",
      "X-Scheme": "https",
      "X-Forwarded-Port": "443,80",
      "X-Forwarded-Host": "hub.gke2.mybinder.org",
      "X-Forwarded-Proto": "https,http",
      "X-Forwarded-For": "1.187.125.195,::ffff:10.0.14.6",
      "X-Real-Ip": "1.187.125.195",
      "X-Request-Id": "626440c1a334cbe1b9b046cbcc928a34",
      "Host": "hub.gke2.mybinder.org",
      "Connection": "close"
    }
[E 06:53:25.420 NotebookApp] 500 POST /user/shubhamsatyam54-ds-c--1mxspgjv/api/kernels/c59c530f-6f9b-4a88-95e8-24795e170e63/restart (1.187.125.195) 1.830000ms referer=https://hub.gke2.mybinder.org/user/shubhamsatyam54-ds-c--1mxspgjv/notebooks/stack.ipynb
[W 06:53:25.840 NotebookApp] 404 DELETE /user/shubhamsatyam54-ds-c--1mxspgjv/api/sessions/53adb452-46aa-4eec-9a8a-07e6aa42c2f9 (1.187.125.195): Session not found: session_id='53adb452-46aa-4eec-9a8a-07e6aa42c2f9'
[W 06:53:25.840 NotebookApp] Session not found: session_id='53adb452-46aa-4eec-9a8a-07e6aa42c2f9'
[W 06:53:25.841 NotebookApp] 404 DELETE /user/shubhamsatyam54-ds-c--1mxspgjv/api/sessions/53adb452-46aa-4eec-9a8a-07e6aa42c2f9 (1.187.125.195) 2.460000ms referer=https://hub.gke2.mybinder.org/user/shubhamsatyam54-ds-c--1mxspgjv/notebooks/stack.ipynb
[I 06:53:26.328 NotebookApp] Kernel started: e5f0365e-8891-43b5-8287-8fdc903dd0cc, name: xcpp17
[I 06:55:11.387 NotebookApp] Saving file at /stack.ipynb
[W 2021-06-28 11:52:11.550 LabApp] 'ip' has moved from NotebookApp to ServerApp. This config will be passed to ServerApp. Be sure to update your config before our next release.
[W 2021-06-28 11:52:11.550 LabApp] 'port' has moved from NotebookApp to ServerApp. This config will be passed to ServerApp. Be sure to update your config before our next release.
[W 2021-06-28 11:52:11.550 LabApp] 'base_url' has moved from NotebookApp to ServerApp. This config will be passed to ServerApp. Be sure to update your config before our next release.
[W 2021-06-28 11:52:11.550 LabApp] 'token' has moved from NotebookApp to ServerApp. This config will be passed to ServerApp. Be sure to update your config before our next release.
[W 2021-06-28 11:52:11.550 LabApp] 'trust_xheaders' has moved from NotebookApp to ServerApp. This config will be passed to ServerApp. Be sure to update your config before our next release.
[W 2021-06-28 11:52:11.550 LabApp] 'allow_origin' has moved from NotebookApp to ServerApp. This config will be passed to ServerApp. Be sure to update your config before our next release.
[W 2021-06-28 11:52:11.551 LabApp] 'allow_origin_pat' has moved from NotebookApp to ServerApp. This config will be passed to ServerApp. Be sure to update your config before our next release.
[W 2021-06-28 11:52:11.551 LabApp] 'extra_template_paths' was found in both NotebookApp and ServerApp. This is likely a recent change. This config will only be set in NotebookApp. Please check if you should also config these traits in ServerApp for your purpose.
[W 2021-06-28 11:52:11.551 LabApp] 'jinja_template_vars' was found in both NotebookApp and ServerApp. This is likely a recent change. This config will only be set in NotebookApp. Please check if you should also config these traits in ServerApp for your purpose.
[W 2021-06-28 11:52:11.551 LabApp] 'shutdown_no_activity_timeout' has moved from NotebookApp to ServerApp. This config will be passed to ServerApp. Be sure to update your config before our next release.
[W 2021-06-28 11:52:11.551 LabApp] 'tornado_settings' has moved from NotebookApp to ServerApp. This config will be passed to ServerApp. Be sure to update your config before our next release.
[W 2021-06-28 11:52:11.551 LabApp] 'tornado_settings' has moved from NotebookApp to ServerApp. This config will be passed to ServerApp. Be sure to update your config before our next release.
[I 2021-06-28 11:52:11.560 LabApp] JupyterLab extension loaded from /srv/conda/envs/notebook/lib/python3.7/site-packages/jupyterlab
[I 2021-06-28 11:52:11.561 LabApp] JupyterLab application directory is /srv/conda/envs/notebook/share/jupyter/lab
[I 11:52:11.573 NotebookApp] nteract extension loaded from /srv/conda/envs/notebook/lib/python3.7/site-packages/nteract_on_jupyter
[I 11:52:11.576 NotebookApp] Will shut down after 600 seconds with no kernels or terminals.
[I 11:52:11.577 NotebookApp] Serving notebooks from local directory: /home/jovyan
[I 11:52:11.577 NotebookApp] Jupyter Notebook 6.2.0 is running at:
[I 11:52:11.577 NotebookApp] http://jupyter-shubhamsatyam54-2dds-2dc-2d-2d7tqmfsr0:8888/user/shubhamsatyam54-ds-c--7tqmfsr0/?token=...
[I 11:52:11.577 NotebookApp]  or http://127.0.0.1:8888/user/shubhamsatyam54-ds-c--7tqmfsr0/?token=...
[I 11:52:11.577 NotebookApp] Use Control-C to stop this server and shut down all kernels (twice to skip confirmation).
[W 11:52:11.583 NotebookApp] No web browser found: could not locate runnable browser.
[I 11:52:11.586 NotebookApp] 302 GET /user/shubhamsatyam54-ds-c--7tqmfsr0/ (10.0.5.20) 0.770000ms
[I 11:52:13.003 NotebookApp] 302 GET /user/shubhamsatyam54-ds-c--7tqmfsr0/?token=1LY1ZJUaT4aSv_u7JBJJFA (49.15.151.192) 1.010000ms
[W 11:52:30.396 NotebookApp] Notebook Circular Queue.ipynb is not trusted
[I 11:52:30.875 NotebookApp] Kernel started: 425e7343-e5e7-475b-baaa-a2f91256dcec, name: xcpp17
[I 11:52:30.876 NotebookApp] Culling kernels with idle durations > 600 seconds at 60 second intervals ...
[I 11:52:30.876 NotebookApp] Culling kernels even with connected clients
[W 11:53:15.126 NotebookApp] Notebook Queue.ipynb is not trusted
[I 11:53:15.672 NotebookApp] Kernel started: ec590746-46db-4aff-ae8d-d054b7582b1a, name: xcpp17
[I 11:54:31.651 NotebookApp] Saving file at /Circular Queue.ipynb
[W 11:57:39.872 NotebookApp] WebSocket ping timeout after 119669 ms.
[I 11:57:44.874 NotebookApp] Starting buffering for ec590746-46db-4aff-ae8d-d054b7582b1a:11d0eb0945dd404789dfb9f0e02ad6e2
[W 11:58:04.030 NotebookApp] WebSocket ping timeout after 119490 ms.
[I 11:58:09.032 NotebookApp] Starting buffering for 425e7343-e5e7-475b-baaa-a2f91256dcec:19a2cc3f77c545cfa80226afc23808a3
[I 11:59:48.948 NotebookApp] Saving file at /Circular Queue.ipynb
[W 11:59:50.162 NotebookApp] Notebook Circular Queue.ipynb is not trusted
[I 12:00:15.046 NotebookApp] Kernel restarted: 425e7343-e5e7-475b-baaa-a2f91256dcec
[I 12:00:19.144 NotebookApp] Restoring connection for ec590746-46db-4aff-ae8d-d054b7582b1a:11d0eb0945dd404789dfb9f0e02ad6e2
[I 12:00:20.682 NotebookApp] Discarding 3 buffered messages for 425e7343-e5e7-475b-baaa-a2f91256dcec:19a2cc3f77c545cfa80226afc23808a3
[W 12:00:21.815 NotebookApp] Replacing stale connection: 425e7343-e5e7-475b-baaa-a2f91256dcec:3e307f7822e94d05884c078ac6556339
[I 12:00:22.203 NotebookApp] Starting buffering for 425e7343-e5e7-475b-baaa-a2f91256dcec:3e307f7822e94d05884c078ac6556339
[I 12:00:22.204 NotebookApp] Restoring connection for 425e7343-e5e7-475b-baaa-a2f91256dcec:3e307f7822e94d05884c078ac6556339
[I 12:00:24.623 NotebookApp] Starting buffering for 425e7343-e5e7-475b-baaa-a2f91256dcec:3e307f7822e94d05884c078ac6556339
[I 12:00:25.387 NotebookApp] Restoring connection for 425e7343-e5e7-475b-baaa-a2f91256dcec:3e307f7822e94d05884c078ac6556339
[I 12:01:51.622 NotebookApp] Saving file at /Circular Queue.ipynb
[I 12:03:50.971 NotebookApp] Saving file at /Circular Queue.ipynb
[I 12:05:50.924 NotebookApp] Saving file at /Circular Queue.ipynb
[I 12:07:50.925 NotebookApp] Saving file at /Circular Queue.ipynb
[I 12:09:50.955 NotebookApp] Saving file at /Circular Queue.ipynb
[W 12:10:30.877 NotebookApp] Culling 'idle' kernel 'xcpp17' (425e7343-e5e7-475b-baaa-a2f91256dcec) with 1 connections due to 605 seconds of inactivity.
[I 12:10:30.878 NotebookApp] Kernel shutdown: 425e7343-e5e7-475b-baaa-a2f91256dcec
[W 12:10:30.979 NotebookApp] Culling 'idle' kernel 'xcpp17' (ec590746-46db-4aff-ae8d-d054b7582b1a) with 1 connections due to 611 seconds of inactivity.
[I 12:10:30.980 NotebookApp] Kernel shutdown: ec590746-46db-4aff-ae8d-d054b7582b1a
[I 12:11:50.961 NotebookApp] Saving file at /Circular Queue.ipynb
[I 12:13:51.519 NotebookApp] Saving file at /Circular Queue.ipynb
[I 12:23:50.925 NotebookApp] Saving file at /Circular Queue.ipynb
[I 12:25:50.929 NotebookApp] Saving file at /Circular Queue.ipynb
[W 12:28:25.389 NotebookApp] WebSocket ping timeout after 119664 ms.
[W 12:31:23.995 NotebookApp] 404 GET /user/shubhamsatyam54-ds-c--7tqmfsr0/api/kernels/425e7343-e5e7-475b-baaa-a2f91256dcec/channels?session_id=3e307f7822e94d05884c078ac6556339 (157.35.244.12): Kernel does not exist: 425e7343-e5e7-475b-baaa-a2f91256dcec
[W 12:31:24.010 NotebookApp] 404 GET /user/shubhamsatyam54-ds-c--7tqmfsr0/api/kernels/425e7343-e5e7-475b-baaa-a2f91256dcec/channels?session_id=3e307f7822e94d05884c078ac6556339 (157.35.244.12) 17.530000ms referer=None
[W 12:31:25.170 NotebookApp] 404 GET /user/shubhamsatyam54-ds-c--7tqmfsr0/api/kernels/ec590746-46db-4aff-ae8d-d054b7582b1a/channels?session_id=11d0eb0945dd404789dfb9f0e02ad6e2 (157.42.124.167): Kernel does not exist: ec590746-46db-4aff-ae8d-d054b7582b1a
[W 12:31:25.171 NotebookApp] 404 GET /user/shubhamsatyam54-ds-c--7tqmfsr0/api/kernels/ec590746-46db-4aff-ae8d-d054b7582b1a/channels?session_id=11d0eb0945dd404789dfb9f0e02ad6e2 (157.42.124.167) 4.910000ms referer=None
[W 12:31:29.542 NotebookApp] Replacing stale connection: 425e7343-e5e7-475b-baaa-a2f91256dcec:3e307f7822e94d05884c078ac6556339
[W 12:32:14.700 NotebookApp] Replacing stale connection: ec590746-46db-4aff-ae8d-d054b7582b1a:11d0eb0945dd404789dfb9f0e02ad6e2
[W 12:32:29.542 NotebookApp] Replacing stale connection: 425e7343-e5e7-475b-baaa-a2f91256dcec:3e307f7822e94d05884c078ac6556339
[W 12:32:50.021 NotebookApp] Kernel '425e7343-e5e7-475b-baaa-a2f91256dcec' appears to have been culled or died unexpectedly, invalidating session 'e8caee90-8e5a-4723-9825-46f0c09fb94d'. The session has been removed.  Continuing...
[I 12:32:50.039 NotebookApp] Kernel started: 85a7cd97-c18e-471c-9300-c3e087a0b6d4, name: xcpp17
[W 12:33:14.699 NotebookApp] Replacing stale connection: ec590746-46db-4aff-ae8d-d054b7582b1a:11d0eb0945dd404789dfb9f0e02ad6e2
[W 12:33:29.543 NotebookApp] Replacing stale connection: 425e7343-e5e7-475b-baaa-a2f91256dcec:3e307f7822e94d05884c078ac6556339
[W 12:34:14.703 NotebookApp] Replacing stale connection: ec590746-46db-4aff-ae8d-d054b7582b1a:11d0eb0945dd404789dfb9f0e02ad6e2
[I 12:34:50.399 NotebookApp] Saving file at /Circular Queue.ipynb
[I 12:35:00.239 NotebookApp] New terminal with automatic name: 1
[E 12:35:01.193 NotebookApp] Uncaught exception GET /user/shubhamsatyam54-ds-c--7tqmfsr0/api/metrics/v1 (157.42.124.167)
    HTTPServerRequest(protocol='https', host='hub.gke2.mybinder.org', method='GET', uri='/user/shubhamsatyam54-ds-c--7tqmfsr0/api/metrics/v1', version='HTTP/1.1', remote_ip='157.42.124.167')
    Traceback (most recent call last):
      File "/srv/conda/envs/notebook/lib/python3.7/site-packages/psutil/_common.py", line 447, in wrapper
        ret = self._cache[fun]
    AttributeError: 'Process' object has no attribute '_cache'
    
    During handling of the above exception, another exception occurred:
    
    Traceback (most recent call last):
      File "/srv/conda/envs/notebook/lib/python3.7/site-packages/psutil/_pslinux.py", line 1576, in wrapper
        return fun(self, *args, **kwargs)
      File "/srv/conda/envs/notebook/lib/python3.7/site-packages/psutil/_pslinux.py", line 1810, in memory_info
        with open_binary("%s/%s/statm" % (self._procfs_path, self.pid)) as f:
      File "/srv/conda/envs/notebook/lib/python3.7/site-packages/psutil/_common.py", line 711, in open_binary
        return open(fname, "rb", **kwargs)
    FileNotFoundError: [Errno 2] No such file or directory: '/proc/879/statm'
    
    During handling of the above exception, another exception occurred:
    
    Traceback (most recent call last):
      File "/srv/conda/envs/notebook/lib/python3.7/site-packages/tornado/web.py", line 1704, in _execute
        result = await result
      File "/srv/conda/envs/notebook/lib/python3.7/site-packages/jupyter_resource_usage/api.py", line 31, in get
        rss = sum([p.memory_info().rss for p in all_processes])
      File "/srv/conda/envs/notebook/lib/python3.7/site-packages/jupyter_resource_usage/api.py", line 31, in <listcomp>
        rss = sum([p.memory_info().rss for p in all_processes])
      File "/srv/conda/envs/notebook/lib/python3.7/site-packages/psutil/_common.py", line 450, in wrapper
        return fun(self)
      File "/srv/conda/envs/notebook/lib/python3.7/site-packages/psutil/__init__.py", line 1054, in memory_info
        return self._proc.memory_info()
      File "/srv/conda/envs/notebook/lib/python3.7/site-packages/psutil/_pslinux.py", line 1583, in wrapper
        raise NoSuchProcess(self.pid, self._name)
    psutil.NoSuchProcess: psutil.NoSuchProcess process no longer exists (pid=879)
[E 12:35:01.204 NotebookApp] {
      "Cookie": "username-hub-gke2-mybinder-org=\"2|1:0|10:1624881133|30:username-hub-gke2-mybinder-org|44:ZGEyZGFlZDM5MTMwNDYwMDkzN2ZjOTlkNmUxYWY5MDU=|d80f481f36c9893992227a248b3372e2fbaddc0063d2c8d16b5ac7d3bb68956d\"; _xsrf=2|f1355816|e25cda1ef429e1afb3713b9f343ee17c|1624465543",
      "If-None-Match": "\"9da13941098244805c472170c80f62338931bea9\"",
      "Accept-Language": "en-US,en;q=0.9",
      "Accept-Encoding": "gzip, deflate, br",
      "Referer": "https://hub.gke2.mybinder.org/user/shubhamsatyam54-ds-c--7tqmfsr0/notebooks/Circular%20Queue.ipynb",
      "Sec-Fetch-Dest": "empty",
      "Sec-Fetch-Mode": "cors",
      "Sec-Fetch-Site": "same-origin",
      "User-Agent": "Mozilla/5.0 (Windows NT 10.0; Win64; x64) AppleWebKit/537.36 (KHTML, like Gecko) Chrome/91.0.4472.114 Safari/537.36 Edg/91.0.864.59",
      "Sec-Ch-Ua-Mobile": "?0",
      "X-Requested-With": "XMLHttpRequest",
      "Accept": "application/json, text/javascript, */*; q=0.01",
      "Sec-Ch-Ua": "\" Not;A Brand\";v=\"99\", \"Microsoft Edge\";v=\"91\", \"Chromium\";v=\"91\"",
      "X-Scheme": "https",
      "X-Forwarded-Port": "443,80",
      "X-Forwarded-Host": "hub.gke2.mybinder.org",
      "X-Forwarded-Proto": "https,http",
      "X-Forwarded-For": "157.42.124.167,::ffff:10.0.15.52",
      "X-Real-Ip": "157.42.124.167",
      "X-Request-Id": "4cb87a5362b119aea3c4910204e1558a",
      "Host": "hub.gke2.mybinder.org",
      "Connection": "close"
    }
[E 12:35:01.205 NotebookApp] 500 GET /user/shubhamsatyam54-ds-c--7tqmfsr0/api/metrics/v1 (157.42.124.167) 13.010000ms referer=https://hub.gke2.mybinder.org/user/shubhamsatyam54-ds-c--7tqmfsr0/notebooks/Circular%20Queue.ipynb
[I 12:35:06.422 NotebookApp] Kernel restarted: 85a7cd97-c18e-471c-9300-c3e087a0b6d4
TermSocket.open: 1
TermSocket.open: Opened 1
[I 12:35:19.299 NotebookApp] Kernel restarted: 85a7cd97-c18e-471c-9300-c3e087a0b6d4
[W 12:35:19.763 NotebookApp] Replacing stale connection: 85a7cd97-c18e-471c-9300-c3e087a0b6d4:df757fd16bc2453292b7adad6b1e2209
[I 12:35:20.116 NotebookApp] Starting buffering for 85a7cd97-c18e-471c-9300-c3e087a0b6d4:df757fd16bc2453292b7adad6b1e2209
[I 12:35:20.119 NotebookApp] Restoring connection for 85a7cd97-c18e-471c-9300-c3e087a0b6d4:df757fd16bc2453292b7adad6b1e2209
[W 12:35:21.883 NotebookApp] Replacing stale connection: 85a7cd97-c18e-471c-9300-c3e087a0b6d4:df757fd16bc2453292b7adad6b1e2209
[I 12:35:22.188 NotebookApp] Starting buffering for 85a7cd97-c18e-471c-9300-c3e087a0b6d4:df757fd16bc2453292b7adad6b1e2209
[I 12:35:22.189 NotebookApp] Restoring connection for 85a7cd97-c18e-471c-9300-c3e087a0b6d4:df757fd16bc2453292b7adad6b1e2209
[W 12:35:24.134 NotebookApp] Replacing stale connection: 85a7cd97-c18e-471c-9300-c3e087a0b6d4:df757fd16bc2453292b7adad6b1e2209
[I 12:35:24.633 NotebookApp] Starting buffering for 85a7cd97-c18e-471c-9300-c3e087a0b6d4:df757fd16bc2453292b7adad6b1e2209
[I 12:35:24.634 NotebookApp] Restoring connection for 85a7cd97-c18e-471c-9300-c3e087a0b6d4:df757fd16bc2453292b7adad6b1e2209
[W 12:35:26.486 NotebookApp] Replacing stale connection: 85a7cd97-c18e-471c-9300-c3e087a0b6d4:df757fd16bc2453292b7adad6b1e2209
[I 12:35:27.112 NotebookApp] Starting buffering for 85a7cd97-c18e-471c-9300-c3e087a0b6d4:df757fd16bc2453292b7adad6b1e2209
[I 12:35:27.113 NotebookApp] Restoring connection for 85a7cd97-c18e-471c-9300-c3e087a0b6d4:df757fd16bc2453292b7adad6b1e2209
[I 12:35:30.188 NotebookApp] Starting buffering for 85a7cd97-c18e-471c-9300-c3e087a0b6d4:df757fd16bc2453292b7adad6b1e2209
[I 12:35:31.288 NotebookApp] Restoring connection for 85a7cd97-c18e-471c-9300-c3e087a0b6d4:df757fd16bc2453292b7adad6b1e2209
[I 12:35:32.178 NotebookApp] Starting buffering for 85a7cd97-c18e-471c-9300-c3e087a0b6d4:df757fd16bc2453292b7adad6b1e2209
[I 12:35:33.723 NotebookApp] Restoring connection for 85a7cd97-c18e-471c-9300-c3e087a0b6d4:df757fd16bc2453292b7adad6b1e2209
[W 12:35:35.530 NotebookApp] Replacing stale connection: ec590746-46db-4aff-ae8d-d054b7582b1a:11d0eb0945dd404789dfb9f0e02ad6e2
[W 12:36:35.529 NotebookApp] Replacing stale connection: ec590746-46db-4aff-ae8d-d054b7582b1a:11d0eb0945dd404789dfb9f0e02ad6e2
[I 12:36:50.494 NotebookApp] Saving file at /Circular Queue.ipynb
[W 12:37:35.529 NotebookApp] Replacing stale connection: ec590746-46db-4aff-ae8d-d054b7582b1a:11d0eb0945dd404789dfb9f0e02ad6e2
[I 12:38:50.442 NotebookApp] Saving file at /Circular Queue.ipynb
[W 12:39:09.538 NotebookApp] Replacing stale connection: ec590746-46db-4aff-ae8d-d054b7582b1a:11d0eb0945dd404789dfb9f0e02ad6e2
[W 12:40:09.539 NotebookApp] Replacing stale connection: ec590746-46db-4aff-ae8d-d054b7582b1a:11d0eb0945dd404789dfb9f0e02ad6e2
[I 12:40:50.948 NotebookApp] Saving file at /Circular Queue.ipynb
[W 12:41:09.539 NotebookApp] Replacing stale connection: ec590746-46db-4aff-ae8d-d054b7582b1a:11d0eb0945dd404789dfb9f0e02ad6e2
[W 12:43:16.576 NotebookApp] Replacing stale connection: ec590746-46db-4aff-ae8d-d054b7582b1a:11d0eb0945dd404789dfb9f0e02ad6e2
[W 12:44:16.576 NotebookApp] Replacing stale connection: ec590746-46db-4aff-ae8d-d054b7582b1a:11d0eb0945dd404789dfb9f0e02ad6e2
[W 12:45:16.582 NotebookApp] Replacing stale connection: ec590746-46db-4aff-ae8d-d054b7582b1a:11d0eb0945dd404789dfb9f0e02ad6e2
[I 12:48:50.451 NotebookApp] Saving file at /Circular Queue.ipynb
[I 12:50:50.692 NotebookApp] Saving file at /Circular Queue.ipynb
[I 12:52:51.296 NotebookApp] Saving file at /Circular Queue.ipynb
[I 12:58:53.339 NotebookApp] Saving file at /Circular Queue.ipynb
[I 13:00:50.774 NotebookApp] Saving file at /Circular Queue.ipynb
[I 13:02:50.562 NotebookApp] Saving file at /Circular Queue.ipynb
[I 13:03:27.584 NotebookApp] Kernel restarted: 85a7cd97-c18e-471c-9300-c3e087a0b6d4
[I 13:03:27.588 NotebookApp] Starting buffering for 85a7cd97-c18e-471c-9300-c3e087a0b6d4:df757fd16bc2453292b7adad6b1e2209
[I 13:03:29.011 NotebookApp] Restoring connection for 85a7cd97-c18e-471c-9300-c3e087a0b6d4:df757fd16bc2453292b7adad6b1e2209
[I 13:04:08.433 NotebookApp] Kernel interrupted: 85a7cd97-c18e-471c-9300-c3e087a0b6d4
[I 13:04:09.585 NotebookApp] KernelRestarter: restarting kernel (1/5), keep random ports
kernel 85a7cd97-c18e-471c-9300-c3e087a0b6d4 restarted
[I 13:04:49.505 NotebookApp] Starting buffering for 85a7cd97-c18e-471c-9300-c3e087a0b6d4:df757fd16bc2453292b7adad6b1e2209
[I 13:04:54.689 NotebookApp] Kernel restarted: 85a7cd97-c18e-471c-9300-c3e087a0b6d4
[I 13:04:55.233 NotebookApp] Saving file at /Circular Queue.ipynb
[I 13:04:56.170 NotebookApp] Restoring connection for 85a7cd97-c18e-471c-9300-c3e087a0b6d4:df757fd16bc2453292b7adad6b1e2209
[I 13:06:00.598 NotebookApp] Kernel interrupted: 85a7cd97-c18e-471c-9300-c3e087a0b6d4
[I 13:06:00.689 NotebookApp] KernelRestarter: restarting kernel (1/5), keep random ports
kernel 85a7cd97-c18e-471c-9300-c3e087a0b6d4 restarted
[I 13:06:50.638 NotebookApp] Saving file at /Circular Queue.ipynb
[I 13:07:00.531 NotebookApp] Starting buffering for 85a7cd97-c18e-471c-9300-c3e087a0b6d4:df757fd16bc2453292b7adad6b1e2209
[I 13:07:05.767 NotebookApp] Kernel restarted: 85a7cd97-c18e-471c-9300-c3e087a0b6d4
[I 13:07:08.268 NotebookApp] Restoring connection for 85a7cd97-c18e-471c-9300-c3e087a0b6d4:df757fd16bc2453292b7adad6b1e2209
[I 13:08:51.079 NotebookApp] Saving file at /Circular Queue.ipynb
[I 13:10:50.553 NotebookApp] Saving file at /Circular Queue.ipynb
[I 13:12:50.484 NotebookApp] Saving file at /Circular Queue.ipynb
[I 13:14:50.476 NotebookApp] Saving file at /Circular Queue.ipynb
[I 13:16:50.693 NotebookApp] Saving file at /Circular Queue.ipynb
[I 13:17:08.263 NotebookApp] Starting buffering for 85a7cd97-c18e-471c-9300-c3e087a0b6d4:df757fd16bc2453292b7adad6b1e2209
[I 13:17:12.908 NotebookApp] Kernel restarted: 85a7cd97-c18e-471c-9300-c3e087a0b6d4
[I 13:17:14.577 NotebookApp] Restoring connection for 85a7cd97-c18e-471c-9300-c3e087a0b6d4:df757fd16bc2453292b7adad6b1e2209
[I 13:18:50.698 NotebookApp] Saving file at /Circular Queue.ipynb
[I 13:20:50.669 NotebookApp] Saving file at /Circular Queue.ipynb
[I 13:22:50.659 NotebookApp] Saving file at /Circular Queue.ipynb
[I 13:24:50.569 NotebookApp] Saving file at /Circular Queue.ipynb
[I 13:26:50.544 NotebookApp] Saving file at /Circular Queue.ipynb
[I 13:28:51.043 NotebookApp] Saving file at /Circular Queue.ipynb
[I 13:30:50.529 NotebookApp] Saving file at /Circular Queue.ipynb
[I 13:32:50.619 NotebookApp] Saving file at /Circular Queue.ipynb
[I 13:34:51.359 NotebookApp] Saving file at /Circular Queue.ipynb
[I 13:36:50.683 NotebookApp] Saving file at /Circular Queue.ipynb
[I 13:38:50.549 NotebookApp] Saving file at /Circular Queue.ipynb
[I 13:40:50.527 NotebookApp] Saving file at /Circular Queue.ipynb
[I 13:42:50.453 NotebookApp] Saving file at /Circular Queue.ipynb
[I 13:44:51.276 NotebookApp] Saving file at /Circular Queue.ipynb
[I 13:46:50.414 NotebookApp] Saving file at /Circular Queue.ipynb
[I 13:48:50.509 NotebookApp] Saving file at /Circular Queue.ipynb
[W 2021-06-28 16:37:42.721 LabApp] 'ip' has moved from NotebookApp to ServerApp. This config will be passed to ServerApp. Be sure to update your config before our next release.
[W 2021-06-28 16:37:42.721 LabApp] 'port' has moved from NotebookApp to ServerApp. This config will be passed to ServerApp. Be sure to update your config before our next release.
[W 2021-06-28 16:37:42.721 LabApp] 'base_url' has moved from NotebookApp to ServerApp. This config will be passed to ServerApp. Be sure to update your config before our next release.
[W 2021-06-28 16:37:42.721 LabApp] 'token' has moved from NotebookApp to ServerApp. This config will be passed to ServerApp. Be sure to update your config before our next release.
[W 2021-06-28 16:37:42.722 LabApp] 'trust_xheaders' has moved from NotebookApp to ServerApp. This config will be passed to ServerApp. Be sure to update your config before our next release.
[W 2021-06-28 16:37:42.722 LabApp] 'allow_origin' has moved from NotebookApp to ServerApp. This config will be passed to ServerApp. Be sure to update your config before our next release.
[W 2021-06-28 16:37:42.722 LabApp] 'allow_origin_pat' has moved from NotebookApp to ServerApp. This config will be passed to ServerApp. Be sure to update your config before our next release.
[W 2021-06-28 16:37:42.722 LabApp] 'extra_template_paths' was found in both NotebookApp and ServerApp. This is likely a recent change. This config will only be set in NotebookApp. Please check if you should also config these traits in ServerApp for your purpose.
[W 2021-06-28 16:37:42.722 LabApp] 'jinja_template_vars' was found in both NotebookApp and ServerApp. This is likely a recent change. This config will only be set in NotebookApp. Please check if you should also config these traits in ServerApp for your purpose.
[W 2021-06-28 16:37:42.722 LabApp] 'shutdown_no_activity_timeout' has moved from NotebookApp to ServerApp. This config will be passed to ServerApp. Be sure to update your config before our next release.
[W 2021-06-28 16:37:42.722 LabApp] 'tornado_settings' has moved from NotebookApp to ServerApp. This config will be passed to ServerApp. Be sure to update your config before our next release.
[W 2021-06-28 16:37:42.722 LabApp] 'tornado_settings' has moved from NotebookApp to ServerApp. This config will be passed to ServerApp. Be sure to update your config before our next release.
[I 2021-06-28 16:37:42.738 LabApp] JupyterLab extension loaded from /srv/conda/envs/notebook/lib/python3.7/site-packages/jupyterlab
[I 2021-06-28 16:37:42.738 LabApp] JupyterLab application directory is /srv/conda/envs/notebook/share/jupyter/lab
[I 16:37:42.751 NotebookApp] nteract extension loaded from /srv/conda/envs/notebook/lib/python3.7/site-packages/nteract_on_jupyter
[I 16:37:42.753 NotebookApp] Will shut down after 600 seconds with no kernels or terminals.
[I 16:37:42.754 NotebookApp] Serving notebooks from local directory: /home/jovyan
[I 16:37:42.755 NotebookApp] Jupyter Notebook 6.2.0 is running at:
[I 16:37:42.755 NotebookApp] http://jupyter-shubhamsatyam54-2dds-2dc-2d-2df4a7lcbh:8888/user/shubhamsatyam54-ds-c--f4a7lcbh/?token=...
[I 16:37:42.755 NotebookApp]  or http://127.0.0.1:8888/user/shubhamsatyam54-ds-c--f4a7lcbh/?token=...
[I 16:37:42.755 NotebookApp] Use Control-C to stop this server and shut down all kernels (twice to skip confirmation).
[W 16:37:42.760 NotebookApp] No web browser found: could not locate runnable browser.
[I 16:37:44.132 NotebookApp] 302 GET /user/shubhamsatyam54-ds-c--f4a7lcbh/ (10.0.5.20) 1.080000ms
[I 16:38:13.135 NotebookApp] 302 GET /user/shubhamsatyam54-ds-c--f4a7lcbh/?token=B16qUv6-QfyHQ0-GwHgezg (157.35.244.12) 1.140000ms
[W 16:38:32.786 NotebookApp] Notebook Queue.ipynb is not trusted
[I 16:38:33.386 NotebookApp] Kernel started: edf8e1dd-2fdd-4773-a782-139ec268725d, name: xcpp17
[I 16:38:33.386 NotebookApp] Culling kernels with idle durations > 600 seconds at 60 second intervals ...
[I 16:38:33.387 NotebookApp] Culling kernels even with connected clients
[W 16:38:33.586 NotebookApp] Notebook Circular Queue.ipynb is not trusted
[I 16:38:34.298 NotebookApp] Kernel started: 8704f449-14d9-4c55-a6d0-9c76ec0cf1fe, name: xcpp17
[I 16:38:34.479 NotebookApp] Kernel started: 64d8a19f-c85a-4730-b63b-2d32a89b273c, name: xcpp17
[I 16:38:47.807 NotebookApp] Kernel restarted: 64d8a19f-c85a-4730-b63b-2d32a89b273c
[W 16:38:51.949 NotebookApp] Replacing stale connection: 64d8a19f-c85a-4730-b63b-2d32a89b273c:c572c98f0e69413da0958ea9f4f53abd
[I 16:38:52.260 NotebookApp] Starting buffering for 64d8a19f-c85a-4730-b63b-2d32a89b273c:c572c98f0e69413da0958ea9f4f53abd
[I 16:38:52.262 NotebookApp] Restoring connection for 64d8a19f-c85a-4730-b63b-2d32a89b273c:c572c98f0e69413da0958ea9f4f53abd
[I 16:38:53.588 NotebookApp] Starting buffering for 64d8a19f-c85a-4730-b63b-2d32a89b273c:c572c98f0e69413da0958ea9f4f53abd
[I 16:38:54.249 NotebookApp] Restoring connection for 64d8a19f-c85a-4730-b63b-2d32a89b273c:c572c98f0e69413da0958ea9f4f53abd
[I 16:39:07.492 NotebookApp] Saving file at /stack.ipynb
[W 16:39:43.952 NotebookApp] Notebook Queue.ipynb is not trusted
[I 16:40:35.074 NotebookApp] Saving file at /Circular Queue.ipynb
[I 16:41:59.071 NotebookApp] Starting buffering for 8704f449-14d9-4c55-a6d0-9c76ec0cf1fe:685650aead7a49fe8582769294f425c2
[I 16:41:59.183 NotebookApp] Kernel restarted: 8704f449-14d9-4c55-a6d0-9c76ec0cf1fe
[I 16:42:00.680 NotebookApp] Restoring connection for 8704f449-14d9-4c55-a6d0-9c76ec0cf1fe:685650aead7a49fe8582769294f425c2
[I 16:42:01.686 NotebookApp] Replaying 3 buffered messages
[I 16:42:09.834 NotebookApp] Saving file at /Circular Queue.ipynb
[W 16:42:10.322 NotebookApp] Notebook Circular Queue.ipynb is not trusted
[I 16:42:28.517 NotebookApp] New terminal with automatic name: 1
TermSocket.open: 1
TermSocket.open: Opened 1
[W 2021-06-30 04:23:10.563 LabApp] 'ip' has moved from NotebookApp to ServerApp. This config will be passed to ServerApp. Be sure to update your config before our next release.
[W 2021-06-30 04:23:10.563 LabApp] 'port' has moved from NotebookApp to ServerApp. This config will be passed to ServerApp. Be sure to update your config before our next release.
[W 2021-06-30 04:23:10.563 LabApp] 'base_url' has moved from NotebookApp to ServerApp. This config will be passed to ServerApp. Be sure to update your config before our next release.
[W 2021-06-30 04:23:10.563 LabApp] 'token' has moved from NotebookApp to ServerApp. This config will be passed to ServerApp. Be sure to update your config before our next release.
[W 2021-06-30 04:23:10.563 LabApp] 'trust_xheaders' has moved from NotebookApp to ServerApp. This config will be passed to ServerApp. Be sure to update your config before our next release.
[W 2021-06-30 04:23:10.563 LabApp] 'allow_origin' has moved from NotebookApp to ServerApp. This config will be passed to ServerApp. Be sure to update your config before our next release.
[W 2021-06-30 04:23:10.564 LabApp] 'allow_origin_pat' has moved from NotebookApp to ServerApp. This config will be passed to ServerApp. Be sure to update your config before our next release.
[W 2021-06-30 04:23:10.564 LabApp] 'extra_template_paths' was found in both NotebookApp and ServerApp. This is likely a recent change. This config will only be set in NotebookApp. Please check if you should also config these traits in ServerApp for your purpose.
[W 2021-06-30 04:23:10.564 LabApp] 'jinja_template_vars' was found in both NotebookApp and ServerApp. This is likely a recent change. This config will only be set in NotebookApp. Please check if you should also config these traits in ServerApp for your purpose.
[W 2021-06-30 04:23:10.564 LabApp] 'shutdown_no_activity_timeout' has moved from NotebookApp to ServerApp. This config will be passed to ServerApp. Be sure to update your config before our next release.
[W 2021-06-30 04:23:10.564 LabApp] 'tornado_settings' has moved from NotebookApp to ServerApp. This config will be passed to ServerApp. Be sure to update your config before our next release.
[W 2021-06-30 04:23:10.564 LabApp] 'tornado_settings' has moved from NotebookApp to ServerApp. This config will be passed to ServerApp. Be sure to update your config before our next release.
[I 2021-06-30 04:23:10.583 LabApp] JupyterLab extension loaded from /srv/conda/envs/notebook/lib/python3.7/site-packages/jupyterlab
[I 2021-06-30 04:23:10.583 LabApp] JupyterLab application directory is /srv/conda/envs/notebook/share/jupyter/lab
[I 04:23:10.600 NotebookApp] nteract extension loaded from /srv/conda/envs/notebook/lib/python3.7/site-packages/nteract_on_jupyter
[I 04:23:10.603 NotebookApp] Will shut down after 600 seconds with no kernels or terminals.
[I 04:23:10.604 NotebookApp] Serving notebooks from local directory: /home/jovyan
[I 04:23:10.604 NotebookApp] Jupyter Notebook 6.2.0 is running at:
[I 04:23:10.604 NotebookApp] http://jupyter-shubhamsatyam54-2dds-2dc-2d-2d4dxb4xfq:8888/user/shubhamsatyam54-ds-c--4dxb4xfq/?token=...
[I 04:23:10.604 NotebookApp]  or http://127.0.0.1:8888/user/shubhamsatyam54-ds-c--4dxb4xfq/?token=...
[I 04:23:10.604 NotebookApp] Use Control-C to stop this server and shut down all kernels (twice to skip confirmation).
[W 04:23:10.611 NotebookApp] No web browser found: could not locate runnable browser.
[I 04:23:12.994 NotebookApp] 302 GET /user/shubhamsatyam54-ds-c--4dxb4xfq/ (10.0.5.20) 0.950000ms
[I 04:23:16.279 NotebookApp] 302 GET /user/shubhamsatyam54-ds-c--4dxb4xfq/?token=0_t_QTSNTJSLdfz27L2qTQ (106.67.105.233) 0.800000ms
[I 04:25:56.426 NotebookApp] Creating new notebook in 
[I 04:26:03.033 NotebookApp] Kernel started: 5d1e8ff0-fd89-4ee3-9699-60429ad7ce24, name: xcpp17
[I 04:26:03.034 NotebookApp] Culling kernels with idle durations > 600 seconds at 60 second intervals ...
[I 04:26:03.034 NotebookApp] Culling kernels even with connected clients
[I 04:28:03.488 NotebookApp] Saving file at /dubly linked linked.ipynb
[I 04:28:31.219 NotebookApp] New terminal with automatic name: 1
TermSocket.open: 1
TermSocket.open: Opened 1
[W 04:30:00.247 NotebookApp] Notebook simple linked list.ipynb is not trusted
[I 04:30:01.016 NotebookApp] Kernel started: 264bd821-45b4-477d-ae5b-6e66526f2dd4, name: xcpp17
[I 04:30:03.431 NotebookApp] Saving file at /dubly linked linked.ipynb
[I 04:32:03.408 NotebookApp] Saving file at /dubly linked linked.ipynb
[I 04:34:03.413 NotebookApp] Saving file at /dubly linked linked.ipynb
[I 04:36:03.354 NotebookApp] Saving file at /dubly linked linked.ipynb
[I 04:38:03.347 NotebookApp] Saving file at /dubly linked linked.ipynb
[I 04:40:03.754 NotebookApp] Saving file at /dubly linked linked.ipynb
[W 04:41:03.035 NotebookApp] Culling 'idle' kernel 'xcpp17' (264bd821-45b4-477d-ae5b-6e66526f2dd4) with 1 connections due to 659 seconds of inactivity.
[I 04:41:03.035 NotebookApp] Kernel shutdown: 264bd821-45b4-477d-ae5b-6e66526f2dd4
[I 04:50:03.379 NotebookApp] Saving file at /dubly linked linked.ipynb
[I 04:52:03.375 NotebookApp] Saving file at /dubly linked linked.ipynb
[I 04:54:03.387 NotebookApp] Saving file at /dubly linked linked.ipynb
[I 04:56:03.751 NotebookApp] Saving file at /dubly linked linked.ipynb
[I 04:58:03.823 NotebookApp] Saving file at /dubly linked linked.ipynb
[I 05:00:03.391 NotebookApp] Saving file at /dubly linked linked.ipynb
[I 05:02:04.502 NotebookApp] Saving file at /dubly linked linked.ipynb
[I 05:06:03.392 NotebookApp] Saving file at /dubly linked linked.ipynb
[I 05:08:03.390 NotebookApp] Saving file at /dubly linked linked.ipynb
[I 05:10:03.403 NotebookApp] Saving file at /dubly linked linked.ipynb
[I 05:10:20.324 NotebookApp] Starting buffering for 5d1e8ff0-fd89-4ee3-9699-60429ad7ce24:5b207534b8634993a0d4f2d6c6b3c104
[I 05:10:20.451 NotebookApp] Kernel restarted: 5d1e8ff0-fd89-4ee3-9699-60429ad7ce24
[I 05:10:21.669 NotebookApp] Restoring connection for 5d1e8ff0-fd89-4ee3-9699-60429ad7ce24:5b207534b8634993a0d4f2d6c6b3c104
[I 05:10:22.588 NotebookApp] Replaying 3 buffered messages
[I 05:12:03.383 NotebookApp] Saving file at /dubly linked linked.ipynb
[I 05:14:03.760 NotebookApp] Saving file at /dubly linked linked.ipynb
[I 05:20:03.377 NotebookApp] Saving file at /dubly linked linked.ipynb
[W 05:30:03.034 NotebookApp] Culling 'idle' kernel 'xcpp17' (5d1e8ff0-fd89-4ee3-9699-60429ad7ce24) with 1 connections due to 627 seconds of inactivity.
[I 05:30:03.035 NotebookApp] Kernel shutdown: 5d1e8ff0-fd89-4ee3-9699-60429ad7ce24
[W 05:33:33.504 NotebookApp] 404 POST /user/shubhamsatyam54-ds-c--4dxb4xfq/api/kernels/5d1e8ff0-fd89-4ee3-9699-60429ad7ce24/interrupt (106.67.105.233): Kernel does not exist: 5d1e8ff0-fd89-4ee3-9699-60429ad7ce24
[W 05:33:33.504 NotebookApp] Kernel does not exist: 5d1e8ff0-fd89-4ee3-9699-60429ad7ce24
[W 05:33:33.504 NotebookApp] 404 POST /user/shubhamsatyam54-ds-c--4dxb4xfq/api/kernels/5d1e8ff0-fd89-4ee3-9699-60429ad7ce24/interrupt (106.67.105.233) 1.670000ms referer=https://hub.gke2.mybinder.org/user/shubhamsatyam54-ds-c--4dxb4xfq/notebooks/dubly%20linked%20linked.ipynb
[E 05:33:49.425 NotebookApp] Exception restarting kernel
    Traceback (most recent call last):
      File "/srv/conda/envs/notebook/lib/python3.7/site-packages/notebook/services/kernels/handlers.py", line 83, in post
        yield maybe_future(km.restart_kernel(kernel_id))
      File "/srv/conda/envs/notebook/lib/python3.7/site-packages/tornado/gen.py", line 762, in run
        value = future.result()
      File "/srv/conda/envs/notebook/lib/python3.7/site-packages/notebook/services/kernels/kernelmanager.py", line 313, in restart_kernel
        self._check_kernel_id(kernel_id)
      File "/srv/conda/envs/notebook/lib/python3.7/site-packages/notebook/services/kernels/kernelmanager.py", line 394, in _check_kernel_id
        raise web.HTTPError(404, u'Kernel does not exist: %s' % kernel_id)
    tornado.web.HTTPError: HTTP 404: Not Found (Kernel does not exist: 5d1e8ff0-fd89-4ee3-9699-60429ad7ce24)
[E 05:33:49.430 NotebookApp] {
      "Cookie": "username-hub-gke2-mybinder-org=\"2|1:0|10:1625026996|30:username-hub-gke2-mybinder-org|44:MGMxYTQ1YTI4MWVjNGM5NjkwZTQ0MGZkZTczNDE0YWM=|977d21e4077090d8ef57be6414906bd435009c34889ec5297a255b732451ed11\"; _xsrf=2|f1355816|e25cda1ef429e1afb3713b9f343ee17c|1624465543",
      "Accept-Language": "en-US,en;q=0.9",
      "Accept-Encoding": "gzip, deflate, br",
      "Referer": "https://hub.gke2.mybinder.org/user/shubhamsatyam54-ds-c--4dxb4xfq/notebooks/dubly%20linked%20linked.ipynb",
      "Sec-Fetch-Dest": "empty",
      "Sec-Fetch-Mode": "cors",
      "Sec-Fetch-Site": "same-origin",
      "Origin": "https://hub.gke2.mybinder.org",
      "User-Agent": "Mozilla/5.0 (Windows NT 10.0; Win64; x64) AppleWebKit/537.36 (KHTML, like Gecko) Chrome/91.0.4472.114 Safari/537.36 Edg/91.0.864.59",
      "Sec-Ch-Ua-Mobile": "?0",
      "X-Requested-With": "XMLHttpRequest",
      "X-Xsrftoken": "2|f1355816|e25cda1ef429e1afb3713b9f343ee17c|1624465543",
      "Accept": "application/json, text/javascript, */*; q=0.01",
      "Sec-Ch-Ua": "\" Not;A Brand\";v=\"99\", \"Microsoft Edge\";v=\"91\", \"Chromium\";v=\"91\"",
      "Content-Length": "0",
      "X-Scheme": "https",
      "X-Forwarded-Port": "443,80",
      "X-Forwarded-Host": "hub.gke2.mybinder.org",
      "X-Forwarded-Proto": "https,http",
      "X-Forwarded-For": "106.67.105.233,::ffff:10.0.14.6",
      "X-Real-Ip": "106.67.105.233",
      "X-Request-Id": "8a7223332ede064127ceb64b136f9e78",
      "Host": "hub.gke2.mybinder.org",
      "Connection": "close"
    }
[E 05:33:49.430 NotebookApp] 500 POST /user/shubhamsatyam54-ds-c--4dxb4xfq/api/kernels/5d1e8ff0-fd89-4ee3-9699-60429ad7ce24/restart (106.67.105.233) 5.730000ms referer=https://hub.gke2.mybinder.org/user/shubhamsatyam54-ds-c--4dxb4xfq/notebooks/dubly%20linked%20linked.ipynb
[W 05:33:49.790 NotebookApp] 410 DELETE /user/shubhamsatyam54-ds-c--4dxb4xfq/api/sessions/68545a20-5832-4852-a48a-3d41dcf51b18 (106.67.105.233): Kernel deleted before session
[W 05:33:49.790 NotebookApp] Kernel deleted before session
[W 05:33:49.790 NotebookApp] 410 DELETE /user/shubhamsatyam54-ds-c--4dxb4xfq/api/sessions/68545a20-5832-4852-a48a-3d41dcf51b18 (106.67.105.233) 2.200000ms referer=https://hub.gke2.mybinder.org/user/shubhamsatyam54-ds-c--4dxb4xfq/notebooks/dubly%20linked%20linked.ipynb
[I 05:33:50.929 NotebookApp] Kernel started: 05d97045-0dcb-483b-84e3-2c19d3639b30, name: xcpp17
[I 05:34:04.215 NotebookApp] Saving file at /dubly linked linked.ipynb
[I 05:36:03.480 NotebookApp] Saving file at /dubly linked linked.ipynb
[I 05:42:23.249 NotebookApp] Starting buffering for 05d97045-0dcb-483b-84e3-2c19d3639b30:5b207534b8634993a0d4f2d6c6b3c104
Websocket closed
[W 05:46:03.035 NotebookApp] Culling 'idle' kernel 'xcpp17' (05d97045-0dcb-483b-84e3-2c19d3639b30) with 0 connections due to 604 seconds of inactivity.
[I 05:46:03.036 NotebookApp] Kernel shutdown: 05d97045-0dcb-483b-84e3-2c19d3639b30
[I 05:48:01.442 NotebookApp] Saving file at /simple linked list.ipynb
[I 05:50:01.404 NotebookApp] Saving file at /simple linked list.ipynb
[W 05:50:10.927 NotebookApp] 404 GET /user/shubhamsatyam54-ds-c--4dxb4xfq/api/kernels/05d97045-0dcb-483b-84e3-2c19d3639b30/channels?session_id=5b207534b8634993a0d4f2d6c6b3c104 (106.67.105.233): Kernel does not exist: 05d97045-0dcb-483b-84e3-2c19d3639b30
[W 05:50:10.935 NotebookApp] 404 GET /user/shubhamsatyam54-ds-c--4dxb4xfq/api/kernels/05d97045-0dcb-483b-84e3-2c19d3639b30/channels?session_id=5b207534b8634993a0d4f2d6c6b3c104 (106.67.105.233) 10.040000ms referer=None
[W 05:50:14.881 NotebookApp] Replacing stale connection: 05d97045-0dcb-483b-84e3-2c19d3639b30:5b207534b8634993a0d4f2d6c6b3c104
[W 05:51:14.882 NotebookApp] Replacing stale connection: 05d97045-0dcb-483b-84e3-2c19d3639b30:5b207534b8634993a0d4f2d6c6b3c104
[I 05:51:17.528 NotebookApp] New terminal with automatic name: 2
[I 05:52:01.853 NotebookApp] Saving file at /simple linked list.ipynb
[W 05:52:14.882 NotebookApp] Replacing stale connection: 05d97045-0dcb-483b-84e3-2c19d3639b30:5b207534b8634993a0d4f2d6c6b3c104
[I 05:52:26.465 NotebookApp] New terminal with automatic name: 3
[W 05:53:16.056 NotebookApp] 404 GET /user/shubhamsatyam54-ds-c--4dxb4xfq/api/kernels/264bd821-45b4-477d-ae5b-6e66526f2dd4/channels?session_id=ef0da88b201f40498f080a424c92481c (106.67.105.233): Kernel does not exist: 264bd821-45b4-477d-ae5b-6e66526f2dd4
[W 05:53:16.058 NotebookApp] 404 GET /user/shubhamsatyam54-ds-c--4dxb4xfq/api/kernels/264bd821-45b4-477d-ae5b-6e66526f2dd4/channels?session_id=ef0da88b201f40498f080a424c92481c (106.67.105.233) 3.390000ms referer=None
TermSocket.open: 1
TermSocket.open: Opened 1
TermSocket.open: 2
TermSocket.open: Opened 2
TermSocket.open: 3
TermSocket.open: Opened 3
[W 05:53:20.684 NotebookApp] Replacing stale connection: 264bd821-45b4-477d-ae5b-6e66526f2dd4:ef0da88b201f40498f080a424c92481c
[W 2021-06-30 06:31:37.341 LabApp] 'ip' has moved from NotebookApp to ServerApp. This config will be passed to ServerApp. Be sure to update your config before our next release.
[W 2021-06-30 06:31:37.341 LabApp] 'port' has moved from NotebookApp to ServerApp. This config will be passed to ServerApp. Be sure to update your config before our next release.
[W 2021-06-30 06:31:37.341 LabApp] 'base_url' has moved from NotebookApp to ServerApp. This config will be passed to ServerApp. Be sure to update your config before our next release.
[W 2021-06-30 06:31:37.341 LabApp] 'token' has moved from NotebookApp to ServerApp. This config will be passed to ServerApp. Be sure to update your config before our next release.
[W 2021-06-30 06:31:37.341 LabApp] 'trust_xheaders' has moved from NotebookApp to ServerApp. This config will be passed to ServerApp. Be sure to update your config before our next release.
[W 2021-06-30 06:31:37.341 LabApp] 'allow_origin' has moved from NotebookApp to ServerApp. This config will be passed to ServerApp. Be sure to update your config before our next release.
[W 2021-06-30 06:31:37.341 LabApp] 'allow_origin_pat' has moved from NotebookApp to ServerApp. This config will be passed to ServerApp. Be sure to update your config before our next release.
[W 2021-06-30 06:31:37.341 LabApp] 'extra_template_paths' was found in both NotebookApp and ServerApp. This is likely a recent change. This config will only be set in NotebookApp. Please check if you should also config these traits in ServerApp for your purpose.
[W 2021-06-30 06:31:37.341 LabApp] 'jinja_template_vars' was found in both NotebookApp and ServerApp. This is likely a recent change. This config will only be set in NotebookApp. Please check if you should also config these traits in ServerApp for your purpose.
[W 2021-06-30 06:31:37.341 LabApp] 'shutdown_no_activity_timeout' has moved from NotebookApp to ServerApp. This config will be passed to ServerApp. Be sure to update your config before our next release.
[W 2021-06-30 06:31:37.341 LabApp] 'tornado_settings' has moved from NotebookApp to ServerApp. This config will be passed to ServerApp. Be sure to update your config before our next release.
[W 2021-06-30 06:31:37.342 LabApp] 'tornado_settings' has moved from NotebookApp to ServerApp. This config will be passed to ServerApp. Be sure to update your config before our next release.
[I 2021-06-30 06:31:37.350 LabApp] JupyterLab extension loaded from /srv/conda/envs/notebook/lib/python3.7/site-packages/jupyterlab
[I 2021-06-30 06:31:37.351 LabApp] JupyterLab application directory is /srv/conda/envs/notebook/share/jupyter/lab
[I 06:31:37.357 NotebookApp] nteract extension loaded from /srv/conda/envs/notebook/lib/python3.7/site-packages/nteract_on_jupyter
[I 06:31:37.359 NotebookApp] Will shut down after 600 seconds with no kernels or terminals.
[I 06:31:37.360 NotebookApp] Serving notebooks from local directory: /home/jovyan
[I 06:31:37.360 NotebookApp] Jupyter Notebook 6.2.0 is running at:
[I 06:31:37.360 NotebookApp] http://jupyter-shubhamsatyam54-2dds-2dc-2d-2dobsa40cs:8888/user/shubhamsatyam54-ds-c--obsa40cs/?token=...
[I 06:31:37.360 NotebookApp]  or http://127.0.0.1:8888/user/shubhamsatyam54-ds-c--obsa40cs/?token=...
[I 06:31:37.360 NotebookApp] Use Control-C to stop this server and shut down all kernels (twice to skip confirmation).
[W 06:31:37.365 NotebookApp] No web browser found: could not locate runnable browser.
[I 06:31:40.925 NotebookApp] 302 GET /user/shubhamsatyam54-ds-c--obsa40cs/ (10.0.5.20) 0.860000ms
[I 06:31:42.197 NotebookApp] 302 GET /user/shubhamsatyam54-ds-c--obsa40cs/?token=VA-KlaRaSJmTkaUNWjj1bg (106.67.105.233) 0.720000ms
[I 06:34:30.203 NotebookApp] Kernel started: bd561f94-e460-4d64-ac1a-c591bce03acb, name: xcpp17
[I 06:34:30.203 NotebookApp] Culling kernels with idle durations > 600 seconds at 60 second intervals ...
[I 06:34:30.203 NotebookApp] Culling kernels even with connected clients
[I 06:39:28.698 NotebookApp] New terminal with automatic name: 1
TermSocket.open: 1
TermSocket.open: Opened 1
[I 06:40:04.427 NotebookApp] Kernel shutdown: bd561f94-e460-4d64-ac1a-c591bce03acb
[W 06:40:04.534 NotebookApp] delete /simple linked list.ipynb
[W 06:40:08.537 NotebookApp] Notebook simple linked list (1).ipynb is not trusted
[I 06:40:09.406 NotebookApp] Kernel started: 6798b2a6-f525-42dc-8540-1dd9a8dc3f9a, name: xcpp17
[I 06:42:09.796 NotebookApp] Saving file at /simple linked list.ipynb
[W 06:51:30.205 NotebookApp] Culling 'idle' kernel 'xcpp17' (6798b2a6-f525-42dc-8540-1dd9a8dc3f9a) with 1 connections due to 659 seconds of inactivity.
[I 06:51:30.205 NotebookApp] Kernel shutdown: 6798b2a6-f525-42dc-8540-1dd9a8dc3f9a
[W 06:52:51.410 NotebookApp] Notebook dubly linked linked.ipynb is not trusted
[I 06:52:52.083 NotebookApp] Kernel started: 9c305d5b-397e-49a6-b036-197a73841c99, name: xcpp17
[I 06:54:52.467 NotebookApp] Saving file at /dubly linked linked.ipynb
[W 06:54:52.467 NotebookApp] Notebook dubly linked linked.ipynb is not trusted
[I 06:56:52.616 NotebookApp] Saving file at /dubly linked linked.ipynb
[W 06:56:52.617 NotebookApp] Notebook dubly linked linked.ipynb is not trusted
[I 06:58:52.510 NotebookApp] Saving file at /dubly linked linked.ipynb
[W 06:58:52.511 NotebookApp] Notebook dubly linked linked.ipynb is not trusted
[W 07:04:30.205 NotebookApp] Culling 'idle' kernel 'xcpp17' (9c305d5b-397e-49a6-b036-197a73841c99) with 1 connections due to 622 seconds of inactivity.
[I 07:04:30.205 NotebookApp] Kernel shutdown: 9c305d5b-397e-49a6-b036-197a73841c99
[I 07:04:53.488 NotebookApp] Saving file at /dubly linked linked.ipynb
[W 07:04:53.489 NotebookApp] Notebook dubly linked linked.ipynb is not trusted
[E 07:05:06.710 NotebookApp] Exception restarting kernel
    Traceback (most recent call last):
      File "/srv/conda/envs/notebook/lib/python3.7/site-packages/notebook/services/kernels/handlers.py", line 83, in post
        yield maybe_future(km.restart_kernel(kernel_id))
      File "/srv/conda/envs/notebook/lib/python3.7/site-packages/tornado/gen.py", line 762, in run
        value = future.result()
      File "/srv/conda/envs/notebook/lib/python3.7/site-packages/notebook/services/kernels/kernelmanager.py", line 313, in restart_kernel
        self._check_kernel_id(kernel_id)
      File "/srv/conda/envs/notebook/lib/python3.7/site-packages/notebook/services/kernels/kernelmanager.py", line 394, in _check_kernel_id
        raise web.HTTPError(404, u'Kernel does not exist: %s' % kernel_id)
    tornado.web.HTTPError: HTTP 404: Not Found (Kernel does not exist: 9c305d5b-397e-49a6-b036-197a73841c99)
[E 07:05:06.711 NotebookApp] {
      "Cookie": "username-hub-gke2-mybinder-org=\"2|1:0|10:1625034702|30:username-hub-gke2-mybinder-org|44:ZTZlYzZiOWMxNmM1NDNhY2I5OTkxZmUxYzFlYjZiMDQ=|cb7790b228ee47b372be48d6bbab1ce3164e020535ed93f04b4f7c413672163e\"; _xsrf=2|f1355816|e25cda1ef429e1afb3713b9f343ee17c|1624465543",
      "Accept-Language": "en-US,en;q=0.9",
      "Accept-Encoding": "gzip, deflate, br",
      "Referer": "https://hub.gke2.mybinder.org/user/shubhamsatyam54-ds-c--obsa40cs/notebooks/dubly%20linked%20linked.ipynb",
      "Sec-Fetch-Dest": "empty",
      "Sec-Fetch-Mode": "cors",
      "Sec-Fetch-Site": "same-origin",
      "Origin": "https://hub.gke2.mybinder.org",
      "User-Agent": "Mozilla/5.0 (Windows NT 10.0; Win64; x64) AppleWebKit/537.36 (KHTML, like Gecko) Chrome/91.0.4472.114 Safari/537.36 Edg/91.0.864.59",
      "Sec-Ch-Ua-Mobile": "?0",
      "X-Requested-With": "XMLHttpRequest",
      "X-Xsrftoken": "2|f1355816|e25cda1ef429e1afb3713b9f343ee17c|1624465543",
      "Accept": "application/json, text/javascript, */*; q=0.01",
      "Sec-Ch-Ua": "\" Not;A Brand\";v=\"99\", \"Microsoft Edge\";v=\"91\", \"Chromium\";v=\"91\"",
      "Content-Length": "0",
      "X-Scheme": "https",
      "X-Forwarded-Port": "443,80",
      "X-Forwarded-Host": "hub.gke2.mybinder.org",
      "X-Forwarded-Proto": "https,http",
      "X-Forwarded-For": "106.67.105.233,::ffff:10.0.14.6",
      "X-Real-Ip": "106.67.105.233",
      "X-Request-Id": "f9fbdffcd93c8d00ade56109879d1258",
      "Host": "hub.gke2.mybinder.org",
      "Connection": "close"
    }
[E 07:05:06.711 NotebookApp] 500 POST /user/shubhamsatyam54-ds-c--obsa40cs/api/kernels/9c305d5b-397e-49a6-b036-197a73841c99/restart (106.67.105.233) 2.120000ms referer=https://hub.gke2.mybinder.org/user/shubhamsatyam54-ds-c--obsa40cs/notebooks/dubly%20linked%20linked.ipynb
[W 07:05:07.136 NotebookApp] 410 DELETE /user/shubhamsatyam54-ds-c--obsa40cs/api/sessions/1533da48-410a-4821-b2ce-65b850534020 (106.67.105.233): Kernel deleted before session
[W 07:05:07.136 NotebookApp] Kernel deleted before session
[W 07:05:07.137 NotebookApp] 410 DELETE /user/shubhamsatyam54-ds-c--obsa40cs/api/sessions/1533da48-410a-4821-b2ce-65b850534020 (106.67.105.233) 1.540000ms referer=https://hub.gke2.mybinder.org/user/shubhamsatyam54-ds-c--obsa40cs/notebooks/dubly%20linked%20linked.ipynb
[I 07:05:07.573 NotebookApp] Kernel started: 85b42fdb-a27b-4d77-a669-6d9bd6a0798d, name: xcpp17
[I 07:06:52.586 NotebookApp] Saving file at /dubly linked linked.ipynb
[W 07:06:52.587 NotebookApp] Notebook dubly linked linked.ipynb is not trusted
[I 07:08:52.574 NotebookApp] Saving file at /dubly linked linked.ipynb
[W 07:08:52.575 NotebookApp] Notebook dubly linked linked.ipynb is not trusted
[I 07:10:52.937 NotebookApp] Saving file at /dubly linked linked.ipynb
[W 07:10:52.938 NotebookApp] Notebook dubly linked linked.ipynb is not trusted
[I 07:12:52.630 NotebookApp] Saving file at /dubly linked linked.ipynb
[W 07:12:52.630 NotebookApp] Notebook dubly linked linked.ipynb is not trusted
[I 07:14:52.476 NotebookApp] Saving file at /dubly linked linked.ipynb
[W 07:14:52.477 NotebookApp] Notebook dubly linked linked.ipynb is not trusted
[W 07:19:33.921 NotebookApp] WebSocket ping timeout after 119390 ms.
[W 07:19:34.873 NotebookApp] WebSocket ping timeout after 119432 ms.
[W 07:19:39.331 NotebookApp] WebSocket ping timeout after 119667 ms.
Websocket closed
[W 07:19:41.281 NotebookApp] WebSocket ping timeout after 119443 ms.
[I 07:19:44.333 NotebookApp] Starting buffering for 85b42fdb-a27b-4d77-a669-6d9bd6a0798d:8e03ed8b1c68405cafe5192d4665ae4d
[W 07:20:41.038 NotebookApp] 404 GET /user/shubhamsatyam54-ds-c--obsa40cs/api/kernels/6798b2a6-f525-42dc-8540-1dd9a8dc3f9a/channels?session_id=82b27a732cbf4967b7f1aedc1ae77238 (157.35.231.246): Kernel does not exist: 6798b2a6-f525-42dc-8540-1dd9a8dc3f9a
[W 07:20:41.067 NotebookApp] 404 GET /user/shubhamsatyam54-ds-c--obsa40cs/api/kernels/6798b2a6-f525-42dc-8540-1dd9a8dc3f9a/channels?session_id=82b27a732cbf4967b7f1aedc1ae77238 (157.35.231.246) 32.000000ms referer=None
[I 07:20:48.905 NotebookApp] Restoring connection for 85b42fdb-a27b-4d77-a669-6d9bd6a0798d:8e03ed8b1c68405cafe5192d4665ae4d
[W 07:20:50.269 NotebookApp] 404 GET /user/shubhamsatyam54-ds-c--obsa40cs/api/kernels/bd561f94-e460-4d64-ac1a-c591bce03acb/channels?session_id=5c80e702d8844b90875c994a31ed7dd5 (157.35.231.246): Kernel does not exist: bd561f94-e460-4d64-ac1a-c591bce03acb
[W 07:20:50.270 NotebookApp] 404 GET /user/shubhamsatyam54-ds-c--obsa40cs/api/kernels/bd561f94-e460-4d64-ac1a-c591bce03acb/channels?session_id=5c80e702d8844b90875c994a31ed7dd5 (157.35.231.246) 2.660000ms referer=None
[W 07:21:55.992 NotebookApp] Replacing stale connection: bd561f94-e460-4d64-ac1a-c591bce03acb:5c80e702d8844b90875c994a31ed7dd5
[W 07:22:55.994 NotebookApp] Replacing stale connection: bd561f94-e460-4d64-ac1a-c591bce03acb:5c80e702d8844b90875c994a31ed7dd5
[W 07:23:55.994 NotebookApp] Replacing stale connection: bd561f94-e460-4d64-ac1a-c591bce03acb:5c80e702d8844b90875c994a31ed7dd5
[W 07:24:57.635 NotebookApp] Replacing stale connection: 6798b2a6-f525-42dc-8540-1dd9a8dc3f9a:82b27a732cbf4967b7f1aedc1ae77238
[E 07:25:49.509 NotebookApp] Exception restarting kernel
    Traceback (most recent call last):
      File "/srv/conda/envs/notebook/lib/python3.7/site-packages/notebook/services/kernels/handlers.py", line 83, in post
        yield maybe_future(km.restart_kernel(kernel_id))
      File "/srv/conda/envs/notebook/lib/python3.7/site-packages/tornado/gen.py", line 762, in run
        value = future.result()
      File "/srv/conda/envs/notebook/lib/python3.7/site-packages/notebook/services/kernels/kernelmanager.py", line 313, in restart_kernel
        self._check_kernel_id(kernel_id)
      File "/srv/conda/envs/notebook/lib/python3.7/site-packages/notebook/services/kernels/kernelmanager.py", line 394, in _check_kernel_id
        raise web.HTTPError(404, u'Kernel does not exist: %s' % kernel_id)
    tornado.web.HTTPError: HTTP 404: Not Found (Kernel does not exist: 6798b2a6-f525-42dc-8540-1dd9a8dc3f9a)
[E 07:25:49.510 NotebookApp] {
      "Cookie": "username-hub-gke2-mybinder-org=\"2|1:0|10:1625034702|30:username-hub-gke2-mybinder-org|44:ZTZlYzZiOWMxNmM1NDNhY2I5OTkxZmUxYzFlYjZiMDQ=|cb7790b228ee47b372be48d6bbab1ce3164e020535ed93f04b4f7c413672163e\"; _xsrf=2|f1355816|e25cda1ef429e1afb3713b9f343ee17c|1624465543",
      "Accept-Language": "en-US,en;q=0.9",
      "Accept-Encoding": "gzip, deflate, br",
      "Referer": "https://hub.gke2.mybinder.org/user/shubhamsatyam54-ds-c--obsa40cs/notebooks/simple%20linked%20list.ipynb",
      "Sec-Fetch-Dest": "empty",
      "Sec-Fetch-Mode": "cors",
      "Sec-Fetch-Site": "same-origin",
      "Origin": "https://hub.gke2.mybinder.org",
      "User-Agent": "Mozilla/5.0 (Windows NT 10.0; Win64; x64) AppleWebKit/537.36 (KHTML, like Gecko) Chrome/91.0.4472.114 Safari/537.36 Edg/91.0.864.59",
      "Sec-Ch-Ua-Mobile": "?0",
      "X-Requested-With": "XMLHttpRequest",
      "X-Xsrftoken": "2|f1355816|e25cda1ef429e1afb3713b9f343ee17c|1624465543",
      "Accept": "application/json, text/javascript, */*; q=0.01",
      "Sec-Ch-Ua": "\" Not;A Brand\";v=\"99\", \"Microsoft Edge\";v=\"91\", \"Chromium\";v=\"91\"",
      "Content-Length": "0",
      "X-Scheme": "https",
      "X-Forwarded-Port": "443,80",
      "X-Forwarded-Host": "hub.gke2.mybinder.org",
      "X-Forwarded-Proto": "https,http",
      "X-Forwarded-For": "157.35.231.246,::ffff:10.0.14.6",
      "X-Real-Ip": "157.35.231.246",
      "X-Request-Id": "8174d7916514c891c25ab0ef865e915e",
      "Host": "hub.gke2.mybinder.org",
      "Connection": "close"
    }
[E 07:25:49.510 NotebookApp] 500 POST /user/shubhamsatyam54-ds-c--obsa40cs/api/kernels/6798b2a6-f525-42dc-8540-1dd9a8dc3f9a/restart (157.35.231.246) 4.610000ms referer=https://hub.gke2.mybinder.org/user/shubhamsatyam54-ds-c--obsa40cs/notebooks/simple%20linked%20list.ipynb
[W 07:25:49.867 NotebookApp] 404 DELETE /user/shubhamsatyam54-ds-c--obsa40cs/api/sessions/ca4fb500-92b9-4952-bafe-c2f2fe800cf4 (157.35.231.246): Session not found: session_id='ca4fb500-92b9-4952-bafe-c2f2fe800cf4'
[W 07:25:49.867 NotebookApp] Session not found: session_id='ca4fb500-92b9-4952-bafe-c2f2fe800cf4'
[W 07:25:49.868 NotebookApp] 404 DELETE /user/shubhamsatyam54-ds-c--obsa40cs/api/sessions/ca4fb500-92b9-4952-bafe-c2f2fe800cf4 (157.35.231.246) 2.170000ms referer=https://hub.gke2.mybinder.org/user/shubhamsatyam54-ds-c--obsa40cs/notebooks/simple%20linked%20list.ipynb
[I 07:25:50.274 NotebookApp] Kernel started: a94df36b-7a5b-4e5a-a053-5e892d869075, name: xcpp17
[W 07:25:57.634 NotebookApp] Replacing stale connection: 6798b2a6-f525-42dc-8540-1dd9a8dc3f9a:82b27a732cbf4967b7f1aedc1ae77238
[I 07:26:05.215 NotebookApp] Starting buffering for 85b42fdb-a27b-4d77-a669-6d9bd6a0798d:8e03ed8b1c68405cafe5192d4665ae4d
[I 07:26:05.336 NotebookApp] Kernel restarted: 85b42fdb-a27b-4d77-a669-6d9bd6a0798d
[I 07:26:07.730 NotebookApp] Restoring connection for 85b42fdb-a27b-4d77-a669-6d9bd6a0798d:8e03ed8b1c68405cafe5192d4665ae4d
[I 07:26:08.235 NotebookApp] Replaying 3 buffered messages
[I 07:26:52.477 NotebookApp] Saving file at /dubly linked linked.ipynb
[W 07:26:52.478 NotebookApp] Notebook dubly linked linked.ipynb is not trusted
[I 07:28:53.502 NotebookApp] Saving file at /dubly linked linked.ipynb
[W 07:28:53.503 NotebookApp] Notebook dubly linked linked.ipynb is not trusted
[I 07:30:52.472 NotebookApp] Saving file at /dubly linked linked.ipynb
[W 07:30:52.472 NotebookApp] Notebook dubly linked linked.ipynb is not trusted
[I 07:32:52.671 NotebookApp] Saving file at /dubly linked linked.ipynb
[W 07:32:52.672 NotebookApp] Notebook dubly linked linked.ipynb is not trusted
[I 07:34:52.452 NotebookApp] Saving file at /dubly linked linked.ipynb
[W 07:34:52.452 NotebookApp] Notebook dubly linked linked.ipynb is not trusted
[I 07:37:04.594 NotebookApp] Saving file at /dubly linked linked.ipynb
[W 07:37:04.594 NotebookApp] Notebook dubly linked linked.ipynb is not trusted
[W 07:38:30.206 NotebookApp] Culling 'idle' kernel 'xcpp17' (a94df36b-7a5b-4e5a-a053-5e892d869075) with 1 connections due to 607 seconds of inactivity.
[I 07:38:30.206 NotebookApp] Kernel shutdown: a94df36b-7a5b-4e5a-a053-5e892d869075
[I 07:39:26.792 NotebookApp] Saving file at /dubly linked linked.ipynb
[W 07:39:26.792 NotebookApp] Notebook dubly linked linked.ipynb is not trusted
[I 07:44:06.797 NotebookApp] Saving file at /dubly linked linked.ipynb
[W 07:44:06.797 NotebookApp] Notebook dubly linked linked.ipynb is not trusted
[I 07:46:27.122 NotebookApp] Saving file at /dubly linked linked.ipynb
[W 07:46:27.122 NotebookApp] Notebook dubly linked linked.ipynb is not trusted
[I 07:51:06.772 NotebookApp] Saving file at /dubly linked linked.ipynb
[I 07:53:27.431 NotebookApp] Saving file at /dubly linked linked.ipynb
[I 07:54:21.387 NotebookApp] Saving file at /simple linked list.ipynb
[E 07:55:00.636 NotebookApp] Exception restarting kernel
    Traceback (most recent call last):
      File "/srv/conda/envs/notebook/lib/python3.7/site-packages/notebook/services/kernels/handlers.py", line 83, in post
        yield maybe_future(km.restart_kernel(kernel_id))
      File "/srv/conda/envs/notebook/lib/python3.7/site-packages/tornado/gen.py", line 762, in run
        value = future.result()
      File "/srv/conda/envs/notebook/lib/python3.7/site-packages/notebook/services/kernels/kernelmanager.py", line 313, in restart_kernel
        self._check_kernel_id(kernel_id)
      File "/srv/conda/envs/notebook/lib/python3.7/site-packages/notebook/services/kernels/kernelmanager.py", line 394, in _check_kernel_id
        raise web.HTTPError(404, u'Kernel does not exist: %s' % kernel_id)
    tornado.web.HTTPError: HTTP 404: Not Found (Kernel does not exist: a94df36b-7a5b-4e5a-a053-5e892d869075)
[E 07:55:00.637 NotebookApp] {
      "Cookie": "username-hub-gke2-mybinder-org=\"2|1:0|10:1625034702|30:username-hub-gke2-mybinder-org|44:ZTZlYzZiOWMxNmM1NDNhY2I5OTkxZmUxYzFlYjZiMDQ=|cb7790b228ee47b372be48d6bbab1ce3164e020535ed93f04b4f7c413672163e\"; _xsrf=2|f1355816|e25cda1ef429e1afb3713b9f343ee17c|1624465543",
      "Accept-Language": "en-US,en;q=0.9",
      "Accept-Encoding": "gzip, deflate, br",
      "Referer": "https://hub.gke2.mybinder.org/user/shubhamsatyam54-ds-c--obsa40cs/notebooks/simple%20linked%20list.ipynb",
      "Sec-Fetch-Dest": "empty",
      "Sec-Fetch-Mode": "cors",
      "Sec-Fetch-Site": "same-origin",
      "Origin": "https://hub.gke2.mybinder.org",
      "User-Agent": "Mozilla/5.0 (Windows NT 10.0; Win64; x64) AppleWebKit/537.36 (KHTML, like Gecko) Chrome/91.0.4472.114 Safari/537.36 Edg/91.0.864.59",
      "Sec-Ch-Ua-Mobile": "?0",
      "X-Requested-With": "XMLHttpRequest",
      "X-Xsrftoken": "2|f1355816|e25cda1ef429e1afb3713b9f343ee17c|1624465543",
      "Accept": "application/json, text/javascript, */*; q=0.01",
      "Sec-Ch-Ua": "\" Not;A Brand\";v=\"99\", \"Microsoft Edge\";v=\"91\", \"Chromium\";v=\"91\"",
      "Content-Length": "0",
      "X-Scheme": "https",
      "X-Forwarded-Port": "443,80",
      "X-Forwarded-Host": "hub.gke2.mybinder.org",
      "X-Forwarded-Proto": "https,http",
      "X-Forwarded-For": "157.35.231.246,::ffff:10.0.14.6",
      "X-Real-Ip": "157.35.231.246",
      "X-Request-Id": "86a26344ef497515887a71db2c3192fe",
      "Host": "hub.gke2.mybinder.org",
      "Connection": "close"
    }
[E 07:55:00.637 NotebookApp] 500 POST /user/shubhamsatyam54-ds-c--obsa40cs/api/kernels/a94df36b-7a5b-4e5a-a053-5e892d869075/restart (157.35.231.246) 1.510000ms referer=https://hub.gke2.mybinder.org/user/shubhamsatyam54-ds-c--obsa40cs/notebooks/simple%20linked%20list.ipynb
[W 07:55:01.018 NotebookApp] 404 DELETE /user/shubhamsatyam54-ds-c--obsa40cs/api/sessions/885853b4-770a-438a-8e4b-56f79fb0f63e (157.35.231.246): Session not found: session_id='885853b4-770a-438a-8e4b-56f79fb0f63e'
[W 07:55:01.018 NotebookApp] Session not found: session_id='885853b4-770a-438a-8e4b-56f79fb0f63e'
[W 07:55:01.018 NotebookApp] 404 DELETE /user/shubhamsatyam54-ds-c--obsa40cs/api/sessions/885853b4-770a-438a-8e4b-56f79fb0f63e (157.35.231.246) 2.080000ms referer=https://hub.gke2.mybinder.org/user/shubhamsatyam54-ds-c--obsa40cs/notebooks/simple%20linked%20list.ipynb
[I 07:55:01.369 NotebookApp] Kernel started: c464a544-5a21-46ae-908f-da1d84262bdf, name: xcpp17
[I 07:56:21.427 NotebookApp] Saving file at /simple linked list.ipynb
[I 07:56:39.968 NotebookApp] Starting buffering for 85b42fdb-a27b-4d77-a669-6d9bd6a0798d:8e03ed8b1c68405cafe5192d4665ae4d
[I 07:56:40.103 NotebookApp] Kernel restarted: 85b42fdb-a27b-4d77-a669-6d9bd6a0798d
[I 07:56:41.114 NotebookApp] Restoring connection for 85b42fdb-a27b-4d77-a669-6d9bd6a0798d:8e03ed8b1c68405cafe5192d4665ae4d
[I 07:56:42.120 NotebookApp] Replaying 3 buffered messages
[I 07:57:22.991 NotebookApp] Starting buffering for 85b42fdb-a27b-4d77-a669-6d9bd6a0798d:8e03ed8b1c68405cafe5192d4665ae4d
[I 07:57:23.134 NotebookApp] Kernel restarted: 85b42fdb-a27b-4d77-a669-6d9bd6a0798d
[I 07:57:24.244 NotebookApp] Restoring connection for 85b42fdb-a27b-4d77-a669-6d9bd6a0798d:8e03ed8b1c68405cafe5192d4665ae4d
[I 07:57:25.250 NotebookApp] Replaying 3 buffered messages
[I 07:57:49.335 NotebookApp] New terminal with automatic name: 2
TermSocket.open: 2
TermSocket.open: Opened 2
[W 2021-06-30 18:36:01.034 LabApp] 'ip' has moved from NotebookApp to ServerApp. This config will be passed to ServerApp. Be sure to update your config before our next release.
[W 2021-06-30 18:36:01.034 LabApp] 'port' has moved from NotebookApp to ServerApp. This config will be passed to ServerApp. Be sure to update your config before our next release.
[W 2021-06-30 18:36:01.034 LabApp] 'base_url' has moved from NotebookApp to ServerApp. This config will be passed to ServerApp. Be sure to update your config before our next release.
[W 2021-06-30 18:36:01.034 LabApp] 'token' has moved from NotebookApp to ServerApp. This config will be passed to ServerApp. Be sure to update your config before our next release.
[W 2021-06-30 18:36:01.034 LabApp] 'trust_xheaders' has moved from NotebookApp to ServerApp. This config will be passed to ServerApp. Be sure to update your config before our next release.
[W 2021-06-30 18:36:01.034 LabApp] 'allow_origin' has moved from NotebookApp to ServerApp. This config will be passed to ServerApp. Be sure to update your config before our next release.
[W 2021-06-30 18:36:01.034 LabApp] 'allow_origin_pat' has moved from NotebookApp to ServerApp. This config will be passed to ServerApp. Be sure to update your config before our next release.
[W 2021-06-30 18:36:01.034 LabApp] 'extra_template_paths' was found in both NotebookApp and ServerApp. This is likely a recent change. This config will only be set in NotebookApp. Please check if you should also config these traits in ServerApp for your purpose.
[W 2021-06-30 18:36:01.034 LabApp] 'jinja_template_vars' was found in both NotebookApp and ServerApp. This is likely a recent change. This config will only be set in NotebookApp. Please check if you should also config these traits in ServerApp for your purpose.
[W 2021-06-30 18:36:01.034 LabApp] 'shutdown_no_activity_timeout' has moved from NotebookApp to ServerApp. This config will be passed to ServerApp. Be sure to update your config before our next release.
[W 2021-06-30 18:36:01.034 LabApp] 'tornado_settings' has moved from NotebookApp to ServerApp. This config will be passed to ServerApp. Be sure to update your config before our next release.
[W 2021-06-30 18:36:01.034 LabApp] 'tornado_settings' has moved from NotebookApp to ServerApp. This config will be passed to ServerApp. Be sure to update your config before our next release.
[I 2021-06-30 18:36:01.044 LabApp] JupyterLab extension loaded from /srv/conda/envs/notebook/lib/python3.7/site-packages/jupyterlab
[I 2021-06-30 18:36:01.044 LabApp] JupyterLab application directory is /srv/conda/envs/notebook/share/jupyter/lab
[I 18:36:01.053 NotebookApp] nteract extension loaded from /srv/conda/envs/notebook/lib/python3.7/site-packages/nteract_on_jupyter
[I 18:36:01.055 NotebookApp] Will shut down after 600 seconds with no kernels or terminals.
[I 18:36:01.056 NotebookApp] Serving notebooks from local directory: /home/jovyan
[I 18:36:01.056 NotebookApp] Jupyter Notebook 6.2.0 is running at:
[I 18:36:01.056 NotebookApp] http://jupyter-shubhamsatyam54-2dds-2dc-2d-2dq6j9lr0t:8888/user/shubhamsatyam54-ds-c--q6j9lr0t/?token=...
[I 18:36:01.056 NotebookApp]  or http://127.0.0.1:8888/user/shubhamsatyam54-ds-c--q6j9lr0t/?token=...
[I 18:36:01.056 NotebookApp] Use Control-C to stop this server and shut down all kernels (twice to skip confirmation).
[W 18:36:01.061 NotebookApp] No web browser found: could not locate runnable browser.
[I 18:36:01.064 NotebookApp] 302 GET /user/shubhamsatyam54-ds-c--q6j9lr0t/ (10.0.5.20) 1.270000ms
[I 18:36:04.100 NotebookApp] 302 GET /user/shubhamsatyam54-ds-c--q6j9lr0t/?token=CaWztRrIS-iEA-cfE7sIeA (47.9.216.110) 1.000000ms
[I 18:36:19.579 NotebookApp] Kernel started: c0952356-cd1a-45db-b196-1a70697c74fb, name: xcpp17
[I 18:36:19.580 NotebookApp] Culling kernels with idle durations > 600 seconds at 60 second intervals ...
[I 18:36:19.580 NotebookApp] Culling kernels even with connected clients
[I 18:38:20.026 NotebookApp] Saving file at /simple linked list.ipynb
[W 18:38:34.245 NotebookApp] Notebook dubly linked linked.ipynb is not trusted
[I 18:38:34.764 NotebookApp] Kernel started: c8df2210-3951-4ada-96bf-478dda5e0100, name: xcpp17
[W 18:38:56.867 NotebookApp] Notebook simple linked list.ipynb is not trusted
[I 18:42:19.979 NotebookApp] Saving file at /simple linked list.ipynb
[I 18:44:20.290 NotebookApp] Saving file at /simple linked list.ipynb
[I 18:46:20.070 NotebookApp] Saving file at /simple linked list.ipynb
[I 18:46:35.648 NotebookApp] Starting buffering for c0952356-cd1a-45db-b196-1a70697c74fb:1b3fe0c79acb4b2689da50cd007ceb34
[I 18:46:35.780 NotebookApp] Kernel restarted: c0952356-cd1a-45db-b196-1a70697c74fb
[I 18:46:37.223 NotebookApp] Restoring connection for c0952356-cd1a-45db-b196-1a70697c74fb:1b3fe0c79acb4b2689da50cd007ceb34
[I 18:46:37.729 NotebookApp] Replaying 3 buffered messages
[I 18:48:20.619 NotebookApp] Saving file at /simple linked list.ipynb
[I 18:48:35.140 NotebookApp] Saving file at /dubly linked linked.ipynb
[W 18:48:35.140 NotebookApp] Notebook dubly linked linked.ipynb is not trusted
[W 18:49:19.581 NotebookApp] Culling 'idle' kernel 'xcpp17' (c8df2210-3951-4ada-96bf-478dda5e0100) with 1 connections due to 642 seconds of inactivity.
[I 18:49:19.582 NotebookApp] Kernel shutdown: c8df2210-3951-4ada-96bf-478dda5e0100
[E 18:49:56.881 NotebookApp] Exception restarting kernel
    Traceback (most recent call last):
      File "/srv/conda/envs/notebook/lib/python3.7/site-packages/notebook/services/kernels/handlers.py", line 83, in post
        yield maybe_future(km.restart_kernel(kernel_id))
      File "/srv/conda/envs/notebook/lib/python3.7/site-packages/tornado/gen.py", line 762, in run
        value = future.result()
      File "/srv/conda/envs/notebook/lib/python3.7/site-packages/notebook/services/kernels/kernelmanager.py", line 313, in restart_kernel
        self._check_kernel_id(kernel_id)
      File "/srv/conda/envs/notebook/lib/python3.7/site-packages/notebook/services/kernels/kernelmanager.py", line 394, in _check_kernel_id
        raise web.HTTPError(404, u'Kernel does not exist: %s' % kernel_id)
    tornado.web.HTTPError: HTTP 404: Not Found (Kernel does not exist: c8df2210-3951-4ada-96bf-478dda5e0100)
[E 18:49:56.887 NotebookApp] {
      "Cookie": "username-hub-gke2-mybinder-org=\"2|1:0|10:1625078164|30:username-hub-gke2-mybinder-org|44:OGFhZTJhMGMwMmRlNDZhNGEwMTI4NGVmZmJlZGVmMzg=|ecb00960ddc68147d47f36a185c223804c6f30361cb616cb8aad6e0e1f1f9b62\"; _xsrf=2|f1355816|e25cda1ef429e1afb3713b9f343ee17c|1624465543",
      "Accept-Language": "en-US,en;q=0.9",
      "Accept-Encoding": "gzip, deflate, br",
      "Referer": "https://hub.gke2.mybinder.org/user/shubhamsatyam54-ds-c--q6j9lr0t/notebooks/dubly%20linked%20linked.ipynb",
      "Sec-Fetch-Dest": "empty",
      "Sec-Fetch-Mode": "cors",
      "Sec-Fetch-Site": "same-origin",
      "Origin": "https://hub.gke2.mybinder.org",
      "User-Agent": "Mozilla/5.0 (Windows NT 10.0; Win64; x64) AppleWebKit/537.36 (KHTML, like Gecko) Chrome/91.0.4472.114 Safari/537.36 Edg/91.0.864.59",
      "Sec-Ch-Ua-Mobile": "?0",
      "X-Requested-With": "XMLHttpRequest",
      "X-Xsrftoken": "2|f1355816|e25cda1ef429e1afb3713b9f343ee17c|1624465543",
      "Accept": "application/json, text/javascript, */*; q=0.01",
      "Sec-Ch-Ua": "\" Not;A Brand\";v=\"99\", \"Microsoft Edge\";v=\"91\", \"Chromium\";v=\"91\"",
      "Content-Length": "0",
      "X-Scheme": "https",
      "X-Forwarded-Port": "443,80",
      "X-Forwarded-Host": "hub.gke2.mybinder.org",
      "X-Forwarded-Proto": "https,http",
      "X-Forwarded-For": "47.9.216.110,::ffff:10.0.17.70",
      "X-Real-Ip": "47.9.216.110",
      "X-Request-Id": "42d71c998cc14f67883e4e39dc2e8943",
      "Host": "hub.gke2.mybinder.org",
      "Connection": "close"
    }
[E 18:49:56.887 NotebookApp] 500 POST /user/shubhamsatyam54-ds-c--q6j9lr0t/api/kernels/c8df2210-3951-4ada-96bf-478dda5e0100/restart (47.9.216.110) 6.250000ms referer=https://hub.gke2.mybinder.org/user/shubhamsatyam54-ds-c--q6j9lr0t/notebooks/dubly%20linked%20linked.ipynb
[W 18:49:57.270 NotebookApp] 410 DELETE /user/shubhamsatyam54-ds-c--q6j9lr0t/api/sessions/49f8380d-b506-490c-b9aa-85562940ed75 (47.9.216.110): Kernel deleted before session
[W 18:49:57.270 NotebookApp] Kernel deleted before session
[W 18:49:57.271 NotebookApp] 410 DELETE /user/shubhamsatyam54-ds-c--q6j9lr0t/api/sessions/49f8380d-b506-490c-b9aa-85562940ed75 (47.9.216.110) 2.560000ms referer=https://hub.gke2.mybinder.org/user/shubhamsatyam54-ds-c--q6j9lr0t/notebooks/dubly%20linked%20linked.ipynb
[I 18:49:57.857 NotebookApp] Kernel started: 871f1ca4-da61-41a4-a54b-610666932881, name: xcpp17
[I 18:50:35.625 NotebookApp] Saving file at /dubly linked linked.ipynb
[W 18:50:35.626 NotebookApp] Notebook dubly linked linked.ipynb is not trusted
[I 18:52:35.324 NotebookApp] Saving file at /dubly linked linked.ipynb
[I 18:53:15.819 NotebookApp] Starting buffering for 871f1ca4-da61-41a4-a54b-610666932881:7caec23082a54cd289860bf4b6cd4f5b
[I 18:53:15.950 NotebookApp] Kernel restarted: 871f1ca4-da61-41a4-a54b-610666932881
[I 18:53:17.222 NotebookApp] Restoring connection for 871f1ca4-da61-41a4-a54b-610666932881:7caec23082a54cd289860bf4b6cd4f5b
[I 18:53:18.737 NotebookApp] Replaying 3 buffered messages
[W 18:53:55.358 NotebookApp] Notebook simple linked list.ipynb is not trusted
[I 18:54:35.645 NotebookApp] Saving file at /dubly linked linked.ipynb
[W 18:54:49.864 NotebookApp] Notebook dubly linked linked.ipynb is not trusted
[W 18:57:19.582 NotebookApp] Culling 'idle' kernel 'xcpp17' (c0952356-cd1a-45db-b196-1a70697c74fb) with 1 connections due to 641 seconds of inactivity.
[I 18:57:19.582 NotebookApp] Kernel shutdown: c0952356-cd1a-45db-b196-1a70697c74fb
[I 19:01:16.586 NotebookApp] New terminal with automatic name: 1
TermSocket.open: 1
TermSocket.open: Opened 1
[I 19:01:27.745 NotebookApp] Creating new directory in 
[W 19:01:46.188 NotebookApp] delete /Untitled Folder
[W 2021-07-02 05:21:33.265 LabApp] 'ip' has moved from NotebookApp to ServerApp. This config will be passed to ServerApp. Be sure to update your config before our next release.
[W 2021-07-02 05:21:33.265 LabApp] 'port' has moved from NotebookApp to ServerApp. This config will be passed to ServerApp. Be sure to update your config before our next release.
[W 2021-07-02 05:21:33.265 LabApp] 'base_url' has moved from NotebookApp to ServerApp. This config will be passed to ServerApp. Be sure to update your config before our next release.
[W 2021-07-02 05:21:33.265 LabApp] 'token' has moved from NotebookApp to ServerApp. This config will be passed to ServerApp. Be sure to update your config before our next release.
[W 2021-07-02 05:21:33.265 LabApp] 'trust_xheaders' has moved from NotebookApp to ServerApp. This config will be passed to ServerApp. Be sure to update your config before our next release.
[W 2021-07-02 05:21:33.265 LabApp] 'allow_origin' has moved from NotebookApp to ServerApp. This config will be passed to ServerApp. Be sure to update your config before our next release.
[W 2021-07-02 05:21:33.265 LabApp] 'allow_origin_pat' has moved from NotebookApp to ServerApp. This config will be passed to ServerApp. Be sure to update your config before our next release.
[W 2021-07-02 05:21:33.266 LabApp] 'extra_template_paths' was found in both NotebookApp and ServerApp. This is likely a recent change. This config will only be set in NotebookApp. Please check if you should also config these traits in ServerApp for your purpose.
[W 2021-07-02 05:21:33.266 LabApp] 'jinja_template_vars' was found in both NotebookApp and ServerApp. This is likely a recent change. This config will only be set in NotebookApp. Please check if you should also config these traits in ServerApp for your purpose.
[W 2021-07-02 05:21:33.266 LabApp] 'shutdown_no_activity_timeout' has moved from NotebookApp to ServerApp. This config will be passed to ServerApp. Be sure to update your config before our next release.
[W 2021-07-02 05:21:33.266 LabApp] 'tornado_settings' has moved from NotebookApp to ServerApp. This config will be passed to ServerApp. Be sure to update your config before our next release.
[W 2021-07-02 05:21:33.266 LabApp] 'tornado_settings' has moved from NotebookApp to ServerApp. This config will be passed to ServerApp. Be sure to update your config before our next release.
[I 2021-07-02 05:21:33.276 LabApp] JupyterLab extension loaded from /srv/conda/envs/notebook/lib/python3.7/site-packages/jupyterlab
[I 2021-07-02 05:21:33.276 LabApp] JupyterLab application directory is /srv/conda/envs/notebook/share/jupyter/lab
[I 05:21:33.285 NotebookApp] nteract extension loaded from /srv/conda/envs/notebook/lib/python3.7/site-packages/nteract_on_jupyter
[I 05:21:33.287 NotebookApp] Will shut down after 600 seconds with no kernels or terminals.
[I 05:21:33.287 NotebookApp] Serving notebooks from local directory: /home/jovyan
[I 05:21:33.287 NotebookApp] Jupyter Notebook 6.2.0 is running at:
[I 05:21:33.287 NotebookApp] http://jupyter-shubhamsatyam54-2dds-2dc-2d-2d1frmk413:8888/user/shubhamsatyam54-ds-c--1frmk413/?token=...
[I 05:21:33.287 NotebookApp]  or http://127.0.0.1:8888/user/shubhamsatyam54-ds-c--1frmk413/?token=...
[I 05:21:33.287 NotebookApp] Use Control-C to stop this server and shut down all kernels (twice to skip confirmation).
[W 05:21:33.291 NotebookApp] No web browser found: could not locate runnable browser.
[I 05:21:33.960 NotebookApp] 302 GET /user/shubhamsatyam54-ds-c--1frmk413/ (10.2.1.116) 1.170000ms
[I 05:21:41.125 NotebookApp] 302 GET /user/shubhamsatyam54-ds-c--1frmk413/?token=dg4LRKqaRRSEx0t7L0zh5g (106.67.107.83) 1.180000ms
[I 05:21:48.984 NotebookApp] Creating new notebook in 
[I 05:21:53.619 NotebookApp] Kernel started: 9b666ff6-87ff-4542-a75c-e5bb95ed7839, name: xcpp17
[I 05:21:53.619 NotebookApp] Culling kernels with idle durations > 600 seconds at 60 second intervals ...
[I 05:21:53.619 NotebookApp] Culling kernels even with connected clients
[W 05:22:20.467 NotebookApp] Notebook dubly linked linked.ipynb is not trusted
[I 05:22:20.991 NotebookApp] Kernel started: 822629e0-b9e3-4686-b6ab-5d5ec93374f0, name: xcpp17
[I 05:23:53.813 NotebookApp] Saving file at /Binary Search Tree.ipynb
[I 05:25:53.799 NotebookApp] Saving file at /Binary Search Tree.ipynb
[I 05:27:53.804 NotebookApp] Saving file at /Binary Search Tree.ipynb
[I 05:29:53.803 NotebookApp] Saving file at /Binary Search Tree.ipynb
[I 05:31:53.801 NotebookApp] Saving file at /Binary Search Tree.ipynb
[W 05:32:53.620 NotebookApp] Culling 'idle' kernel 'xcpp17' (822629e0-b9e3-4686-b6ab-5d5ec93374f0) with 1 connections due to 630 seconds of inactivity.
[I 05:32:53.621 NotebookApp] Kernel shutdown: 822629e0-b9e3-4686-b6ab-5d5ec93374f0
[I 05:33:53.811 NotebookApp] Saving file at /Binary Search Tree.ipynb
[I 05:35:53.814 NotebookApp] Saving file at /Binary Search Tree.ipynb
[I 05:37:54.500 NotebookApp] Saving file at /Binary Search Tree.ipynb
[I 05:39:54.449 NotebookApp] Saving file at /Binary Search Tree.ipynb
[E 05:43:41.341 NotebookApp] Exception restarting kernel
    Traceback (most recent call last):
      File "/srv/conda/envs/notebook/lib/python3.7/site-packages/notebook/services/kernels/handlers.py", line 83, in post
        yield maybe_future(km.restart_kernel(kernel_id))
      File "/srv/conda/envs/notebook/lib/python3.7/site-packages/tornado/gen.py", line 762, in run
        value = future.result()
      File "/srv/conda/envs/notebook/lib/python3.7/site-packages/notebook/services/kernels/kernelmanager.py", line 313, in restart_kernel
        self._check_kernel_id(kernel_id)
      File "/srv/conda/envs/notebook/lib/python3.7/site-packages/notebook/services/kernels/kernelmanager.py", line 394, in _check_kernel_id
        raise web.HTTPError(404, u'Kernel does not exist: %s' % kernel_id)
    tornado.web.HTTPError: HTTP 404: Not Found (Kernel does not exist: 822629e0-b9e3-4686-b6ab-5d5ec93374f0)
[E 05:43:41.344 NotebookApp] {
      "Cookie": "username-hub-binder-mybinder-ovh=\"2|1:0|10:1625203301|32:username-hub-binder-mybinder-ovh|44:MzJkNjM3ZjQyMTIwNGVlNmFkZGQ0Yzk1YmZhMTI5ZjA=|03058d945477351aaea3399da20d73d1d463bf69b36e488643649d0b9defb443\"; _xsrf=2|425c2add|0f42f9ab12b9671363484b370e127ee8|1624508557",
      "Accept-Language": "en-US,en;q=0.9",
      "Accept-Encoding": "gzip, deflate, br",
      "Referer": "https://hub-binder.mybinder.ovh/user/shubhamsatyam54-ds-c--1frmk413/notebooks/dubly%20linked%20linked.ipynb",
      "Sec-Fetch-Dest": "empty",
      "Sec-Fetch-Mode": "cors",
      "Sec-Fetch-Site": "same-origin",
      "Origin": "https://hub-binder.mybinder.ovh",
      "User-Agent": "Mozilla/5.0 (Windows NT 10.0; Win64; x64) AppleWebKit/537.36 (KHTML, like Gecko) Chrome/91.0.4472.114 Safari/537.36 Edg/91.0.864.59",
      "Sec-Ch-Ua-Mobile": "?0",
      "X-Requested-With": "XMLHttpRequest",
      "X-Xsrftoken": "2|425c2add|0f42f9ab12b9671363484b370e127ee8|1624508557",
      "Accept": "application/json, text/javascript, */*; q=0.01",
      "Sec-Ch-Ua": "\" Not;A Brand\";v=\"99\", \"Microsoft Edge\";v=\"91\", \"Chromium\";v=\"91\"",
      "Content-Length": "0",
      "X-Scheme": "https",
      "X-Forwarded-Port": "443,80",
      "X-Forwarded-Host": "hub-binder.mybinder.ovh",
      "X-Forwarded-Proto": "https,http",
      "X-Forwarded-For": "106.67.107.83,::ffff:10.2.0.0",
      "X-Real-Ip": "106.67.107.83",
      "X-Request-Id": "fa2a846befc17a20161ba1fb6222ff4c",
      "Host": "hub-binder.mybinder.ovh",
      "Connection": "close"
    }
[E 05:43:41.344 NotebookApp] 500 POST /user/shubhamsatyam54-ds-c--1frmk413/api/kernels/822629e0-b9e3-4686-b6ab-5d5ec93374f0/restart (106.67.107.83) 3.410000ms referer=https://hub-binder.mybinder.ovh/user/shubhamsatyam54-ds-c--1frmk413/notebooks/dubly%20linked%20linked.ipynb
[W 05:43:41.570 NotebookApp] 410 DELETE /user/shubhamsatyam54-ds-c--1frmk413/api/sessions/a69df435-0c19-4be4-9760-160cca2c8ef5 (106.67.107.83): Kernel deleted before session
[W 05:43:41.571 NotebookApp] Kernel deleted before session
[W 05:43:41.572 NotebookApp] 410 DELETE /user/shubhamsatyam54-ds-c--1frmk413/api/sessions/a69df435-0c19-4be4-9760-160cca2c8ef5 (106.67.107.83) 3.310000ms referer=https://hub-binder.mybinder.ovh/user/shubhamsatyam54-ds-c--1frmk413/notebooks/dubly%20linked%20linked.ipynb
[I 05:43:41.817 NotebookApp] Kernel started: 46212b70-eba8-4981-a4cd-07077147438e, name: xcpp17
[I 05:43:54.458 NotebookApp] Saving file at /Binary Search Tree.ipynb
[I 05:44:21.211 NotebookApp] Saving file at /dubly linked linked.ipynb
[W 05:44:21.212 NotebookApp] Notebook dubly linked linked.ipynb is not trusted
[I 05:45:53.801 NotebookApp] Saving file at /Binary Search Tree.ipynb
[I 05:46:21.463 NotebookApp] Saving file at /dubly linked linked.ipynb
[W 05:46:21.464 NotebookApp] Notebook dubly linked linked.ipynb is not trusted
[I 05:47:54.293 NotebookApp] Saving file at /Binary Search Tree.ipynb
[I 05:49:54.496 NotebookApp] Saving file at /Binary Search Tree.ipynb
[I 05:53:53.789 NotebookApp] Saving file at /Binary Search Tree.ipynb
[W 05:54:53.620 NotebookApp] Culling 'idle' kernel 'xcpp17' (46212b70-eba8-4981-a4cd-07077147438e) with 1 connections due to 605 seconds of inactivity.
[I 05:54:53.621 NotebookApp] Kernel shutdown: 46212b70-eba8-4981-a4cd-07077147438e
[I 05:55:54.851 NotebookApp] Saving file at /Binary Search Tree.ipynb
[I 05:57:54.190 NotebookApp] Saving file at /Binary Search Tree.ipynb
[I 06:00:02.967 NotebookApp] Saving file at /Binary Search Tree.ipynb
[I 06:01:54.577 NotebookApp] Saving file at /Binary Search Tree.ipynb
[I 06:03:53.872 NotebookApp] Saving file at /Binary Search Tree.ipynb
[I 06:05:54.510 NotebookApp] Saving file at /Binary Search Tree.ipynb
[I 06:07:54.536 NotebookApp] Saving file at /Binary Search Tree.ipynb
[I 06:09:53.863 NotebookApp] Saving file at /Binary Search Tree.ipynb
[I 06:11:54.532 NotebookApp] Saving file at /Binary Search Tree.ipynb
[I 06:13:53.867 NotebookApp] Saving file at /Binary Search Tree.ipynb
[I 06:15:53.873 NotebookApp] Saving file at /Binary Search Tree.ipynb
[I 06:17:53.890 NotebookApp] Saving file at /Binary Search Tree.ipynb
[I 06:19:54.702 NotebookApp] Saving file at /Binary Search Tree.ipynb
[I 06:21:54.691 NotebookApp] Saving file at /Binary Search Tree.ipynb
[I 06:23:54.541 NotebookApp] Saving file at /Binary Search Tree.ipynb
[I 06:25:54.509 NotebookApp] Saving file at /Binary Search Tree.ipynb
[I 06:28:04.913 NotebookApp] Starting buffering for 9b666ff6-87ff-4542-a75c-e5bb95ed7839:3d6b38b904c14fd08551667e977c7ec6
[I 06:28:05.040 NotebookApp] Kernel restarted: 9b666ff6-87ff-4542-a75c-e5bb95ed7839
[I 06:28:06.824 NotebookApp] Restoring connection for 9b666ff6-87ff-4542-a75c-e5bb95ed7839:3d6b38b904c14fd08551667e977c7ec6
[I 06:28:07.332 NotebookApp] Replaying 3 buffered messages
[I 06:28:20.216 NotebookApp] Saving file at /Binary Search Tree.ipynb
[W 06:28:20.575 NotebookApp] Notebook Binary Search Tree.ipynb is not trusted
[I 06:37:53.930 NotebookApp] Saving file at /Binary Search Tree.ipynb
[I 06:39:13.300 NotebookApp] Starting buffering for 9b666ff6-87ff-4542-a75c-e5bb95ed7839:3d6b38b904c14fd08551667e977c7ec6
[I 06:39:18.001 NotebookApp] Kernel restarted: 9b666ff6-87ff-4542-a75c-e5bb95ed7839
[I 06:39:19.043 NotebookApp] New terminal with automatic name: 1
[I 06:39:20.716 NotebookApp] Restoring connection for 9b666ff6-87ff-4542-a75c-e5bb95ed7839:3d6b38b904c14fd08551667e977c7ec6
[I 06:39:22.227 NotebookApp] Replaying 21 buffered messages
TermSocket.open: 1
TermSocket.open: Opened 1
